ERROR - 2025-06-16 05:08:54 --> Error connecting to the database: ErrorException: mysqli::real_connect(): Error while reading greeting packet. PID=3043839 in /home/u324612448/domains/karaaqua.com/public_html/system/Database/MySQLi/Connection.php:186
Stack trace:
#0 [internal function]: CodeIgniter\Debug\Exceptions->errorHandler()
#1 /home/u324612448/domains/karaaqua.com/public_html/system/Database/MySQLi/Connection.php(186): mysqli->real_connect()
#2 /home/u324612448/domains/karaaqua.com/public_html/system/Database/BaseConnection.php(421): CodeIgniter\Database\MySQLi\Connection->connect()
#3 /home/u324612448/domains/karaaqua.com/public_html/system/Database/BaseConnection.php(616): CodeIgniter\Database\BaseConnection->initialize()
#4 /home/u324612448/domains/karaaqua.com/public_html/system/Database/BaseBuilder.php(1636): CodeIgniter\Database\BaseConnection->query()
#5 /home/u324612448/domains/karaaqua.com/public_html/app/Models/HomeModel.php(52): CodeIgniter\Database\BaseBuilder->get()
#6 /home/u324612448/domains/karaaqua.com/public_html/app/Controllers/Home.php(457): App\Models\HomeModel->productBySlug()
#7 /home/u324612448/domains/karaaqua.com/public_html/system/CodeIgniter.php(933): App\Controllers\Home->productDetails()
#8 /home/u324612448/domains/karaaqua.com/public_html/system/CodeIgniter.php(509): CodeIgniter\CodeIgniter->runController()
#9 /home/u324612448/domains/karaaqua.com/public_html/system/CodeIgniter.php(355): CodeIgniter\CodeIgniter->handleRequest()
#10 /home/u324612448/domains/karaaqua.com/public_html/system/Boot.php(325): CodeIgniter\CodeIgniter->run()
#11 /home/u324612448/domains/karaaqua.com/public_html/system/Boot.php(67): CodeIgniter\Boot::runCodeIgniter()
#12 /home/u324612448/domains/karaaqua.com/public_html/index.php(56): CodeIgniter\Boot::bootWeb()
#13 {main}

Next mysqli_sql_exception: MySQL server has gone away in /home/u324612448/domains/karaaqua.com/public_html/system/Database/MySQLi/Connection.php:186
Stack trace:
#0 /home/u324612448/domains/karaaqua.com/public_html/system/Database/MySQLi/Connection.php(186): mysqli->real_connect()
#1 /home/u324612448/domains/karaaqua.com/public_html/system/Database/BaseConnection.php(421): CodeIgniter\Database\MySQLi\Connection->connect()
#2 /home/u324612448/domains/karaaqua.com/public_html/system/Database/BaseConnection.php(616): CodeIgniter\Database\BaseConnection->initialize()
#3 /home/u324612448/domains/karaaqua.com/public_html/system/Database/BaseBuilder.php(1636): CodeIgniter\Database\BaseConnection->query()
#4 /home/u324612448/domains/karaaqua.com/public_html/app/Models/HomeModel.php(52): CodeIgniter\Database\BaseBuilder->get()
#5 /home/u324612448/domains/karaaqua.com/public_html/app/Controllers/Home.php(457): App\Models\HomeModel->productBySlug()
#6 /home/u324612448/domains/karaaqua.com/public_html/system/CodeIgniter.php(933): App\Controllers\Home->productDetails()
#7 /home/u324612448/domains/karaaqua.com/public_html/system/CodeIgniter.php(509): CodeIgniter\CodeIgniter->runController()
#8 /home/u324612448/domains/karaaqua.com/public_html/system/CodeIgniter.php(355): CodeIgniter\CodeIgniter->handleRequest()
#9 /home/u324612448/domains/karaaqua.com/public_html/system/Boot.php(325): CodeIgniter\CodeIgniter->run()
#10 /home/u324612448/domains/karaaqua.com/public_html/system/Boot.php(67): CodeIgniter\Boot::runCodeIgniter()
#11 /home/u324612448/domains/karaaqua.com/public_html/index.php(56): CodeIgniter\Boot::bootWeb()
#12 {main}

Next CodeIgniter\Database\Exceptions\DatabaseException: MySQL server has gone away in /home/u324612448/domains/karaaqua.com/public_html/system/Database/MySQLi/Connection.php:231
Stack trace:
#0 /home/u324612448/domains/karaaqua.com/public_html/system/Database/BaseConnection.php(421): CodeIgniter\Database\MySQLi\Connection->connect()
#1 /home/u324612448/domains/karaaqua.com/public_html/system/Database/BaseConnection.php(616): CodeIgniter\Database\BaseConnection->initialize()
#2 /home/u324612448/domains/karaaqua.com/public_html/system/Database/BaseBuilder.php(1636): CodeIgniter\Database\BaseConnection->query()
#3 /home/u324612448/domains/karaaqua.com/public_html/app/Models/HomeModel.php(52): CodeIgniter\Database\BaseBuilder->get()
#4 /home/u324612448/domains/karaaqua.com/public_html/app/Controllers/Home.php(457): App\Models\HomeModel->productBySlug()
#5 /home/u324612448/domains/karaaqua.com/public_html/system/CodeIgniter.php(933): App\Controllers\Home->productDetails()
#6 /home/u324612448/domains/karaaqua.com/public_html/system/CodeIgniter.php(509): CodeIgniter\CodeIgniter->runController()
#7 /home/u324612448/domains/karaaqua.com/public_html/system/CodeIgniter.php(355): CodeIgniter\CodeIgniter->handleRequest()
#8 /home/u324612448/domains/karaaqua.com/public_html/system/Boot.php(325): CodeIgniter\CodeIgniter->run()
#9 /home/u324612448/domains/karaaqua.com/public_html/system/Boot.php(67): CodeIgniter\Boot::runCodeIgniter()
#10 /home/u324612448/domains/karaaqua.com/public_html/index.php(56): CodeIgniter\Boot::bootWeb()
#11 {main}
CRITICAL - 2025-06-16 05:08:54 --> CodeIgniter\Database\Exceptions\DatabaseException: Unable to connect to the database.
Main connection [MySQLi]: MySQL server has gone away
[Method: GET, Route: product/bottling-plant]
in SYSTEMPATH/Database/BaseConnection.php on line 467.
 1 SYSTEMPATH/Database/BaseConnection.php(616): CodeIgniter\Database\BaseConnection->initialize()
 2 SYSTEMPATH/Database/BaseBuilder.php(1636): CodeIgniter\Database\BaseConnection->query()
 3 APPPATH/Models/HomeModel.php(52): CodeIgniter\Database\BaseBuilder->get()
 4 APPPATH/Controllers/Home.php(457): App\Models\HomeModel->productBySlug()
 5 SYSTEMPATH/CodeIgniter.php(933): App\Controllers\Home->productDetails()
 6 SYSTEMPATH/CodeIgniter.php(509): CodeIgniter\CodeIgniter->runController()
 7 SYSTEMPATH/CodeIgniter.php(355): CodeIgniter\CodeIgniter->handleRequest()
 8 SYSTEMPATH/Boot.php(325): CodeIgniter\CodeIgniter->run()
 9 SYSTEMPATH/Boot.php(67): CodeIgniter\Boot::runCodeIgniter()
10 FCPATH/index.php(56): CodeIgniter\Boot::bootWeb()
ERROR - 2025-06-16 12:02:15 --> Error connecting to the database: ErrorException: mysqli::real_connect(): Error while reading greeting packet. PID=3213358 in /home/u324612448/domains/karaaqua.com/public_html/system/Database/MySQLi/Connection.php:186
Stack trace:
#0 [internal function]: CodeIgniter\Debug\Exceptions->errorHandler()
#1 /home/u324612448/domains/karaaqua.com/public_html/system/Database/MySQLi/Connection.php(186): mysqli->real_connect()
#2 /home/u324612448/domains/karaaqua.com/public_html/system/Database/BaseConnection.php(421): CodeIgniter\Database\MySQLi\Connection->connect()
#3 /home/u324612448/domains/karaaqua.com/public_html/system/Database/BaseConnection.php(616): CodeIgniter\Database\BaseConnection->initialize()
#4 /home/u324612448/domains/karaaqua.com/public_html/system/Database/BaseBuilder.php(1636): CodeIgniter\Database\BaseConnection->query()
#5 /home/u324612448/domains/karaaqua.com/public_html/app/Models/HomeModel.php(45): CodeIgniter\Database\BaseBuilder->get()
#6 /home/u324612448/domains/karaaqua.com/public_html/app/Controllers/Home.php(24): App\Models\HomeModel->productList()
#7 /home/u324612448/domains/karaaqua.com/public_html/system/CodeIgniter.php(933): App\Controllers\Home->index()
#8 /home/u324612448/domains/karaaqua.com/public_html/system/CodeIgniter.php(509): CodeIgniter\CodeIgniter->runController()
#9 /home/u324612448/domains/karaaqua.com/public_html/system/CodeIgniter.php(355): CodeIgniter\CodeIgniter->handleRequest()
#10 /home/u324612448/domains/karaaqua.com/public_html/system/Boot.php(325): CodeIgniter\CodeIgniter->run()
#11 /home/u324612448/domains/karaaqua.com/public_html/system/Boot.php(67): CodeIgniter\Boot::runCodeIgniter()
#12 /home/u324612448/domains/karaaqua.com/public_html/index.php(56): CodeIgniter\Boot::bootWeb()
#13 {main}

Next mysqli_sql_exception: MySQL server has gone away in /home/u324612448/domains/karaaqua.com/public_html/system/Database/MySQLi/Connection.php:186
Stack trace:
#0 /home/u324612448/domains/karaaqua.com/public_html/system/Database/MySQLi/Connection.php(186): mysqli->real_connect()
#1 /home/u324612448/domains/karaaqua.com/public_html/system/Database/BaseConnection.php(421): CodeIgniter\Database\MySQLi\Connection->connect()
#2 /home/u324612448/domains/karaaqua.com/public_html/system/Database/BaseConnection.php(616): CodeIgniter\Database\BaseConnection->initialize()
#3 /home/u324612448/domains/karaaqua.com/public_html/system/Database/BaseBuilder.php(1636): CodeIgniter\Database\BaseConnection->query()
#4 /home/u324612448/domains/karaaqua.com/public_html/app/Models/HomeModel.php(45): CodeIgniter\Database\BaseBuilder->get()
#5 /home/u324612448/domains/karaaqua.com/public_html/app/Controllers/Home.php(24): App\Models\HomeModel->productList()
#6 /home/u324612448/domains/karaaqua.com/public_html/system/CodeIgniter.php(933): App\Controllers\Home->index()
#7 /home/u324612448/domains/karaaqua.com/public_html/system/CodeIgniter.php(509): CodeIgniter\CodeIgniter->runController()
#8 /home/u324612448/domains/karaaqua.com/public_html/system/CodeIgniter.php(355): CodeIgniter\CodeIgniter->handleRequest()
#9 /home/u324612448/domains/karaaqua.com/public_html/system/Boot.php(325): CodeIgniter\CodeIgniter->run()
#10 /home/u324612448/domains/karaaqua.com/public_html/system/Boot.php(67): CodeIgniter\Boot::runCodeIgniter()
#11 /home/u324612448/domains/karaaqua.com/public_html/index.php(56): CodeIgniter\Boot::bootWeb()
#12 {main}

Next CodeIgniter\Database\Exceptions\DatabaseException: MySQL server has gone away in /home/u324612448/domains/karaaqua.com/public_html/system/Database/MySQLi/Connection.php:231
Stack trace:
#0 /home/u324612448/domains/karaaqua.com/public_html/system/Database/BaseConnection.php(421): CodeIgniter\Database\MySQLi\Connection->connect()
#1 /home/u324612448/domains/karaaqua.com/public_html/system/Database/BaseConnection.php(616): CodeIgniter\Database\BaseConnection->initialize()
#2 /home/u324612448/domains/karaaqua.com/public_html/system/Database/BaseBuilder.php(1636): CodeIgniter\Database\BaseConnection->query()
#3 /home/u324612448/domains/karaaqua.com/public_html/app/Models/HomeModel.php(45): CodeIgniter\Database\BaseBuilder->get()
#4 /home/u324612448/domains/karaaqua.com/public_html/app/Controllers/Home.php(24): App\Models\HomeModel->productList()
#5 /home/u324612448/domains/karaaqua.com/public_html/system/CodeIgniter.php(933): App\Controllers\Home->index()
#6 /home/u324612448/domains/karaaqua.com/public_html/system/CodeIgniter.php(509): CodeIgniter\CodeIgniter->runController()
#7 /home/u324612448/domains/karaaqua.com/public_html/system/CodeIgniter.php(355): CodeIgniter\CodeIgniter->handleRequest()
#8 /home/u324612448/domains/karaaqua.com/public_html/system/Boot.php(325): CodeIgniter\CodeIgniter->run()
#9 /home/u324612448/domains/karaaqua.com/public_html/system/Boot.php(67): CodeIgniter\Boot::runCodeIgniter()
#10 /home/u324612448/domains/karaaqua.com/public_html/index.php(56): CodeIgniter\Boot::bootWeb()
#11 {main}
CRITICAL - 2025-06-16 12:02:15 --> CodeIgniter\Database\Exceptions\DatabaseException: Unable to connect to the database.
Main connection [MySQLi]: MySQL server has gone away
[Method: GET, Route: /]
in SYSTEMPATH/Database/BaseConnection.php on line 467.
 1 SYSTEMPATH/Database/BaseConnection.php(616): CodeIgniter\Database\BaseConnection->initialize()
 2 SYSTEMPATH/Database/BaseBuilder.php(1636): CodeIgniter\Database\BaseConnection->query()
 3 APPPATH/Models/HomeModel.php(45): CodeIgniter\Database\BaseBuilder->get()
 4 APPPATH/Controllers/Home.php(24): App\Models\HomeModel->productList()
 5 SYSTEMPATH/CodeIgniter.php(933): App\Controllers\Home->index()
 6 SYSTEMPATH/CodeIgniter.php(509): CodeIgniter\CodeIgniter->runController()
 7 SYSTEMPATH/CodeIgniter.php(355): CodeIgniter\CodeIgniter->handleRequest()
 8 SYSTEMPATH/Boot.php(325): CodeIgniter\CodeIgniter->run()
 9 SYSTEMPATH/Boot.php(67): CodeIgniter\Boot::runCodeIgniter()
10 FCPATH/index.php(56): CodeIgniter\Boot::bootWeb()
ERROR - 2025-06-16 12:03:54 --> Error connecting to the database: ErrorException: mysqli::real_connect(): Error while reading greeting packet. PID=3348116 in /home/u324612448/domains/karaaqua.com/public_html/system/Database/MySQLi/Connection.php:186
Stack trace:
#0 [internal function]: CodeIgniter\Debug\Exceptions->errorHandler()
#1 /home/u324612448/domains/karaaqua.com/public_html/system/Database/MySQLi/Connection.php(186): mysqli->real_connect()
#2 /home/u324612448/domains/karaaqua.com/public_html/system/Database/BaseConnection.php(421): CodeIgniter\Database\MySQLi\Connection->connect()
#3 /home/u324612448/domains/karaaqua.com/public_html/system/Database/BaseConnection.php(616): CodeIgniter\Database\BaseConnection->initialize()
#4 /home/u324612448/domains/karaaqua.com/public_html/system/Database/BaseBuilder.php(1636): CodeIgniter\Database\BaseConnection->query()
#5 /home/u324612448/domains/karaaqua.com/public_html/app/Models/HomeModel.php(45): CodeIgniter\Database\BaseBuilder->get()
#6 /home/u324612448/domains/karaaqua.com/public_html/app/Controllers/Home.php(24): App\Models\HomeModel->productList()
#7 /home/u324612448/domains/karaaqua.com/public_html/system/CodeIgniter.php(933): App\Controllers\Home->index()
#8 /home/u324612448/domains/karaaqua.com/public_html/system/CodeIgniter.php(509): CodeIgniter\CodeIgniter->runController()
#9 /home/u324612448/domains/karaaqua.com/public_html/system/CodeIgniter.php(355): CodeIgniter\CodeIgniter->handleRequest()
#10 /home/u324612448/domains/karaaqua.com/public_html/system/Boot.php(325): CodeIgniter\CodeIgniter->run()
#11 /home/u324612448/domains/karaaqua.com/public_html/system/Boot.php(67): CodeIgniter\Boot::runCodeIgniter()
#12 /home/u324612448/domains/karaaqua.com/public_html/index.php(56): CodeIgniter\Boot::bootWeb()
#13 {main}

Next mysqli_sql_exception: MySQL server has gone away in /home/u324612448/domains/karaaqua.com/public_html/system/Database/MySQLi/Connection.php:186
Stack trace:
#0 /home/u324612448/domains/karaaqua.com/public_html/system/Database/MySQLi/Connection.php(186): mysqli->real_connect()
#1 /home/u324612448/domains/karaaqua.com/public_html/system/Database/BaseConnection.php(421): CodeIgniter\Database\MySQLi\Connection->connect()
#2 /home/u324612448/domains/karaaqua.com/public_html/system/Database/BaseConnection.php(616): CodeIgniter\Database\BaseConnection->initialize()
#3 /home/u324612448/domains/karaaqua.com/public_html/system/Database/BaseBuilder.php(1636): CodeIgniter\Database\BaseConnection->query()
#4 /home/u324612448/domains/karaaqua.com/public_html/app/Models/HomeModel.php(45): CodeIgniter\Database\BaseBuilder->get()
#5 /home/u324612448/domains/karaaqua.com/public_html/app/Controllers/Home.php(24): App\Models\HomeModel->productList()
#6 /home/u324612448/domains/karaaqua.com/public_html/system/CodeIgniter.php(933): App\Controllers\Home->index()
#7 /home/u324612448/domains/karaaqua.com/public_html/system/CodeIgniter.php(509): CodeIgniter\CodeIgniter->runController()
#8 /home/u324612448/domains/karaaqua.com/public_html/system/CodeIgniter.php(355): CodeIgniter\CodeIgniter->handleRequest()
#9 /home/u324612448/domains/karaaqua.com/public_html/system/Boot.php(325): CodeIgniter\CodeIgniter->run()
#10 /home/u324612448/domains/karaaqua.com/public_html/system/Boot.php(67): CodeIgniter\Boot::runCodeIgniter()
#11 /home/u324612448/domains/karaaqua.com/public_html/index.php(56): CodeIgniter\Boot::bootWeb()
#12 {main}

Next CodeIgniter\Database\Exceptions\DatabaseException: MySQL server has gone away in /home/u324612448/domains/karaaqua.com/public_html/system/Database/MySQLi/Connection.php:231
Stack trace:
#0 /home/u324612448/domains/karaaqua.com/public_html/system/Database/BaseConnection.php(421): CodeIgniter\Database\MySQLi\Connection->connect()
#1 /home/u324612448/domains/karaaqua.com/public_html/system/Database/BaseConnection.php(616): CodeIgniter\Database\BaseConnection->initialize()
#2 /home/u324612448/domains/karaaqua.com/public_html/system/Database/BaseBuilder.php(1636): CodeIgniter\Database\BaseConnection->query()
#3 /home/u324612448/domains/karaaqua.com/public_html/app/Models/HomeModel.php(45): CodeIgniter\Database\BaseBuilder->get()
#4 /home/u324612448/domains/karaaqua.com/public_html/app/Controllers/Home.php(24): App\Models\HomeModel->productList()
#5 /home/u324612448/domains/karaaqua.com/public_html/system/CodeIgniter.php(933): App\Controllers\Home->index()
#6 /home/u324612448/domains/karaaqua.com/public_html/system/CodeIgniter.php(509): CodeIgniter\CodeIgniter->runController()
#7 /home/u324612448/domains/karaaqua.com/public_html/system/CodeIgniter.php(355): CodeIgniter\CodeIgniter->handleRequest()
#8 /home/u324612448/domains/karaaqua.com/public_html/system/Boot.php(325): CodeIgniter\CodeIgniter->run()
#9 /home/u324612448/domains/karaaqua.com/public_html/system/Boot.php(67): CodeIgniter\Boot::runCodeIgniter()
#10 /home/u324612448/domains/karaaqua.com/public_html/index.php(56): CodeIgniter\Boot::bootWeb()
#11 {main}
CRITICAL - 2025-06-16 12:03:54 --> CodeIgniter\Database\Exceptions\DatabaseException: Unable to connect to the database.
Main connection [MySQLi]: MySQL server has gone away
[Method: GET, Route: /]
in SYSTEMPATH/Database/BaseConnection.php on line 467.
 1 SYSTEMPATH/Database/BaseConnection.php(616): CodeIgniter\Database\BaseConnection->initialize()
 2 SYSTEMPATH/Database/BaseBuilder.php(1636): CodeIgniter\Database\BaseConnection->query()
 3 APPPATH/Models/HomeModel.php(45): CodeIgniter\Database\BaseBuilder->get()
 4 APPPATH/Controllers/Home.php(24): App\Models\HomeModel->productList()
 5 SYSTEMPATH/CodeIgniter.php(933): App\Controllers\Home->index()
 6 SYSTEMPATH/CodeIgniter.php(509): CodeIgniter\CodeIgniter->runController()
 7 SYSTEMPATH/CodeIgniter.php(355): CodeIgniter\CodeIgniter->handleRequest()
 8 SYSTEMPATH/Boot.php(325): CodeIgniter\CodeIgniter->run()
 9 SYSTEMPATH/Boot.php(67): CodeIgniter\Boot::runCodeIgniter()
10 FCPATH/index.php(56): CodeIgniter\Boot::bootWeb()
