CRITICAL - 2025-10-02 06:38:32 --> ErrorException: Trying to access array offset on null
[Method: GET, Route: product/kara-aqualine-series-1001]
in APPPATH/Controllers/Home.php on line 460.
 1 APPPATH/Controllers/Home.php(460): CodeIgniter\Debug\Exceptions->errorHandler(2, 'Trying to access array offset on null', '/home2/karaaqua/public_html/app/Controllers/Home.php', 460)
 2 SYSTEMPATH/CodeIgniter.php(933): App\Controllers\Home->productDetails('kara-aqualine-series-1001')
 3 SYSTEMPATH/CodeIgniter.php(509): CodeIgniter\CodeIgniter->runController(Object(App\Controllers\Home))
 4 SYSTEMPATH/CodeIgniter.php(355): CodeIgniter\CodeIgniter->handleRequest(null, Object(Config\Cache), false)
 5 SYSTEMPATH/Boot.php(325): CodeIgniter\CodeIgniter->run()
 6 SYSTEMPATH/Boot.php(67): CodeIgniter\Boot::runCodeIgniter(Object(CodeIgniter\CodeIgniter))
 7 FCPATH/index.php(56): CodeIgniter\Boot::bootWeb(Object(Config\Paths))
CRITICAL - 2025-10-02 06:38:34 --> ErrorException: Trying to access array offset on null
[Method: GET, Route: product/kara-aqualine-series-1001]
in APPPATH/Controllers/Home.php on line 460.
 1 APPPATH/Controllers/Home.php(460): CodeIgniter\Debug\Exceptions->errorHandler(2, 'Trying to access array offset on null', '/home2/karaaqua/public_html/app/Controllers/Home.php', 460)
 2 SYSTEMPATH/CodeIgniter.php(933): App\Controllers\Home->productDetails('kara-aqualine-series-1001')
 3 SYSTEMPATH/CodeIgniter.php(509): CodeIgniter\CodeIgniter->runController(Object(App\Controllers\Home))
 4 SYSTEMPATH/CodeIgniter.php(355): CodeIgniter\CodeIgniter->handleRequest(null, Object(Config\Cache), false)
 5 SYSTEMPATH/Boot.php(325): CodeIgniter\CodeIgniter->run()
 6 SYSTEMPATH/Boot.php(67): CodeIgniter\Boot::runCodeIgniter(Object(CodeIgniter\CodeIgniter))
 7 FCPATH/index.php(56): CodeIgniter\Boot::bootWeb(Object(Config\Paths))
CRITICAL - 2025-10-02 23:41:26 --> ErrorException: Trying to access array offset on null
[Method: GET, Route: service/effluent-treatment-plant-etp]
in APPPATH/Controllers/Home.php on line 90.
 1 APPPATH/Controllers/Home.php(90): CodeIgniter\Debug\Exceptions->errorHandler(2, 'Trying to access array offset on null', '/home2/karaaqua/public_html/app/Controllers/Home.php', 90)
 2 SYSTEMPATH/CodeIgniter.php(933): App\Controllers\Home->serviceDetail('effluent-treatment-plant-etp')
 3 SYSTEMPATH/CodeIgniter.php(509): CodeIgniter\CodeIgniter->runController(Object(App\Controllers\Home))
 4 SYSTEMPATH/CodeIgniter.php(355): CodeIgniter\CodeIgniter->handleRequest(null, Object(Config\Cache), false)
 5 SYSTEMPATH/Boot.php(325): CodeIgniter\CodeIgniter->run()
 6 SYSTEMPATH/Boot.php(67): CodeIgniter\Boot::runCodeIgniter(Object(CodeIgniter\CodeIgniter))
 7 FCPATH/index.php(56): CodeIgniter\Boot::bootWeb(Object(Config\Paths))
