CRITICAL - 2025-09-29 06:52:09 --> ErrorException: Trying to access array offset on null
[Method: GET, Route: blog/wp-admin/install.php]
in APPPATH/Controllers/Home.php on line 195.
 1 APPPATH/Controllers/Home.php(195): CodeIgniter\Debug\Exceptions->errorHandler(2, 'Trying to access array offset on null', '/home2/karaaqua/public_html/app/Controllers/Home.php', 195)
 2 SYSTEMPATH/CodeIgniter.php(933): App\Controllers\Home->blog('wp-admin', 'install.php')
 3 SYSTEMPATH/CodeIgniter.php(509): CodeIgniter\CodeIgniter->runController(Object(App\Controllers\Home))
 4 SYSTEMPATH/CodeIgniter.php(355): CodeIgniter\CodeIgniter->handleRequest(null, Object(Config\Cache), false)
 5 SYSTEMPATH/Boot.php(325): CodeIgniter\CodeIgniter->run()
 6 SYSTEMPATH/Boot.php(67): CodeIgniter\Boot::runCodeIgniter(Object(CodeIgniter\CodeIgniter))
 7 FCPATH/index.php(56): CodeIgniter\Boot::bootWeb(Object(Config\Paths))
CRITICAL - 2025-09-29 10:40:38 --> ErrorException: Trying to access array offset on null
[Method: GET, Route: service/commercial-ro-plant-service]
in APPPATH/Controllers/Home.php on line 90.
 1 APPPATH/Controllers/Home.php(90): CodeIgniter\Debug\Exceptions->errorHandler(2, 'Trying to access array offset on null', '/home2/karaaqua/public_html/app/Controllers/Home.php', 90)
 2 SYSTEMPATH/CodeIgniter.php(933): App\Controllers\Home->serviceDetail('commercial-ro-plant-service')
 3 SYSTEMPATH/CodeIgniter.php(509): CodeIgniter\CodeIgniter->runController(Object(App\Controllers\Home))
 4 SYSTEMPATH/CodeIgniter.php(355): CodeIgniter\CodeIgniter->handleRequest(null, Object(Config\Cache), false)
 5 SYSTEMPATH/Boot.php(325): CodeIgniter\CodeIgniter->run()
 6 SYSTEMPATH/Boot.php(67): CodeIgniter\Boot::runCodeIgniter(Object(CodeIgniter\CodeIgniter))
 7 FCPATH/index.php(56): CodeIgniter\Boot::bootWeb(Object(Config\Paths))
CRITICAL - 2025-09-29 10:40:39 --> ErrorException: Trying to access array offset on null
[Method: GET, Route: service/commercial-ro-plant-service]
in APPPATH/Controllers/Home.php on line 90.
 1 APPPATH/Controllers/Home.php(90): CodeIgniter\Debug\Exceptions->errorHandler(2, 'Trying to access array offset on null', '/home2/karaaqua/public_html/app/Controllers/Home.php', 90)
 2 SYSTEMPATH/CodeIgniter.php(933): App\Controllers\Home->serviceDetail('commercial-ro-plant-service')
 3 SYSTEMPATH/CodeIgniter.php(509): CodeIgniter\CodeIgniter->runController(Object(App\Controllers\Home))
 4 SYSTEMPATH/CodeIgniter.php(355): CodeIgniter\CodeIgniter->handleRequest(null, Object(Config\Cache), false)
 5 SYSTEMPATH/Boot.php(325): CodeIgniter\CodeIgniter->run()
 6 SYSTEMPATH/Boot.php(67): CodeIgniter\Boot::runCodeIgniter(Object(CodeIgniter\CodeIgniter))
 7 FCPATH/index.php(56): CodeIgniter\Boot::bootWeb(Object(Config\Paths))
