CRITICAL - 2025-09-20 14:26:05 --> ErrorException: Trying to access array offset on null
[Method: GET, Route: blog/robots.txt]
in APPPATH/Controllers/Home.php on line 194.
 1 APPPATH/Controllers/Home.php(194): CodeIgniter\Debug\Exceptions->errorHandler(2, 'Trying to access array offset on null', '/home2/karaaqua/public_html/app/Controllers/Home.php', 194)
 2 SYSTEMPATH/CodeIgniter.php(933): App\Controllers\Home->blog('robots.txt')
 3 SYSTEMPATH/CodeIgniter.php(509): CodeIgniter\CodeIgniter->runController(Object(App\Controllers\Home))
 4 SYSTEMPATH/CodeIgniter.php(355): CodeIgniter\CodeIgniter->handleRequest(null, Object(Config\Cache), false)
 5 SYSTEMPATH/Boot.php(325): CodeIgniter\CodeIgniter->run()
 6 SYSTEMPATH/Boot.php(67): CodeIgniter\Boot::runCodeIgniter(Object(CodeIgniter\CodeIgniter))
 7 FCPATH/index.php(56): CodeIgniter\Boot::bootWeb(Object(Config\Paths))
CRITICAL - 2025-09-20 18:35:01 --> ErrorException: Undefined variable $bannerList
[Method: GET, Route: admin/banner]
in APPPATH/Views/admin/banner/index.php on line 31.
 1 APPPATH/Views/admin/banner/index.php(31): CodeIgniter\Debug\Exceptions->errorHandler(2, 'Undefined variable $bannerList', '/home2/karaaqua/public_html/app/Views/admin/banner/index.php', 31)
 2 SYSTEMPATH/View/View.php(234): include('/home2/karaaqua/public_html/app/Views/admin/banner/index.php')
 3 SYSTEMPATH/View/View.php(237): CodeIgniter\View\View->CodeIgniter\View\{closure}()
 4 SYSTEMPATH/Common.php(1171): CodeIgniter\View\View->render('admin/banner/index', [], true)
 5 APPPATH/Controllers/BaseController.php(65): view('admin/banner/index', [...])
 6 APPPATH/Controllers/Admin/Banner.php(13): App\Controllers\BaseController->adminFrontendLoad('banner/index', [...])
 7 SYSTEMPATH/CodeIgniter.php(933): App\Controllers\Admin\Banner->index()
 8 SYSTEMPATH/CodeIgniter.php(509): CodeIgniter\CodeIgniter->runController(Object(App\Controllers\Admin\Banner))
 9 SYSTEMPATH/CodeIgniter.php(355): CodeIgniter\CodeIgniter->handleRequest(null, Object(Config\Cache), false)
10 SYSTEMPATH/Boot.php(325): CodeIgniter\CodeIgniter->run()
11 SYSTEMPATH/Boot.php(67): CodeIgniter\Boot::runCodeIgniter(Object(CodeIgniter\CodeIgniter))
12 FCPATH/index.php(56): CodeIgniter\Boot::bootWeb(Object(Config\Paths))
CRITICAL - 2025-09-20 18:35:49 --> TypeError: Cannot access offset of type string on string
[Method: GET, Route: admin/banner]
in APPPATH/Views/admin/banner/index.php on line 36.
 1 SYSTEMPATH/View/View.php(234): include()
 2 SYSTEMPATH/View/View.php(237): CodeIgniter\View\View->CodeIgniter\View\{closure}()
 3 SYSTEMPATH/Common.php(1171): CodeIgniter\View\View->render('admin/banner/index', [], true)
 4 APPPATH/Controllers/BaseController.php(65): view('admin/banner/index', [...])
 5 APPPATH/Controllers/Admin/Banner.php(14): App\Controllers\BaseController->adminFrontendLoad('banner/index', [...])
 6 SYSTEMPATH/CodeIgniter.php(933): App\Controllers\Admin\Banner->index()
 7 SYSTEMPATH/CodeIgniter.php(509): CodeIgniter\CodeIgniter->runController(Object(App\Controllers\Admin\Banner))
 8 SYSTEMPATH/CodeIgniter.php(355): CodeIgniter\CodeIgniter->handleRequest(null, Object(Config\Cache), false)
 9 SYSTEMPATH/Boot.php(325): CodeIgniter\CodeIgniter->run()
10 SYSTEMPATH/Boot.php(67): CodeIgniter\Boot::runCodeIgniter(Object(CodeIgniter\CodeIgniter))
11 FCPATH/index.php(56): CodeIgniter\Boot::bootWeb(Object(Config\Paths))
CRITICAL - 2025-09-20 18:35:53 --> TypeError: Cannot access offset of type string on string
[Method: GET, Route: admin/banner]
in APPPATH/Views/admin/banner/index.php on line 36.
 1 SYSTEMPATH/View/View.php(234): include()
 2 SYSTEMPATH/View/View.php(237): CodeIgniter\View\View->CodeIgniter\View\{closure}()
 3 SYSTEMPATH/Common.php(1171): CodeIgniter\View\View->render('admin/banner/index', [], true)
 4 APPPATH/Controllers/BaseController.php(65): view('admin/banner/index', [...])
 5 APPPATH/Controllers/Admin/Banner.php(14): App\Controllers\BaseController->adminFrontendLoad('banner/index', [...])
 6 SYSTEMPATH/CodeIgniter.php(933): App\Controllers\Admin\Banner->index()
 7 SYSTEMPATH/CodeIgniter.php(509): CodeIgniter\CodeIgniter->runController(Object(App\Controllers\Admin\Banner))
 8 SYSTEMPATH/CodeIgniter.php(355): CodeIgniter\CodeIgniter->handleRequest(null, Object(Config\Cache), false)
 9 SYSTEMPATH/Boot.php(325): CodeIgniter\CodeIgniter->run()
10 SYSTEMPATH/Boot.php(67): CodeIgniter\Boot::runCodeIgniter(Object(CodeIgniter\CodeIgniter))
11 FCPATH/index.php(56): CodeIgniter\Boot::bootWeb(Object(Config\Paths))
CRITICAL - 2025-09-20 18:39:57 --> BadMethodCallException: Call to undefined method App\Models\Admin\HomeModel::orderList
[Method: GET, Route: admin/order-list]
in SYSTEMPATH/Model.php on line 932.
 1 APPPATH/Controllers/Admin/Home.php(85): CodeIgniter\Model->__call('orderList', [])
 2 SYSTEMPATH/CodeIgniter.php(933): App\Controllers\Admin\Home->orderList()
 3 SYSTEMPATH/CodeIgniter.php(509): CodeIgniter\CodeIgniter->runController(Object(App\Controllers\Admin\Home))
 4 SYSTEMPATH/CodeIgniter.php(355): CodeIgniter\CodeIgniter->handleRequest(null, Object(Config\Cache), false)
 5 SYSTEMPATH/Boot.php(325): CodeIgniter\CodeIgniter->run()
 6 SYSTEMPATH/Boot.php(67): CodeIgniter\Boot::runCodeIgniter(Object(CodeIgniter\CodeIgniter))
 7 FCPATH/index.php(56): CodeIgniter\Boot::bootWeb(Object(Config\Paths))
CRITICAL - 2025-09-20 18:42:12 --> ErrorException: Undefined variable $bannerList
[Method: GET, Route: /]
in APPPATH/Views/home/index.php on line 22.
 1 APPPATH/Views/home/index.php(22): CodeIgniter\Debug\Exceptions->errorHandler(2, 'Undefined variable $bannerList', '/home2/karaaqua/public_html/app/Views/home/index.php', 22)
 2 SYSTEMPATH/View/View.php(234): include('/home2/karaaqua/public_html/app/Views/home/index.php')
 3 SYSTEMPATH/View/View.php(237): CodeIgniter\View\View->CodeIgniter\View\{closure}()
 4 SYSTEMPATH/Common.php(1171): CodeIgniter\View\View->render('home/index', [], true)
 5 APPPATH/Controllers/BaseController.php(73): view('home/index', [...])
 6 APPPATH/Controllers/Home.php(55): App\Controllers\BaseController->frontendLoad('index', [...])
 7 SYSTEMPATH/CodeIgniter.php(933): App\Controllers\Home->index()
 8 SYSTEMPATH/CodeIgniter.php(509): CodeIgniter\CodeIgniter->runController(Object(App\Controllers\Home))
 9 SYSTEMPATH/CodeIgniter.php(355): CodeIgniter\CodeIgniter->handleRequest(null, Object(Config\Cache), false)
10 SYSTEMPATH/Boot.php(325): CodeIgniter\CodeIgniter->run()
11 SYSTEMPATH/Boot.php(67): CodeIgniter\Boot::runCodeIgniter(Object(CodeIgniter\CodeIgniter))
12 FCPATH/index.php(56): CodeIgniter\Boot::bootWeb(Object(Config\Paths))
CRITICAL - 2025-09-20 18:42:54 --> BadMethodCallException: Call to undefined method App\Models\HomeModel::bannerList
[Method: GET, Route: /]
in SYSTEMPATH/Model.php on line 932.
 1 APPPATH/Controllers/Home.php(31): CodeIgniter\Model->__call('bannerList', [])
 2 SYSTEMPATH/CodeIgniter.php(933): App\Controllers\Home->index()
 3 SYSTEMPATH/CodeIgniter.php(509): CodeIgniter\CodeIgniter->runController(Object(App\Controllers\Home))
 4 SYSTEMPATH/CodeIgniter.php(355): CodeIgniter\CodeIgniter->handleRequest(null, Object(Config\Cache), false)
 5 SYSTEMPATH/Boot.php(325): CodeIgniter\CodeIgniter->run()
 6 SYSTEMPATH/Boot.php(67): CodeIgniter\Boot::runCodeIgniter(Object(CodeIgniter\CodeIgniter))
 7 FCPATH/index.php(56): CodeIgniter\Boot::bootWeb(Object(Config\Paths))
