CRITICAL - 2025-04-16 06:30:36 --> ErrorException: Undefined array key "phone3"
[Method: GET, Route: contact-us]
in APPPATH/Views/home/contact.php on line 75.
 1 APPPATH/Views/home/contact.php(75): CodeIgniter\Debug\Exceptions->errorHandler()
 2 SYSTEMPATH/View/View.php(234): include('/home/u324612448/domains/karaaqua.com/public_html/app/Views/home/contact.php')
 3 SYSTEMPATH/View/View.php(237): CodeIgniter\View\View->CodeIgniter\View\{closure}()
 4 SYSTEMPATH/Common.php(1171): CodeIgniter\View\View->render()
 5 APPPATH/Controllers/BaseController.php(73): view()
 6 APPPATH/Controllers/Home.php(141): App\Controllers\BaseController->frontendLoad()
 7 SYSTEMPATH/CodeIgniter.php(933): App\Controllers\Home->contact()
 8 SYSTEMPATH/CodeIgniter.php(509): CodeIgniter\CodeIgniter->runController()
 9 SYSTEMPATH/CodeIgniter.php(355): CodeIgniter\CodeIgniter->handleRequest()
10 SYSTEMPATH/Boot.php(325): CodeIgniter\CodeIgniter->run()
11 SYSTEMPATH/Boot.php(67): CodeIgniter\Boot::runCodeIgniter()
12 FCPATH/index.php(56): CodeIgniter\Boot::bootWeb()
CRITICAL - 2025-04-16 06:30:38 --> ErrorException: Undefined array key "phone3"
[Method: GET, Route: contact-us]
in APPPATH/Views/home/contact.php on line 75.
 1 APPPATH/Views/home/contact.php(75): CodeIgniter\Debug\Exceptions->errorHandler()
 2 SYSTEMPATH/View/View.php(234): include('/home/u324612448/domains/karaaqua.com/public_html/app/Views/home/contact.php')
 3 SYSTEMPATH/View/View.php(237): CodeIgniter\View\View->CodeIgniter\View\{closure}()
 4 SYSTEMPATH/Common.php(1171): CodeIgniter\View\View->render()
 5 APPPATH/Controllers/BaseController.php(73): view()
 6 APPPATH/Controllers/Home.php(141): App\Controllers\BaseController->frontendLoad()
 7 SYSTEMPATH/CodeIgniter.php(933): App\Controllers\Home->contact()
 8 SYSTEMPATH/CodeIgniter.php(509): CodeIgniter\CodeIgniter->runController()
 9 SYSTEMPATH/CodeIgniter.php(355): CodeIgniter\CodeIgniter->handleRequest()
10 SYSTEMPATH/Boot.php(325): CodeIgniter\CodeIgniter->run()
11 SYSTEMPATH/Boot.php(67): CodeIgniter\Boot::runCodeIgniter()
12 FCPATH/index.php(56): CodeIgniter\Boot::bootWeb()
CRITICAL - 2025-04-16 06:30:43 --> ErrorException: Undefined array key "phone3"
[Method: GET, Route: contact-us]
in APPPATH/Views/home/contact.php on line 75.
 1 APPPATH/Views/home/contact.php(75): CodeIgniter\Debug\Exceptions->errorHandler()
 2 SYSTEMPATH/View/View.php(234): include('/home/u324612448/domains/karaaqua.com/public_html/app/Views/home/contact.php')
 3 SYSTEMPATH/View/View.php(237): CodeIgniter\View\View->CodeIgniter\View\{closure}()
 4 SYSTEMPATH/Common.php(1171): CodeIgniter\View\View->render()
 5 APPPATH/Controllers/BaseController.php(73): view()
 6 APPPATH/Controllers/Home.php(141): App\Controllers\BaseController->frontendLoad()
 7 SYSTEMPATH/CodeIgniter.php(933): App\Controllers\Home->contact()
 8 SYSTEMPATH/CodeIgniter.php(509): CodeIgniter\CodeIgniter->runController()
 9 SYSTEMPATH/CodeIgniter.php(355): CodeIgniter\CodeIgniter->handleRequest()
10 SYSTEMPATH/Boot.php(325): CodeIgniter\CodeIgniter->run()
11 SYSTEMPATH/Boot.php(67): CodeIgniter\Boot::runCodeIgniter()
12 FCPATH/index.php(56): CodeIgniter\Boot::bootWeb()
CRITICAL - 2025-04-16 06:30:46 --> ErrorException: Undefined array key "phone3"
[Method: GET, Route: contact-us]
in APPPATH/Views/home/contact.php on line 75.
 1 APPPATH/Views/home/contact.php(75): CodeIgniter\Debug\Exceptions->errorHandler()
 2 SYSTEMPATH/View/View.php(234): include('/home/u324612448/domains/karaaqua.com/public_html/app/Views/home/contact.php')
 3 SYSTEMPATH/View/View.php(237): CodeIgniter\View\View->CodeIgniter\View\{closure}()
 4 SYSTEMPATH/Common.php(1171): CodeIgniter\View\View->render()
 5 APPPATH/Controllers/BaseController.php(73): view()
 6 APPPATH/Controllers/Home.php(141): App\Controllers\BaseController->frontendLoad()
 7 SYSTEMPATH/CodeIgniter.php(933): App\Controllers\Home->contact()
 8 SYSTEMPATH/CodeIgniter.php(509): CodeIgniter\CodeIgniter->runController()
 9 SYSTEMPATH/CodeIgniter.php(355): CodeIgniter\CodeIgniter->handleRequest()
10 SYSTEMPATH/Boot.php(325): CodeIgniter\CodeIgniter->run()
11 SYSTEMPATH/Boot.php(67): CodeIgniter\Boot::runCodeIgniter()
12 FCPATH/index.php(56): CodeIgniter\Boot::bootWeb()
CRITICAL - 2025-04-16 06:31:02 --> ErrorException: Undefined array key "phone3"
[Method: GET, Route: contact-us]
in APPPATH/Views/home/contact.php on line 75.
 1 APPPATH/Views/home/contact.php(75): CodeIgniter\Debug\Exceptions->errorHandler()
 2 SYSTEMPATH/View/View.php(234): include('/home/u324612448/domains/karaaqua.com/public_html/app/Views/home/contact.php')
 3 SYSTEMPATH/View/View.php(237): CodeIgniter\View\View->CodeIgniter\View\{closure}()
 4 SYSTEMPATH/Common.php(1171): CodeIgniter\View\View->render()
 5 APPPATH/Controllers/BaseController.php(73): view()
 6 APPPATH/Controllers/Home.php(141): App\Controllers\BaseController->frontendLoad()
 7 SYSTEMPATH/CodeIgniter.php(933): App\Controllers\Home->contact()
 8 SYSTEMPATH/CodeIgniter.php(509): CodeIgniter\CodeIgniter->runController()
 9 SYSTEMPATH/CodeIgniter.php(355): CodeIgniter\CodeIgniter->handleRequest()
10 SYSTEMPATH/Boot.php(325): CodeIgniter\CodeIgniter->run()
11 SYSTEMPATH/Boot.php(67): CodeIgniter\Boot::runCodeIgniter()
12 FCPATH/index.php(56): CodeIgniter\Boot::bootWeb()
CRITICAL - 2025-04-16 06:35:35 --> ErrorException: Undefined array key "phone3"
[Method: GET, Route: contact-us]
in APPPATH/Views/home/contact.php on line 75.
 1 APPPATH/Views/home/contact.php(75): CodeIgniter\Debug\Exceptions->errorHandler()
 2 SYSTEMPATH/View/View.php(234): include('/home/u324612448/domains/karaaqua.com/public_html/app/Views/home/contact.php')
 3 SYSTEMPATH/View/View.php(237): CodeIgniter\View\View->CodeIgniter\View\{closure}()
 4 SYSTEMPATH/Common.php(1171): CodeIgniter\View\View->render()
 5 APPPATH/Controllers/BaseController.php(73): view()
 6 APPPATH/Controllers/Home.php(141): App\Controllers\BaseController->frontendLoad()
 7 SYSTEMPATH/CodeIgniter.php(933): App\Controllers\Home->contact()
 8 SYSTEMPATH/CodeIgniter.php(509): CodeIgniter\CodeIgniter->runController()
 9 SYSTEMPATH/CodeIgniter.php(355): CodeIgniter\CodeIgniter->handleRequest()
10 SYSTEMPATH/Boot.php(325): CodeIgniter\CodeIgniter->run()
11 SYSTEMPATH/Boot.php(67): CodeIgniter\Boot::runCodeIgniter()
12 FCPATH/index.php(56): CodeIgniter\Boot::bootWeb()
CRITICAL - 2025-04-16 06:47:17 --> ErrorException: Undefined array key "phone3"
[Method: GET, Route: contact-us]
in APPPATH/Views/home/contact.php on line 75.
 1 APPPATH/Views/home/contact.php(75): CodeIgniter\Debug\Exceptions->errorHandler()
 2 SYSTEMPATH/View/View.php(234): include('/home/u324612448/domains/karaaqua.com/public_html/app/Views/home/contact.php')
 3 SYSTEMPATH/View/View.php(237): CodeIgniter\View\View->CodeIgniter\View\{closure}()
 4 SYSTEMPATH/Common.php(1171): CodeIgniter\View\View->render()
 5 APPPATH/Controllers/BaseController.php(73): view()
 6 APPPATH/Controllers/Home.php(141): App\Controllers\BaseController->frontendLoad()
 7 SYSTEMPATH/CodeIgniter.php(933): App\Controllers\Home->contact()
 8 SYSTEMPATH/CodeIgniter.php(509): CodeIgniter\CodeIgniter->runController()
 9 SYSTEMPATH/CodeIgniter.php(355): CodeIgniter\CodeIgniter->handleRequest()
10 SYSTEMPATH/Boot.php(325): CodeIgniter\CodeIgniter->run()
11 SYSTEMPATH/Boot.php(67): CodeIgniter\Boot::runCodeIgniter()
12 FCPATH/index.php(56): CodeIgniter\Boot::bootWeb()
CRITICAL - 2025-04-16 06:47:25 --> ErrorException: Undefined array key "phone3"
[Method: GET, Route: contact-us]
in APPPATH/Views/home/contact.php on line 75.
 1 APPPATH/Views/home/contact.php(75): CodeIgniter\Debug\Exceptions->errorHandler()
 2 SYSTEMPATH/View/View.php(234): include('/home/u324612448/domains/karaaqua.com/public_html/app/Views/home/contact.php')
 3 SYSTEMPATH/View/View.php(237): CodeIgniter\View\View->CodeIgniter\View\{closure}()
 4 SYSTEMPATH/Common.php(1171): CodeIgniter\View\View->render()
 5 APPPATH/Controllers/BaseController.php(73): view()
 6 APPPATH/Controllers/Home.php(141): App\Controllers\BaseController->frontendLoad()
 7 SYSTEMPATH/CodeIgniter.php(933): App\Controllers\Home->contact()
 8 SYSTEMPATH/CodeIgniter.php(509): CodeIgniter\CodeIgniter->runController()
 9 SYSTEMPATH/CodeIgniter.php(355): CodeIgniter\CodeIgniter->handleRequest()
10 SYSTEMPATH/Boot.php(325): CodeIgniter\CodeIgniter->run()
11 SYSTEMPATH/Boot.php(67): CodeIgniter\Boot::runCodeIgniter()
12 FCPATH/index.php(56): CodeIgniter\Boot::bootWeb()
CRITICAL - 2025-04-16 06:47:54 --> ErrorException: Undefined array key "phone3"
[Method: GET, Route: contact-us]
in APPPATH/Views/home/contact.php on line 75.
 1 APPPATH/Views/home/contact.php(75): CodeIgniter\Debug\Exceptions->errorHandler()
 2 SYSTEMPATH/View/View.php(234): include('/home/u324612448/domains/karaaqua.com/public_html/app/Views/home/contact.php')
 3 SYSTEMPATH/View/View.php(237): CodeIgniter\View\View->CodeIgniter\View\{closure}()
 4 SYSTEMPATH/Common.php(1171): CodeIgniter\View\View->render()
 5 APPPATH/Controllers/BaseController.php(73): view()
 6 APPPATH/Controllers/Home.php(141): App\Controllers\BaseController->frontendLoad()
 7 SYSTEMPATH/CodeIgniter.php(933): App\Controllers\Home->contact()
 8 SYSTEMPATH/CodeIgniter.php(509): CodeIgniter\CodeIgniter->runController()
 9 SYSTEMPATH/CodeIgniter.php(355): CodeIgniter\CodeIgniter->handleRequest()
10 SYSTEMPATH/Boot.php(325): CodeIgniter\CodeIgniter->run()
11 SYSTEMPATH/Boot.php(67): CodeIgniter\Boot::runCodeIgniter()
12 FCPATH/index.php(56): CodeIgniter\Boot::bootWeb()
CRITICAL - 2025-04-16 06:48:33 --> ErrorException: Undefined array key "phone3"
[Method: GET, Route: contact-us]
in APPPATH/Views/home/contact.php on line 75.
 1 APPPATH/Views/home/contact.php(75): CodeIgniter\Debug\Exceptions->errorHandler()
 2 SYSTEMPATH/View/View.php(234): include('/home/u324612448/domains/karaaqua.com/public_html/app/Views/home/contact.php')
 3 SYSTEMPATH/View/View.php(237): CodeIgniter\View\View->CodeIgniter\View\{closure}()
 4 SYSTEMPATH/Common.php(1171): CodeIgniter\View\View->render()
 5 APPPATH/Controllers/BaseController.php(73): view()
 6 APPPATH/Controllers/Home.php(141): App\Controllers\BaseController->frontendLoad()
 7 SYSTEMPATH/CodeIgniter.php(933): App\Controllers\Home->contact()
 8 SYSTEMPATH/CodeIgniter.php(509): CodeIgniter\CodeIgniter->runController()
 9 SYSTEMPATH/CodeIgniter.php(355): CodeIgniter\CodeIgniter->handleRequest()
10 SYSTEMPATH/Boot.php(325): CodeIgniter\CodeIgniter->run()
11 SYSTEMPATH/Boot.php(67): CodeIgniter\Boot::runCodeIgniter()
12 FCPATH/index.php(56): CodeIgniter\Boot::bootWeb()
CRITICAL - 2025-04-16 06:52:20 --> ErrorException: Undefined array key "phone3"
[Method: GET, Route: contact-us]
in APPPATH/Views/home/contact.php on line 75.
 1 APPPATH/Views/home/contact.php(75): CodeIgniter\Debug\Exceptions->errorHandler()
 2 SYSTEMPATH/View/View.php(234): include('/home/u324612448/domains/karaaqua.com/public_html/app/Views/home/contact.php')
 3 SYSTEMPATH/View/View.php(237): CodeIgniter\View\View->CodeIgniter\View\{closure}()
 4 SYSTEMPATH/Common.php(1171): CodeIgniter\View\View->render()
 5 APPPATH/Controllers/BaseController.php(73): view()
 6 APPPATH/Controllers/Home.php(141): App\Controllers\BaseController->frontendLoad()
 7 SYSTEMPATH/CodeIgniter.php(933): App\Controllers\Home->contact()
 8 SYSTEMPATH/CodeIgniter.php(509): CodeIgniter\CodeIgniter->runController()
 9 SYSTEMPATH/CodeIgniter.php(355): CodeIgniter\CodeIgniter->handleRequest()
10 SYSTEMPATH/Boot.php(325): CodeIgniter\CodeIgniter->run()
11 SYSTEMPATH/Boot.php(67): CodeIgniter\Boot::runCodeIgniter()
12 FCPATH/index.php(56): CodeIgniter\Boot::bootWeb()
CRITICAL - 2025-04-16 06:52:27 --> ErrorException: Undefined array key "phone3"
[Method: GET, Route: contact-us]
in APPPATH/Views/home/contact.php on line 75.
 1 APPPATH/Views/home/contact.php(75): CodeIgniter\Debug\Exceptions->errorHandler()
 2 SYSTEMPATH/View/View.php(234): include('/home/u324612448/domains/karaaqua.com/public_html/app/Views/home/contact.php')
 3 SYSTEMPATH/View/View.php(237): CodeIgniter\View\View->CodeIgniter\View\{closure}()
 4 SYSTEMPATH/Common.php(1171): CodeIgniter\View\View->render()
 5 APPPATH/Controllers/BaseController.php(73): view()
 6 APPPATH/Controllers/Home.php(141): App\Controllers\BaseController->frontendLoad()
 7 SYSTEMPATH/CodeIgniter.php(933): App\Controllers\Home->contact()
 8 SYSTEMPATH/CodeIgniter.php(509): CodeIgniter\CodeIgniter->runController()
 9 SYSTEMPATH/CodeIgniter.php(355): CodeIgniter\CodeIgniter->handleRequest()
10 SYSTEMPATH/Boot.php(325): CodeIgniter\CodeIgniter->run()
11 SYSTEMPATH/Boot.php(67): CodeIgniter\Boot::runCodeIgniter()
12 FCPATH/index.php(56): CodeIgniter\Boot::bootWeb()
CRITICAL - 2025-04-16 06:52:28 --> ErrorException: Undefined array key "phone3"
[Method: GET, Route: contact-us]
in APPPATH/Views/home/contact.php on line 75.
 1 APPPATH/Views/home/contact.php(75): CodeIgniter\Debug\Exceptions->errorHandler()
 2 SYSTEMPATH/View/View.php(234): include('/home/u324612448/domains/karaaqua.com/public_html/app/Views/home/contact.php')
 3 SYSTEMPATH/View/View.php(237): CodeIgniter\View\View->CodeIgniter\View\{closure}()
 4 SYSTEMPATH/Common.php(1171): CodeIgniter\View\View->render()
 5 APPPATH/Controllers/BaseController.php(73): view()
 6 APPPATH/Controllers/Home.php(141): App\Controllers\BaseController->frontendLoad()
 7 SYSTEMPATH/CodeIgniter.php(933): App\Controllers\Home->contact()
 8 SYSTEMPATH/CodeIgniter.php(509): CodeIgniter\CodeIgniter->runController()
 9 SYSTEMPATH/CodeIgniter.php(355): CodeIgniter\CodeIgniter->handleRequest()
10 SYSTEMPATH/Boot.php(325): CodeIgniter\CodeIgniter->run()
11 SYSTEMPATH/Boot.php(67): CodeIgniter\Boot::runCodeIgniter()
12 FCPATH/index.php(56): CodeIgniter\Boot::bootWeb()
CRITICAL - 2025-04-16 06:52:29 --> ErrorException: Undefined array key "phone3"
[Method: GET, Route: contact-us]
in APPPATH/Views/home/contact.php on line 75.
 1 APPPATH/Views/home/contact.php(75): CodeIgniter\Debug\Exceptions->errorHandler()
 2 SYSTEMPATH/View/View.php(234): include('/home/u324612448/domains/karaaqua.com/public_html/app/Views/home/contact.php')
 3 SYSTEMPATH/View/View.php(237): CodeIgniter\View\View->CodeIgniter\View\{closure}()
 4 SYSTEMPATH/Common.php(1171): CodeIgniter\View\View->render()
 5 APPPATH/Controllers/BaseController.php(73): view()
 6 APPPATH/Controllers/Home.php(141): App\Controllers\BaseController->frontendLoad()
 7 SYSTEMPATH/CodeIgniter.php(933): App\Controllers\Home->contact()
 8 SYSTEMPATH/CodeIgniter.php(509): CodeIgniter\CodeIgniter->runController()
 9 SYSTEMPATH/CodeIgniter.php(355): CodeIgniter\CodeIgniter->handleRequest()
10 SYSTEMPATH/Boot.php(325): CodeIgniter\CodeIgniter->run()
11 SYSTEMPATH/Boot.php(67): CodeIgniter\Boot::runCodeIgniter()
12 FCPATH/index.php(56): CodeIgniter\Boot::bootWeb()
CRITICAL - 2025-04-16 06:52:29 --> ErrorException: Undefined array key "phone3"
[Method: GET, Route: contact-us]
in APPPATH/Views/home/contact.php on line 75.
 1 APPPATH/Views/home/contact.php(75): CodeIgniter\Debug\Exceptions->errorHandler()
 2 SYSTEMPATH/View/View.php(234): include('/home/u324612448/domains/karaaqua.com/public_html/app/Views/home/contact.php')
 3 SYSTEMPATH/View/View.php(237): CodeIgniter\View\View->CodeIgniter\View\{closure}()
 4 SYSTEMPATH/Common.php(1171): CodeIgniter\View\View->render()
 5 APPPATH/Controllers/BaseController.php(73): view()
 6 APPPATH/Controllers/Home.php(141): App\Controllers\BaseController->frontendLoad()
 7 SYSTEMPATH/CodeIgniter.php(933): App\Controllers\Home->contact()
 8 SYSTEMPATH/CodeIgniter.php(509): CodeIgniter\CodeIgniter->runController()
 9 SYSTEMPATH/CodeIgniter.php(355): CodeIgniter\CodeIgniter->handleRequest()
10 SYSTEMPATH/Boot.php(325): CodeIgniter\CodeIgniter->run()
11 SYSTEMPATH/Boot.php(67): CodeIgniter\Boot::runCodeIgniter()
12 FCPATH/index.php(56): CodeIgniter\Boot::bootWeb()
CRITICAL - 2025-04-16 06:52:31 --> ErrorException: Undefined array key "phone3"
[Method: GET, Route: contact-us]
in APPPATH/Views/home/contact.php on line 75.
 1 APPPATH/Views/home/contact.php(75): CodeIgniter\Debug\Exceptions->errorHandler()
 2 SYSTEMPATH/View/View.php(234): include('/home/u324612448/domains/karaaqua.com/public_html/app/Views/home/contact.php')
 3 SYSTEMPATH/View/View.php(237): CodeIgniter\View\View->CodeIgniter\View\{closure}()
 4 SYSTEMPATH/Common.php(1171): CodeIgniter\View\View->render()
 5 APPPATH/Controllers/BaseController.php(73): view()
 6 APPPATH/Controllers/Home.php(141): App\Controllers\BaseController->frontendLoad()
 7 SYSTEMPATH/CodeIgniter.php(933): App\Controllers\Home->contact()
 8 SYSTEMPATH/CodeIgniter.php(509): CodeIgniter\CodeIgniter->runController()
 9 SYSTEMPATH/CodeIgniter.php(355): CodeIgniter\CodeIgniter->handleRequest()
10 SYSTEMPATH/Boot.php(325): CodeIgniter\CodeIgniter->run()
11 SYSTEMPATH/Boot.php(67): CodeIgniter\Boot::runCodeIgniter()
12 FCPATH/index.php(56): CodeIgniter\Boot::bootWeb()
CRITICAL - 2025-04-16 06:52:31 --> ErrorException: Undefined array key "phone3"
[Method: GET, Route: contact-us]
in APPPATH/Views/home/contact.php on line 75.
 1 APPPATH/Views/home/contact.php(75): CodeIgniter\Debug\Exceptions->errorHandler()
 2 SYSTEMPATH/View/View.php(234): include('/home/u324612448/domains/karaaqua.com/public_html/app/Views/home/contact.php')
 3 SYSTEMPATH/View/View.php(237): CodeIgniter\View\View->CodeIgniter\View\{closure}()
 4 SYSTEMPATH/Common.php(1171): CodeIgniter\View\View->render()
 5 APPPATH/Controllers/BaseController.php(73): view()
 6 APPPATH/Controllers/Home.php(141): App\Controllers\BaseController->frontendLoad()
 7 SYSTEMPATH/CodeIgniter.php(933): App\Controllers\Home->contact()
 8 SYSTEMPATH/CodeIgniter.php(509): CodeIgniter\CodeIgniter->runController()
 9 SYSTEMPATH/CodeIgniter.php(355): CodeIgniter\CodeIgniter->handleRequest()
10 SYSTEMPATH/Boot.php(325): CodeIgniter\CodeIgniter->run()
11 SYSTEMPATH/Boot.php(67): CodeIgniter\Boot::runCodeIgniter()
12 FCPATH/index.php(56): CodeIgniter\Boot::bootWeb()
CRITICAL - 2025-04-16 06:52:31 --> ErrorException: Undefined array key "phone3"
[Method: GET, Route: contact-us]
in APPPATH/Views/home/contact.php on line 75.
 1 APPPATH/Views/home/contact.php(75): CodeIgniter\Debug\Exceptions->errorHandler()
 2 SYSTEMPATH/View/View.php(234): include('/home/u324612448/domains/karaaqua.com/public_html/app/Views/home/contact.php')
 3 SYSTEMPATH/View/View.php(237): CodeIgniter\View\View->CodeIgniter\View\{closure}()
 4 SYSTEMPATH/Common.php(1171): CodeIgniter\View\View->render()
 5 APPPATH/Controllers/BaseController.php(73): view()
 6 APPPATH/Controllers/Home.php(141): App\Controllers\BaseController->frontendLoad()
 7 SYSTEMPATH/CodeIgniter.php(933): App\Controllers\Home->contact()
 8 SYSTEMPATH/CodeIgniter.php(509): CodeIgniter\CodeIgniter->runController()
 9 SYSTEMPATH/CodeIgniter.php(355): CodeIgniter\CodeIgniter->handleRequest()
10 SYSTEMPATH/Boot.php(325): CodeIgniter\CodeIgniter->run()
11 SYSTEMPATH/Boot.php(67): CodeIgniter\Boot::runCodeIgniter()
12 FCPATH/index.php(56): CodeIgniter\Boot::bootWeb()
CRITICAL - 2025-04-16 06:52:32 --> ErrorException: Undefined array key "phone3"
[Method: GET, Route: contact-us]
in APPPATH/Views/home/contact.php on line 75.
 1 APPPATH/Views/home/contact.php(75): CodeIgniter\Debug\Exceptions->errorHandler()
 2 SYSTEMPATH/View/View.php(234): include('/home/u324612448/domains/karaaqua.com/public_html/app/Views/home/contact.php')
 3 SYSTEMPATH/View/View.php(237): CodeIgniter\View\View->CodeIgniter\View\{closure}()
 4 SYSTEMPATH/Common.php(1171): CodeIgniter\View\View->render()
 5 APPPATH/Controllers/BaseController.php(73): view()
 6 APPPATH/Controllers/Home.php(141): App\Controllers\BaseController->frontendLoad()
 7 SYSTEMPATH/CodeIgniter.php(933): App\Controllers\Home->contact()
 8 SYSTEMPATH/CodeIgniter.php(509): CodeIgniter\CodeIgniter->runController()
 9 SYSTEMPATH/CodeIgniter.php(355): CodeIgniter\CodeIgniter->handleRequest()
10 SYSTEMPATH/Boot.php(325): CodeIgniter\CodeIgniter->run()
11 SYSTEMPATH/Boot.php(67): CodeIgniter\Boot::runCodeIgniter()
12 FCPATH/index.php(56): CodeIgniter\Boot::bootWeb()
CRITICAL - 2025-04-16 06:53:05 --> ErrorException: Undefined array key "phone3"
[Method: GET, Route: contact-us]
in APPPATH/Views/home/contact.php on line 75.
 1 APPPATH/Views/home/contact.php(75): CodeIgniter\Debug\Exceptions->errorHandler()
 2 SYSTEMPATH/View/View.php(234): include('/home/u324612448/domains/karaaqua.com/public_html/app/Views/home/contact.php')
 3 SYSTEMPATH/View/View.php(237): CodeIgniter\View\View->CodeIgniter\View\{closure}()
 4 SYSTEMPATH/Common.php(1171): CodeIgniter\View\View->render()
 5 APPPATH/Controllers/BaseController.php(73): view()
 6 APPPATH/Controllers/Home.php(141): App\Controllers\BaseController->frontendLoad()
 7 SYSTEMPATH/CodeIgniter.php(933): App\Controllers\Home->contact()
 8 SYSTEMPATH/CodeIgniter.php(509): CodeIgniter\CodeIgniter->runController()
 9 SYSTEMPATH/CodeIgniter.php(355): CodeIgniter\CodeIgniter->handleRequest()
10 SYSTEMPATH/Boot.php(325): CodeIgniter\CodeIgniter->run()
11 SYSTEMPATH/Boot.php(67): CodeIgniter\Boot::runCodeIgniter()
12 FCPATH/index.php(56): CodeIgniter\Boot::bootWeb()
CRITICAL - 2025-04-16 06:53:11 --> ErrorException: Undefined array key "phone3"
[Method: GET, Route: contact-us]
in APPPATH/Views/home/contact.php on line 75.
 1 APPPATH/Views/home/contact.php(75): CodeIgniter\Debug\Exceptions->errorHandler()
 2 SYSTEMPATH/View/View.php(234): include('/home/u324612448/domains/karaaqua.com/public_html/app/Views/home/contact.php')
 3 SYSTEMPATH/View/View.php(237): CodeIgniter\View\View->CodeIgniter\View\{closure}()
 4 SYSTEMPATH/Common.php(1171): CodeIgniter\View\View->render()
 5 APPPATH/Controllers/BaseController.php(73): view()
 6 APPPATH/Controllers/Home.php(141): App\Controllers\BaseController->frontendLoad()
 7 SYSTEMPATH/CodeIgniter.php(933): App\Controllers\Home->contact()
 8 SYSTEMPATH/CodeIgniter.php(509): CodeIgniter\CodeIgniter->runController()
 9 SYSTEMPATH/CodeIgniter.php(355): CodeIgniter\CodeIgniter->handleRequest()
10 SYSTEMPATH/Boot.php(325): CodeIgniter\CodeIgniter->run()
11 SYSTEMPATH/Boot.php(67): CodeIgniter\Boot::runCodeIgniter()
12 FCPATH/index.php(56): CodeIgniter\Boot::bootWeb()
CRITICAL - 2025-04-16 06:53:12 --> ErrorException: Undefined array key "phone3"
[Method: GET, Route: contact-us]
in APPPATH/Views/home/contact.php on line 75.
 1 APPPATH/Views/home/contact.php(75): CodeIgniter\Debug\Exceptions->errorHandler()
 2 SYSTEMPATH/View/View.php(234): include('/home/u324612448/domains/karaaqua.com/public_html/app/Views/home/contact.php')
 3 SYSTEMPATH/View/View.php(237): CodeIgniter\View\View->CodeIgniter\View\{closure}()
 4 SYSTEMPATH/Common.php(1171): CodeIgniter\View\View->render()
 5 APPPATH/Controllers/BaseController.php(73): view()
 6 APPPATH/Controllers/Home.php(141): App\Controllers\BaseController->frontendLoad()
 7 SYSTEMPATH/CodeIgniter.php(933): App\Controllers\Home->contact()
 8 SYSTEMPATH/CodeIgniter.php(509): CodeIgniter\CodeIgniter->runController()
 9 SYSTEMPATH/CodeIgniter.php(355): CodeIgniter\CodeIgniter->handleRequest()
10 SYSTEMPATH/Boot.php(325): CodeIgniter\CodeIgniter->run()
11 SYSTEMPATH/Boot.php(67): CodeIgniter\Boot::runCodeIgniter()
12 FCPATH/index.php(56): CodeIgniter\Boot::bootWeb()
ERROR - 2025-04-16 06:53:14 --> mysqli_sql_exception: Table 'u324612448_kara.contact_detail' doesn't exist in /home/u324612448/domains/karaaqua.com/public_html/system/Database/MySQLi/Connection.php:312
Stack trace:
#0 /home/u324612448/domains/karaaqua.com/public_html/system/Database/MySQLi/Connection.php(312): mysqli->query()
#1 /home/u324612448/domains/karaaqua.com/public_html/system/Database/BaseConnection.php(734): CodeIgniter\Database\MySQLi\Connection->execute()
#2 /home/u324612448/domains/karaaqua.com/public_html/system/Database/BaseConnection.php(648): CodeIgniter\Database\BaseConnection->simpleQuery()
#3 /home/u324612448/domains/karaaqua.com/public_html/system/Database/BaseBuilder.php(1636): CodeIgniter\Database\BaseConnection->query()
#4 /home/u324612448/domains/karaaqua.com/public_html/app/Models/HomeModel.php(111): CodeIgniter\Database\BaseBuilder->get()
#5 /home/u324612448/domains/karaaqua.com/public_html/app/Controllers/Home.php(121): App\Models\HomeModel->contactData()
#6 /home/u324612448/domains/karaaqua.com/public_html/system/CodeIgniter.php(933): App\Controllers\Home->contact()
#7 /home/u324612448/domains/karaaqua.com/public_html/system/CodeIgniter.php(509): CodeIgniter\CodeIgniter->runController()
#8 /home/u324612448/domains/karaaqua.com/public_html/system/CodeIgniter.php(355): CodeIgniter\CodeIgniter->handleRequest()
#9 /home/u324612448/domains/karaaqua.com/public_html/system/Boot.php(325): CodeIgniter\CodeIgniter->run()
#10 /home/u324612448/domains/karaaqua.com/public_html/system/Boot.php(67): CodeIgniter\Boot::runCodeIgniter()
#11 /home/u324612448/domains/karaaqua.com/public_html/index.php(56): CodeIgniter\Boot::bootWeb()
#12 {main}
CRITICAL - 2025-04-16 06:53:14 --> CodeIgniter\Database\Exceptions\DatabaseException: Table 'u324612448_kara.contact_detail' doesn't exist
[Method: GET, Route: contact-us]
in SYSTEMPATH/Database/BaseConnection.php on line 688.
 1 SYSTEMPATH/Database/BaseBuilder.php(1636): CodeIgniter\Database\BaseConnection->query()
 2 APPPATH/Models/HomeModel.php(111): CodeIgniter\Database\BaseBuilder->get()
 3 APPPATH/Controllers/Home.php(121): App\Models\HomeModel->contactData()
 4 SYSTEMPATH/CodeIgniter.php(933): App\Controllers\Home->contact()
 5 SYSTEMPATH/CodeIgniter.php(509): CodeIgniter\CodeIgniter->runController()
 6 SYSTEMPATH/CodeIgniter.php(355): CodeIgniter\CodeIgniter->handleRequest()
 7 SYSTEMPATH/Boot.php(325): CodeIgniter\CodeIgniter->run()
 8 SYSTEMPATH/Boot.php(67): CodeIgniter\Boot::runCodeIgniter()
 9 FCPATH/index.php(56): CodeIgniter\Boot::bootWeb()
CRITICAL - 2025-04-16 06:53:14 --> [Caused by] CodeIgniter\Database\Exceptions\DatabaseException: Table 'u324612448_kara.contact_detail' doesn't exist
in SYSTEMPATH/Database/MySQLi/Connection.php on line 317.
 1 SYSTEMPATH/Database/BaseConnection.php(734): CodeIgniter\Database\MySQLi\Connection->execute()
 2 SYSTEMPATH/Database/BaseConnection.php(648): CodeIgniter\Database\BaseConnection->simpleQuery()
 3 SYSTEMPATH/Database/BaseBuilder.php(1636): CodeIgniter\Database\BaseConnection->query()
 4 APPPATH/Models/HomeModel.php(111): CodeIgniter\Database\BaseBuilder->get()
 5 APPPATH/Controllers/Home.php(121): App\Models\HomeModel->contactData()
 6 SYSTEMPATH/CodeIgniter.php(933): App\Controllers\Home->contact()
 7 SYSTEMPATH/CodeIgniter.php(509): CodeIgniter\CodeIgniter->runController()
 8 SYSTEMPATH/CodeIgniter.php(355): CodeIgniter\CodeIgniter->handleRequest()
 9 SYSTEMPATH/Boot.php(325): CodeIgniter\CodeIgniter->run()
10 SYSTEMPATH/Boot.php(67): CodeIgniter\Boot::runCodeIgniter()
11 FCPATH/index.php(56): CodeIgniter\Boot::bootWeb()
CRITICAL - 2025-04-16 06:53:14 --> [Caused by] mysqli_sql_exception: Table 'u324612448_kara.contact_detail' doesn't exist
in SYSTEMPATH/Database/MySQLi/Connection.php on line 312.
 1 SYSTEMPATH/Database/MySQLi/Connection.php(312): mysqli->query()
 2 SYSTEMPATH/Database/BaseConnection.php(734): CodeIgniter\Database\MySQLi\Connection->execute()
 3 SYSTEMPATH/Database/BaseConnection.php(648): CodeIgniter\Database\BaseConnection->simpleQuery()
 4 SYSTEMPATH/Database/BaseBuilder.php(1636): CodeIgniter\Database\BaseConnection->query()
 5 APPPATH/Models/HomeModel.php(111): CodeIgniter\Database\BaseBuilder->get()
 6 APPPATH/Controllers/Home.php(121): App\Models\HomeModel->contactData()
 7 SYSTEMPATH/CodeIgniter.php(933): App\Controllers\Home->contact()
 8 SYSTEMPATH/CodeIgniter.php(509): CodeIgniter\CodeIgniter->runController()
 9 SYSTEMPATH/CodeIgniter.php(355): CodeIgniter\CodeIgniter->handleRequest()
10 SYSTEMPATH/Boot.php(325): CodeIgniter\CodeIgniter->run()
11 SYSTEMPATH/Boot.php(67): CodeIgniter\Boot::runCodeIgniter()
12 FCPATH/index.php(56): CodeIgniter\Boot::bootWeb()
ERROR - 2025-04-16 06:53:14 --> mysqli_sql_exception: Table 'u324612448_kara.contact_detail' doesn't exist in /home/u324612448/domains/karaaqua.com/public_html/system/Database/MySQLi/Connection.php:312
Stack trace:
#0 /home/u324612448/domains/karaaqua.com/public_html/system/Database/MySQLi/Connection.php(312): mysqli->query()
#1 /home/u324612448/domains/karaaqua.com/public_html/system/Database/BaseConnection.php(734): CodeIgniter\Database\MySQLi\Connection->execute()
#2 /home/u324612448/domains/karaaqua.com/public_html/system/Database/BaseConnection.php(648): CodeIgniter\Database\BaseConnection->simpleQuery()
#3 /home/u324612448/domains/karaaqua.com/public_html/system/Database/BaseBuilder.php(1636): CodeIgniter\Database\BaseConnection->query()
#4 /home/u324612448/domains/karaaqua.com/public_html/app/Models/HomeModel.php(111): CodeIgniter\Database\BaseBuilder->get()
#5 /home/u324612448/domains/karaaqua.com/public_html/app/Controllers/Home.php(121): App\Models\HomeModel->contactData()
#6 /home/u324612448/domains/karaaqua.com/public_html/system/CodeIgniter.php(933): App\Controllers\Home->contact()
#7 /home/u324612448/domains/karaaqua.com/public_html/system/CodeIgniter.php(509): CodeIgniter\CodeIgniter->runController()
#8 /home/u324612448/domains/karaaqua.com/public_html/system/CodeIgniter.php(355): CodeIgniter\CodeIgniter->handleRequest()
#9 /home/u324612448/domains/karaaqua.com/public_html/system/Boot.php(325): CodeIgniter\CodeIgniter->run()
#10 /home/u324612448/domains/karaaqua.com/public_html/system/Boot.php(67): CodeIgniter\Boot::runCodeIgniter()
#11 /home/u324612448/domains/karaaqua.com/public_html/index.php(56): CodeIgniter\Boot::bootWeb()
#12 {main}
CRITICAL - 2025-04-16 06:53:14 --> CodeIgniter\Database\Exceptions\DatabaseException: Table 'u324612448_kara.contact_detail' doesn't exist
[Method: GET, Route: contact-us]
in SYSTEMPATH/Database/BaseConnection.php on line 688.
 1 SYSTEMPATH/Database/BaseBuilder.php(1636): CodeIgniter\Database\BaseConnection->query()
 2 APPPATH/Models/HomeModel.php(111): CodeIgniter\Database\BaseBuilder->get()
 3 APPPATH/Controllers/Home.php(121): App\Models\HomeModel->contactData()
 4 SYSTEMPATH/CodeIgniter.php(933): App\Controllers\Home->contact()
 5 SYSTEMPATH/CodeIgniter.php(509): CodeIgniter\CodeIgniter->runController()
 6 SYSTEMPATH/CodeIgniter.php(355): CodeIgniter\CodeIgniter->handleRequest()
 7 SYSTEMPATH/Boot.php(325): CodeIgniter\CodeIgniter->run()
 8 SYSTEMPATH/Boot.php(67): CodeIgniter\Boot::runCodeIgniter()
 9 FCPATH/index.php(56): CodeIgniter\Boot::bootWeb()
CRITICAL - 2025-04-16 06:53:14 --> [Caused by] CodeIgniter\Database\Exceptions\DatabaseException: Table 'u324612448_kara.contact_detail' doesn't exist
in SYSTEMPATH/Database/MySQLi/Connection.php on line 317.
 1 SYSTEMPATH/Database/BaseConnection.php(734): CodeIgniter\Database\MySQLi\Connection->execute()
 2 SYSTEMPATH/Database/BaseConnection.php(648): CodeIgniter\Database\BaseConnection->simpleQuery()
 3 SYSTEMPATH/Database/BaseBuilder.php(1636): CodeIgniter\Database\BaseConnection->query()
 4 APPPATH/Models/HomeModel.php(111): CodeIgniter\Database\BaseBuilder->get()
 5 APPPATH/Controllers/Home.php(121): App\Models\HomeModel->contactData()
 6 SYSTEMPATH/CodeIgniter.php(933): App\Controllers\Home->contact()
 7 SYSTEMPATH/CodeIgniter.php(509): CodeIgniter\CodeIgniter->runController()
 8 SYSTEMPATH/CodeIgniter.php(355): CodeIgniter\CodeIgniter->handleRequest()
 9 SYSTEMPATH/Boot.php(325): CodeIgniter\CodeIgniter->run()
10 SYSTEMPATH/Boot.php(67): CodeIgniter\Boot::runCodeIgniter()
11 FCPATH/index.php(56): CodeIgniter\Boot::bootWeb()
CRITICAL - 2025-04-16 06:53:14 --> [Caused by] mysqli_sql_exception: Table 'u324612448_kara.contact_detail' doesn't exist
in SYSTEMPATH/Database/MySQLi/Connection.php on line 312.
 1 SYSTEMPATH/Database/MySQLi/Connection.php(312): mysqli->query()
 2 SYSTEMPATH/Database/BaseConnection.php(734): CodeIgniter\Database\MySQLi\Connection->execute()
 3 SYSTEMPATH/Database/BaseConnection.php(648): CodeIgniter\Database\BaseConnection->simpleQuery()
 4 SYSTEMPATH/Database/BaseBuilder.php(1636): CodeIgniter\Database\BaseConnection->query()
 5 APPPATH/Models/HomeModel.php(111): CodeIgniter\Database\BaseBuilder->get()
 6 APPPATH/Controllers/Home.php(121): App\Models\HomeModel->contactData()
 7 SYSTEMPATH/CodeIgniter.php(933): App\Controllers\Home->contact()
 8 SYSTEMPATH/CodeIgniter.php(509): CodeIgniter\CodeIgniter->runController()
 9 SYSTEMPATH/CodeIgniter.php(355): CodeIgniter\CodeIgniter->handleRequest()
10 SYSTEMPATH/Boot.php(325): CodeIgniter\CodeIgniter->run()
11 SYSTEMPATH/Boot.php(67): CodeIgniter\Boot::runCodeIgniter()
12 FCPATH/index.php(56): CodeIgniter\Boot::bootWeb()
ERROR - 2025-04-16 06:53:15 --> mysqli_sql_exception: Table 'u324612448_kara.contact_detail' doesn't exist in /home/u324612448/domains/karaaqua.com/public_html/system/Database/MySQLi/Connection.php:312
Stack trace:
#0 /home/u324612448/domains/karaaqua.com/public_html/system/Database/MySQLi/Connection.php(312): mysqli->query()
#1 /home/u324612448/domains/karaaqua.com/public_html/system/Database/BaseConnection.php(734): CodeIgniter\Database\MySQLi\Connection->execute()
#2 /home/u324612448/domains/karaaqua.com/public_html/system/Database/BaseConnection.php(648): CodeIgniter\Database\BaseConnection->simpleQuery()
#3 /home/u324612448/domains/karaaqua.com/public_html/system/Database/BaseBuilder.php(1636): CodeIgniter\Database\BaseConnection->query()
#4 /home/u324612448/domains/karaaqua.com/public_html/app/Models/HomeModel.php(111): CodeIgniter\Database\BaseBuilder->get()
#5 /home/u324612448/domains/karaaqua.com/public_html/app/Controllers/Home.php(121): App\Models\HomeModel->contactData()
#6 /home/u324612448/domains/karaaqua.com/public_html/system/CodeIgniter.php(933): App\Controllers\Home->contact()
#7 /home/u324612448/domains/karaaqua.com/public_html/system/CodeIgniter.php(509): CodeIgniter\CodeIgniter->runController()
#8 /home/u324612448/domains/karaaqua.com/public_html/system/CodeIgniter.php(355): CodeIgniter\CodeIgniter->handleRequest()
#9 /home/u324612448/domains/karaaqua.com/public_html/system/Boot.php(325): CodeIgniter\CodeIgniter->run()
#10 /home/u324612448/domains/karaaqua.com/public_html/system/Boot.php(67): CodeIgniter\Boot::runCodeIgniter()
#11 /home/u324612448/domains/karaaqua.com/public_html/index.php(56): CodeIgniter\Boot::bootWeb()
#12 {main}
CRITICAL - 2025-04-16 06:53:15 --> CodeIgniter\Database\Exceptions\DatabaseException: Table 'u324612448_kara.contact_detail' doesn't exist
[Method: GET, Route: contact-us]
in SYSTEMPATH/Database/BaseConnection.php on line 688.
 1 SYSTEMPATH/Database/BaseBuilder.php(1636): CodeIgniter\Database\BaseConnection->query()
 2 APPPATH/Models/HomeModel.php(111): CodeIgniter\Database\BaseBuilder->get()
 3 APPPATH/Controllers/Home.php(121): App\Models\HomeModel->contactData()
 4 SYSTEMPATH/CodeIgniter.php(933): App\Controllers\Home->contact()
 5 SYSTEMPATH/CodeIgniter.php(509): CodeIgniter\CodeIgniter->runController()
 6 SYSTEMPATH/CodeIgniter.php(355): CodeIgniter\CodeIgniter->handleRequest()
 7 SYSTEMPATH/Boot.php(325): CodeIgniter\CodeIgniter->run()
 8 SYSTEMPATH/Boot.php(67): CodeIgniter\Boot::runCodeIgniter()
 9 FCPATH/index.php(56): CodeIgniter\Boot::bootWeb()
CRITICAL - 2025-04-16 06:53:15 --> [Caused by] CodeIgniter\Database\Exceptions\DatabaseException: Table 'u324612448_kara.contact_detail' doesn't exist
in SYSTEMPATH/Database/MySQLi/Connection.php on line 317.
 1 SYSTEMPATH/Database/BaseConnection.php(734): CodeIgniter\Database\MySQLi\Connection->execute()
 2 SYSTEMPATH/Database/BaseConnection.php(648): CodeIgniter\Database\BaseConnection->simpleQuery()
 3 SYSTEMPATH/Database/BaseBuilder.php(1636): CodeIgniter\Database\BaseConnection->query()
 4 APPPATH/Models/HomeModel.php(111): CodeIgniter\Database\BaseBuilder->get()
 5 APPPATH/Controllers/Home.php(121): App\Models\HomeModel->contactData()
 6 SYSTEMPATH/CodeIgniter.php(933): App\Controllers\Home->contact()
 7 SYSTEMPATH/CodeIgniter.php(509): CodeIgniter\CodeIgniter->runController()
 8 SYSTEMPATH/CodeIgniter.php(355): CodeIgniter\CodeIgniter->handleRequest()
 9 SYSTEMPATH/Boot.php(325): CodeIgniter\CodeIgniter->run()
10 SYSTEMPATH/Boot.php(67): CodeIgniter\Boot::runCodeIgniter()
11 FCPATH/index.php(56): CodeIgniter\Boot::bootWeb()
CRITICAL - 2025-04-16 06:53:15 --> [Caused by] mysqli_sql_exception: Table 'u324612448_kara.contact_detail' doesn't exist
in SYSTEMPATH/Database/MySQLi/Connection.php on line 312.
 1 SYSTEMPATH/Database/MySQLi/Connection.php(312): mysqli->query()
 2 SYSTEMPATH/Database/BaseConnection.php(734): CodeIgniter\Database\MySQLi\Connection->execute()
 3 SYSTEMPATH/Database/BaseConnection.php(648): CodeIgniter\Database\BaseConnection->simpleQuery()
 4 SYSTEMPATH/Database/BaseBuilder.php(1636): CodeIgniter\Database\BaseConnection->query()
 5 APPPATH/Models/HomeModel.php(111): CodeIgniter\Database\BaseBuilder->get()
 6 APPPATH/Controllers/Home.php(121): App\Models\HomeModel->contactData()
 7 SYSTEMPATH/CodeIgniter.php(933): App\Controllers\Home->contact()
 8 SYSTEMPATH/CodeIgniter.php(509): CodeIgniter\CodeIgniter->runController()
 9 SYSTEMPATH/CodeIgniter.php(355): CodeIgniter\CodeIgniter->handleRequest()
10 SYSTEMPATH/Boot.php(325): CodeIgniter\CodeIgniter->run()
11 SYSTEMPATH/Boot.php(67): CodeIgniter\Boot::runCodeIgniter()
12 FCPATH/index.php(56): CodeIgniter\Boot::bootWeb()
ERROR - 2025-04-16 06:53:19 --> mysqli_sql_exception: Table 'u324612448_kara.contact_detail' doesn't exist in /home/u324612448/domains/karaaqua.com/public_html/system/Database/MySQLi/Connection.php:312
Stack trace:
#0 /home/u324612448/domains/karaaqua.com/public_html/system/Database/MySQLi/Connection.php(312): mysqli->query()
#1 /home/u324612448/domains/karaaqua.com/public_html/system/Database/BaseConnection.php(734): CodeIgniter\Database\MySQLi\Connection->execute()
#2 /home/u324612448/domains/karaaqua.com/public_html/system/Database/BaseConnection.php(648): CodeIgniter\Database\BaseConnection->simpleQuery()
#3 /home/u324612448/domains/karaaqua.com/public_html/system/Database/BaseBuilder.php(1636): CodeIgniter\Database\BaseConnection->query()
#4 /home/u324612448/domains/karaaqua.com/public_html/app/Models/HomeModel.php(111): CodeIgniter\Database\BaseBuilder->get()
#5 /home/u324612448/domains/karaaqua.com/public_html/app/Controllers/Home.php(121): App\Models\HomeModel->contactData()
#6 /home/u324612448/domains/karaaqua.com/public_html/system/CodeIgniter.php(933): App\Controllers\Home->contact()
#7 /home/u324612448/domains/karaaqua.com/public_html/system/CodeIgniter.php(509): CodeIgniter\CodeIgniter->runController()
#8 /home/u324612448/domains/karaaqua.com/public_html/system/CodeIgniter.php(355): CodeIgniter\CodeIgniter->handleRequest()
#9 /home/u324612448/domains/karaaqua.com/public_html/system/Boot.php(325): CodeIgniter\CodeIgniter->run()
#10 /home/u324612448/domains/karaaqua.com/public_html/system/Boot.php(67): CodeIgniter\Boot::runCodeIgniter()
#11 /home/u324612448/domains/karaaqua.com/public_html/index.php(56): CodeIgniter\Boot::bootWeb()
#12 {main}
CRITICAL - 2025-04-16 06:53:19 --> CodeIgniter\Database\Exceptions\DatabaseException: Table 'u324612448_kara.contact_detail' doesn't exist
[Method: GET, Route: contact-us]
in SYSTEMPATH/Database/BaseConnection.php on line 688.
 1 SYSTEMPATH/Database/BaseBuilder.php(1636): CodeIgniter\Database\BaseConnection->query()
 2 APPPATH/Models/HomeModel.php(111): CodeIgniter\Database\BaseBuilder->get()
 3 APPPATH/Controllers/Home.php(121): App\Models\HomeModel->contactData()
 4 SYSTEMPATH/CodeIgniter.php(933): App\Controllers\Home->contact()
 5 SYSTEMPATH/CodeIgniter.php(509): CodeIgniter\CodeIgniter->runController()
 6 SYSTEMPATH/CodeIgniter.php(355): CodeIgniter\CodeIgniter->handleRequest()
 7 SYSTEMPATH/Boot.php(325): CodeIgniter\CodeIgniter->run()
 8 SYSTEMPATH/Boot.php(67): CodeIgniter\Boot::runCodeIgniter()
 9 FCPATH/index.php(56): CodeIgniter\Boot::bootWeb()
CRITICAL - 2025-04-16 06:53:19 --> [Caused by] CodeIgniter\Database\Exceptions\DatabaseException: Table 'u324612448_kara.contact_detail' doesn't exist
in SYSTEMPATH/Database/MySQLi/Connection.php on line 317.
 1 SYSTEMPATH/Database/BaseConnection.php(734): CodeIgniter\Database\MySQLi\Connection->execute()
 2 SYSTEMPATH/Database/BaseConnection.php(648): CodeIgniter\Database\BaseConnection->simpleQuery()
 3 SYSTEMPATH/Database/BaseBuilder.php(1636): CodeIgniter\Database\BaseConnection->query()
 4 APPPATH/Models/HomeModel.php(111): CodeIgniter\Database\BaseBuilder->get()
 5 APPPATH/Controllers/Home.php(121): App\Models\HomeModel->contactData()
 6 SYSTEMPATH/CodeIgniter.php(933): App\Controllers\Home->contact()
 7 SYSTEMPATH/CodeIgniter.php(509): CodeIgniter\CodeIgniter->runController()
 8 SYSTEMPATH/CodeIgniter.php(355): CodeIgniter\CodeIgniter->handleRequest()
 9 SYSTEMPATH/Boot.php(325): CodeIgniter\CodeIgniter->run()
10 SYSTEMPATH/Boot.php(67): CodeIgniter\Boot::runCodeIgniter()
11 FCPATH/index.php(56): CodeIgniter\Boot::bootWeb()
CRITICAL - 2025-04-16 06:53:19 --> [Caused by] mysqli_sql_exception: Table 'u324612448_kara.contact_detail' doesn't exist
in SYSTEMPATH/Database/MySQLi/Connection.php on line 312.
 1 SYSTEMPATH/Database/MySQLi/Connection.php(312): mysqli->query()
 2 SYSTEMPATH/Database/BaseConnection.php(734): CodeIgniter\Database\MySQLi\Connection->execute()
 3 SYSTEMPATH/Database/BaseConnection.php(648): CodeIgniter\Database\BaseConnection->simpleQuery()
 4 SYSTEMPATH/Database/BaseBuilder.php(1636): CodeIgniter\Database\BaseConnection->query()
 5 APPPATH/Models/HomeModel.php(111): CodeIgniter\Database\BaseBuilder->get()
 6 APPPATH/Controllers/Home.php(121): App\Models\HomeModel->contactData()
 7 SYSTEMPATH/CodeIgniter.php(933): App\Controllers\Home->contact()
 8 SYSTEMPATH/CodeIgniter.php(509): CodeIgniter\CodeIgniter->runController()
 9 SYSTEMPATH/CodeIgniter.php(355): CodeIgniter\CodeIgniter->handleRequest()
10 SYSTEMPATH/Boot.php(325): CodeIgniter\CodeIgniter->run()
11 SYSTEMPATH/Boot.php(67): CodeIgniter\Boot::runCodeIgniter()
12 FCPATH/index.php(56): CodeIgniter\Boot::bootWeb()
ERROR - 2025-04-16 06:53:19 --> mysqli_sql_exception: Table 'u324612448_kara.contact_detail' doesn't exist in /home/u324612448/domains/karaaqua.com/public_html/system/Database/MySQLi/Connection.php:312
Stack trace:
#0 /home/u324612448/domains/karaaqua.com/public_html/system/Database/MySQLi/Connection.php(312): mysqli->query()
#1 /home/u324612448/domains/karaaqua.com/public_html/system/Database/BaseConnection.php(734): CodeIgniter\Database\MySQLi\Connection->execute()
#2 /home/u324612448/domains/karaaqua.com/public_html/system/Database/BaseConnection.php(648): CodeIgniter\Database\BaseConnection->simpleQuery()
#3 /home/u324612448/domains/karaaqua.com/public_html/system/Database/BaseBuilder.php(1636): CodeIgniter\Database\BaseConnection->query()
#4 /home/u324612448/domains/karaaqua.com/public_html/app/Models/HomeModel.php(111): CodeIgniter\Database\BaseBuilder->get()
#5 /home/u324612448/domains/karaaqua.com/public_html/app/Controllers/Home.php(121): App\Models\HomeModel->contactData()
#6 /home/u324612448/domains/karaaqua.com/public_html/system/CodeIgniter.php(933): App\Controllers\Home->contact()
#7 /home/u324612448/domains/karaaqua.com/public_html/system/CodeIgniter.php(509): CodeIgniter\CodeIgniter->runController()
#8 /home/u324612448/domains/karaaqua.com/public_html/system/CodeIgniter.php(355): CodeIgniter\CodeIgniter->handleRequest()
#9 /home/u324612448/domains/karaaqua.com/public_html/system/Boot.php(325): CodeIgniter\CodeIgniter->run()
#10 /home/u324612448/domains/karaaqua.com/public_html/system/Boot.php(67): CodeIgniter\Boot::runCodeIgniter()
#11 /home/u324612448/domains/karaaqua.com/public_html/index.php(56): CodeIgniter\Boot::bootWeb()
#12 {main}
CRITICAL - 2025-04-16 06:53:19 --> CodeIgniter\Database\Exceptions\DatabaseException: Table 'u324612448_kara.contact_detail' doesn't exist
[Method: GET, Route: contact-us]
in SYSTEMPATH/Database/BaseConnection.php on line 688.
 1 SYSTEMPATH/Database/BaseBuilder.php(1636): CodeIgniter\Database\BaseConnection->query()
 2 APPPATH/Models/HomeModel.php(111): CodeIgniter\Database\BaseBuilder->get()
 3 APPPATH/Controllers/Home.php(121): App\Models\HomeModel->contactData()
 4 SYSTEMPATH/CodeIgniter.php(933): App\Controllers\Home->contact()
 5 SYSTEMPATH/CodeIgniter.php(509): CodeIgniter\CodeIgniter->runController()
 6 SYSTEMPATH/CodeIgniter.php(355): CodeIgniter\CodeIgniter->handleRequest()
 7 SYSTEMPATH/Boot.php(325): CodeIgniter\CodeIgniter->run()
 8 SYSTEMPATH/Boot.php(67): CodeIgniter\Boot::runCodeIgniter()
 9 FCPATH/index.php(56): CodeIgniter\Boot::bootWeb()
CRITICAL - 2025-04-16 06:53:19 --> [Caused by] CodeIgniter\Database\Exceptions\DatabaseException: Table 'u324612448_kara.contact_detail' doesn't exist
in SYSTEMPATH/Database/MySQLi/Connection.php on line 317.
 1 SYSTEMPATH/Database/BaseConnection.php(734): CodeIgniter\Database\MySQLi\Connection->execute()
 2 SYSTEMPATH/Database/BaseConnection.php(648): CodeIgniter\Database\BaseConnection->simpleQuery()
 3 SYSTEMPATH/Database/BaseBuilder.php(1636): CodeIgniter\Database\BaseConnection->query()
 4 APPPATH/Models/HomeModel.php(111): CodeIgniter\Database\BaseBuilder->get()
 5 APPPATH/Controllers/Home.php(121): App\Models\HomeModel->contactData()
 6 SYSTEMPATH/CodeIgniter.php(933): App\Controllers\Home->contact()
 7 SYSTEMPATH/CodeIgniter.php(509): CodeIgniter\CodeIgniter->runController()
 8 SYSTEMPATH/CodeIgniter.php(355): CodeIgniter\CodeIgniter->handleRequest()
 9 SYSTEMPATH/Boot.php(325): CodeIgniter\CodeIgniter->run()
10 SYSTEMPATH/Boot.php(67): CodeIgniter\Boot::runCodeIgniter()
11 FCPATH/index.php(56): CodeIgniter\Boot::bootWeb()
CRITICAL - 2025-04-16 06:53:19 --> [Caused by] mysqli_sql_exception: Table 'u324612448_kara.contact_detail' doesn't exist
in SYSTEMPATH/Database/MySQLi/Connection.php on line 312.
 1 SYSTEMPATH/Database/MySQLi/Connection.php(312): mysqli->query()
 2 SYSTEMPATH/Database/BaseConnection.php(734): CodeIgniter\Database\MySQLi\Connection->execute()
 3 SYSTEMPATH/Database/BaseConnection.php(648): CodeIgniter\Database\BaseConnection->simpleQuery()
 4 SYSTEMPATH/Database/BaseBuilder.php(1636): CodeIgniter\Database\BaseConnection->query()
 5 APPPATH/Models/HomeModel.php(111): CodeIgniter\Database\BaseBuilder->get()
 6 APPPATH/Controllers/Home.php(121): App\Models\HomeModel->contactData()
 7 SYSTEMPATH/CodeIgniter.php(933): App\Controllers\Home->contact()
 8 SYSTEMPATH/CodeIgniter.php(509): CodeIgniter\CodeIgniter->runController()
 9 SYSTEMPATH/CodeIgniter.php(355): CodeIgniter\CodeIgniter->handleRequest()
10 SYSTEMPATH/Boot.php(325): CodeIgniter\CodeIgniter->run()
11 SYSTEMPATH/Boot.php(67): CodeIgniter\Boot::runCodeIgniter()
12 FCPATH/index.php(56): CodeIgniter\Boot::bootWeb()
