CRITICAL - 2025-06-10 03:07:48 --> ErrorException: Trying to access array offset on value of type null
[Method: GET, Route: blog/commercial-ro-water-plant-services-in-delhi-ncr]
in APPPATH/Controllers/Home.php on line 194.
 1 APPPATH/Controllers/Home.php(194): CodeIgniter\Debug\Exceptions->errorHandler()
 2 SYSTEMPATH/CodeIgniter.php(933): App\Controllers\Home->blog()
 3 SYSTEMPATH/CodeIgniter.php(509): CodeIgniter\CodeIgniter->runController()
 4 SYSTEMPATH/CodeIgniter.php(355): CodeIgniter\CodeIgniter->handleRequest()
 5 SYSTEMPATH/Boot.php(325): CodeIgniter\CodeIgniter->run()
 6 SYSTEMPATH/Boot.php(67): CodeIgniter\Boot::runCodeIgniter()
 7 FCPATH/index.php(56): CodeIgniter\Boot::bootWeb()
CRITICAL - 2025-06-10 05:23:19 --> ErrorException: Trying to access array offset on value of type null
[Method: GET, Route: service/water-purifier-repair-service-delhi]
in APPPATH/Controllers/Home.php on line 89.
 1 APPPATH/Controllers/Home.php(89): CodeIgniter\Debug\Exceptions->errorHandler()
 2 SYSTEMPATH/CodeIgniter.php(933): App\Controllers\Home->serviceDetail()
 3 SYSTEMPATH/CodeIgniter.php(509): CodeIgniter\CodeIgniter->runController()
 4 SYSTEMPATH/CodeIgniter.php(355): CodeIgniter\CodeIgniter->handleRequest()
 5 SYSTEMPATH/Boot.php(325): CodeIgniter\CodeIgniter->run()
 6 SYSTEMPATH/Boot.php(67): CodeIgniter\Boot::runCodeIgniter()
 7 FCPATH/index.php(56): CodeIgniter\Boot::bootWeb()
CRITICAL - 2025-06-10 05:23:20 --> ErrorException: Trying to access array offset on value of type null
[Method: GET, Route: service/water-purifier-repair-service-delhi]
in APPPATH/Controllers/Home.php on line 89.
 1 APPPATH/Controllers/Home.php(89): CodeIgniter\Debug\Exceptions->errorHandler()
 2 SYSTEMPATH/CodeIgniter.php(933): App\Controllers\Home->serviceDetail()
 3 SYSTEMPATH/CodeIgniter.php(509): CodeIgniter\CodeIgniter->runController()
 4 SYSTEMPATH/CodeIgniter.php(355): CodeIgniter\CodeIgniter->handleRequest()
 5 SYSTEMPATH/Boot.php(325): CodeIgniter\CodeIgniter->run()
 6 SYSTEMPATH/Boot.php(67): CodeIgniter\Boot::runCodeIgniter()
 7 FCPATH/index.php(56): CodeIgniter\Boot::bootWeb()
CRITICAL - 2025-06-10 06:12:16 --> ErrorException: Trying to access array offset on value of type null
[Method: GET, Route: product/kara-aqualine-series-1001]
in APPPATH/Controllers/Home.php on line 459.
 1 APPPATH/Controllers/Home.php(459): CodeIgniter\Debug\Exceptions->errorHandler()
 2 SYSTEMPATH/CodeIgniter.php(933): App\Controllers\Home->productDetails()
 3 SYSTEMPATH/CodeIgniter.php(509): CodeIgniter\CodeIgniter->runController()
 4 SYSTEMPATH/CodeIgniter.php(355): CodeIgniter\CodeIgniter->handleRequest()
 5 SYSTEMPATH/Boot.php(325): CodeIgniter\CodeIgniter->run()
 6 SYSTEMPATH/Boot.php(67): CodeIgniter\Boot::runCodeIgniter()
 7 FCPATH/index.php(56): CodeIgniter\Boot::bootWeb()
ERROR - 2025-06-10 11:44:28 --> Error connecting to the database: mysqli_sql_exception: Connection refused in /home/u324612448/domains/karaaqua.com/public_html/system/Database/MySQLi/Connection.php:186
Stack trace:
#0 /home/u324612448/domains/karaaqua.com/public_html/system/Database/MySQLi/Connection.php(186): mysqli->real_connect()
#1 /home/u324612448/domains/karaaqua.com/public_html/system/Database/BaseConnection.php(421): CodeIgniter\Database\MySQLi\Connection->connect()
#2 /home/u324612448/domains/karaaqua.com/public_html/system/Database/BaseConnection.php(616): CodeIgniter\Database\BaseConnection->initialize()
#3 /home/u324612448/domains/karaaqua.com/public_html/system/Database/BaseBuilder.php(1636): CodeIgniter\Database\BaseConnection->query()
#4 /home/u324612448/domains/karaaqua.com/public_html/app/Models/HomeModel.php(45): CodeIgniter\Database\BaseBuilder->get()
#5 /home/u324612448/domains/karaaqua.com/public_html/app/Controllers/Home.php(24): App\Models\HomeModel->productList()
#6 /home/u324612448/domains/karaaqua.com/public_html/system/CodeIgniter.php(933): App\Controllers\Home->index()
#7 /home/u324612448/domains/karaaqua.com/public_html/system/CodeIgniter.php(509): CodeIgniter\CodeIgniter->runController()
#8 /home/u324612448/domains/karaaqua.com/public_html/system/CodeIgniter.php(355): CodeIgniter\CodeIgniter->handleRequest()
#9 /home/u324612448/domains/karaaqua.com/public_html/system/Boot.php(325): CodeIgniter\CodeIgniter->run()
#10 /home/u324612448/domains/karaaqua.com/public_html/system/Boot.php(67): CodeIgniter\Boot::runCodeIgniter()
#11 /home/u324612448/domains/karaaqua.com/public_html/index.php(56): CodeIgniter\Boot::bootWeb()
#12 {main}

Next CodeIgniter\Database\Exceptions\DatabaseException: Connection refused in /home/u324612448/domains/karaaqua.com/public_html/system/Database/MySQLi/Connection.php:231
Stack trace:
#0 /home/u324612448/domains/karaaqua.com/public_html/system/Database/BaseConnection.php(421): CodeIgniter\Database\MySQLi\Connection->connect()
#1 /home/u324612448/domains/karaaqua.com/public_html/system/Database/BaseConnection.php(616): CodeIgniter\Database\BaseConnection->initialize()
#2 /home/u324612448/domains/karaaqua.com/public_html/system/Database/BaseBuilder.php(1636): CodeIgniter\Database\BaseConnection->query()
#3 /home/u324612448/domains/karaaqua.com/public_html/app/Models/HomeModel.php(45): CodeIgniter\Database\BaseBuilder->get()
#4 /home/u324612448/domains/karaaqua.com/public_html/app/Controllers/Home.php(24): App\Models\HomeModel->productList()
#5 /home/u324612448/domains/karaaqua.com/public_html/system/CodeIgniter.php(933): App\Controllers\Home->index()
#6 /home/u324612448/domains/karaaqua.com/public_html/system/CodeIgniter.php(509): CodeIgniter\CodeIgniter->runController()
#7 /home/u324612448/domains/karaaqua.com/public_html/system/CodeIgniter.php(355): CodeIgniter\CodeIgniter->handleRequest()
#8 /home/u324612448/domains/karaaqua.com/public_html/system/Boot.php(325): CodeIgniter\CodeIgniter->run()
#9 /home/u324612448/domains/karaaqua.com/public_html/system/Boot.php(67): CodeIgniter\Boot::runCodeIgniter()
#10 /home/u324612448/domains/karaaqua.com/public_html/index.php(56): CodeIgniter\Boot::bootWeb()
#11 {main}
CRITICAL - 2025-06-10 11:44:28 --> CodeIgniter\Database\Exceptions\DatabaseException: Unable to connect to the database.
Main connection [MySQLi]: Connection refused
[Method: GET, Route: /]
in SYSTEMPATH/Database/BaseConnection.php on line 467.
 1 SYSTEMPATH/Database/BaseConnection.php(616): CodeIgniter\Database\BaseConnection->initialize()
 2 SYSTEMPATH/Database/BaseBuilder.php(1636): CodeIgniter\Database\BaseConnection->query()
 3 APPPATH/Models/HomeModel.php(45): CodeIgniter\Database\BaseBuilder->get()
 4 APPPATH/Controllers/Home.php(24): App\Models\HomeModel->productList()
 5 SYSTEMPATH/CodeIgniter.php(933): App\Controllers\Home->index()
 6 SYSTEMPATH/CodeIgniter.php(509): CodeIgniter\CodeIgniter->runController()
 7 SYSTEMPATH/CodeIgniter.php(355): CodeIgniter\CodeIgniter->handleRequest()
 8 SYSTEMPATH/Boot.php(325): CodeIgniter\CodeIgniter->run()
 9 SYSTEMPATH/Boot.php(67): CodeIgniter\Boot::runCodeIgniter()
10 FCPATH/index.php(56): CodeIgniter\Boot::bootWeb()
CRITICAL - 2025-06-10 14:42:32 --> ErrorException: Trying to access array offset on value of type null
[Method: GET, Route: product/kara-aqualine-series-1001]
in APPPATH/Controllers/Home.php on line 459.
 1 APPPATH/Controllers/Home.php(459): CodeIgniter\Debug\Exceptions->errorHandler()
 2 SYSTEMPATH/CodeIgniter.php(933): App\Controllers\Home->productDetails()
 3 SYSTEMPATH/CodeIgniter.php(509): CodeIgniter\CodeIgniter->runController()
 4 SYSTEMPATH/CodeIgniter.php(355): CodeIgniter\CodeIgniter->handleRequest()
 5 SYSTEMPATH/Boot.php(325): CodeIgniter\CodeIgniter->run()
 6 SYSTEMPATH/Boot.php(67): CodeIgniter\Boot::runCodeIgniter()
 7 FCPATH/index.php(56): CodeIgniter\Boot::bootWeb()
