ERROR - 2025-08-28 08:15:22 --> Error connecting to the database: mysqli_sql_exception: Access denied for user 'root'@'localhost' (using password: NO) in /home/u324612448/domains/karaaqua.com/public_html/demo/system/Database/MySQLi/Connection.php:186
Stack trace:
#0 /home/u324612448/domains/karaaqua.com/public_html/demo/system/Database/MySQLi/Connection.php(186): mysqli->real_connect()
#1 /home/u324612448/domains/karaaqua.com/public_html/demo/system/Database/BaseConnection.php(421): CodeIgniter\Database\MySQLi\Connection->connect()
#2 /home/u324612448/domains/karaaqua.com/public_html/demo/system/Database/BaseConnection.php(616): CodeIgniter\Database\BaseConnection->initialize()
#3 /home/u324612448/domains/karaaqua.com/public_html/demo/system/Database/BaseBuilder.php(1636): CodeIgniter\Database\BaseConnection->query()
#4 /home/u324612448/domains/karaaqua.com/public_html/demo/app/Models/HomeModel.php(45): CodeIgniter\Database\BaseBuilder->get()
#5 /home/u324612448/domains/karaaqua.com/public_html/demo/app/Controllers/Home.php(24): App\Models\HomeModel->productList()
#6 /home/u324612448/domains/karaaqua.com/public_html/demo/system/CodeIgniter.php(933): App\Controllers\Home->index()
#7 /home/u324612448/domains/karaaqua.com/public_html/demo/system/CodeIgniter.php(509): CodeIgniter\CodeIgniter->runController()
#8 /home/u324612448/domains/karaaqua.com/public_html/demo/system/CodeIgniter.php(355): CodeIgniter\CodeIgniter->handleRequest()
#9 /home/u324612448/domains/karaaqua.com/public_html/demo/system/Boot.php(325): CodeIgniter\CodeIgniter->run()
#10 /home/u324612448/domains/karaaqua.com/public_html/demo/system/Boot.php(67): CodeIgniter\Boot::runCodeIgniter()
#11 /home/u324612448/domains/karaaqua.com/public_html/demo/index.php(56): CodeIgniter\Boot::bootWeb()
#12 {main}

Next CodeIgniter\Database\Exceptions\DatabaseException: Access denied for user '****'@'localhost' (using password: NO) in /home/u324612448/domains/karaaqua.com/public_html/demo/system/Database/MySQLi/Connection.php:231
Stack trace:
#0 /home/u324612448/domains/karaaqua.com/public_html/demo/system/Database/BaseConnection.php(421): CodeIgniter\Database\MySQLi\Connection->connect()
#1 /home/u324612448/domains/karaaqua.com/public_html/demo/system/Database/BaseConnection.php(616): CodeIgniter\Database\BaseConnection->initialize()
#2 /home/u324612448/domains/karaaqua.com/public_html/demo/system/Database/BaseBuilder.php(1636): CodeIgniter\Database\BaseConnection->query()
#3 /home/u324612448/domains/karaaqua.com/public_html/demo/app/Models/HomeModel.php(45): CodeIgniter\Database\BaseBuilder->get()
#4 /home/u324612448/domains/karaaqua.com/public_html/demo/app/Controllers/Home.php(24): App\Models\HomeModel->productList()
#5 /home/u324612448/domains/karaaqua.com/public_html/demo/system/CodeIgniter.php(933): App\Controllers\Home->index()
#6 /home/u324612448/domains/karaaqua.com/public_html/demo/system/CodeIgniter.php(509): CodeIgniter\CodeIgniter->runController()
#7 /home/u324612448/domains/karaaqua.com/public_html/demo/system/CodeIgniter.php(355): CodeIgniter\CodeIgniter->handleRequest()
#8 /home/u324612448/domains/karaaqua.com/public_html/demo/system/Boot.php(325): CodeIgniter\CodeIgniter->run()
#9 /home/u324612448/domains/karaaqua.com/public_html/demo/system/Boot.php(67): CodeIgniter\Boot::runCodeIgniter()
#10 /home/u324612448/domains/karaaqua.com/public_html/demo/index.php(56): CodeIgniter\Boot::bootWeb()
#11 {main}
CRITICAL - 2025-08-28 08:15:22 --> CodeIgniter\Database\Exceptions\DatabaseException: Unable to connect to the database.
Main connection [MySQLi]: Access denied for user '****'@'localhost' (using password: NO)
[Method: GET, Route: /]
in SYSTEMPATH/Database/BaseConnection.php on line 467.
 1 SYSTEMPATH/Database/BaseConnection.php(616): CodeIgniter\Database\BaseConnection->initialize()
 2 SYSTEMPATH/Database/BaseBuilder.php(1636): CodeIgniter\Database\BaseConnection->query()
 3 APPPATH/Models/HomeModel.php(45): CodeIgniter\Database\BaseBuilder->get()
 4 APPPATH/Controllers/Home.php(24): App\Models\HomeModel->productList()
 5 SYSTEMPATH/CodeIgniter.php(933): App\Controllers\Home->index()
 6 SYSTEMPATH/CodeIgniter.php(509): CodeIgniter\CodeIgniter->runController()
 7 SYSTEMPATH/CodeIgniter.php(355): CodeIgniter\CodeIgniter->handleRequest()
 8 SYSTEMPATH/Boot.php(325): CodeIgniter\CodeIgniter->run()
 9 SYSTEMPATH/Boot.php(67): CodeIgniter\Boot::runCodeIgniter()
10 FCPATH/index.php(56): CodeIgniter\Boot::bootWeb()
CRITICAL - 2025-08-28 09:18:57 --> Error: Call to undefined method CodeIgniter\Session\Session::set_userdata()
[Method: GET, Route: user-login]
in APPPATH/Controllers/Home.php on line 750.
 1 SYSTEMPATH/CodeIgniter.php(933): App\Controllers\Home->loginPage()
 2 SYSTEMPATH/CodeIgniter.php(509): CodeIgniter\CodeIgniter->runController()
 3 SYSTEMPATH/CodeIgniter.php(355): CodeIgniter\CodeIgniter->handleRequest()
 4 SYSTEMPATH/Boot.php(325): CodeIgniter\CodeIgniter->run()
 5 SYSTEMPATH/Boot.php(67): CodeIgniter\Boot::runCodeIgniter()
 6 FCPATH/index.php(56): CodeIgniter\Boot::bootWeb()
CRITICAL - 2025-08-28 09:20:11 --> ErrorException: Undefined property: CodeIgniter\View\View::$session
[Method: GET, Route: user-login]
in APPPATH/Views/home/login.php on line 53.
 1 APPPATH/Views/home/login.php(53): CodeIgniter\Debug\Exceptions->errorHandler()
 2 SYSTEMPATH/View/View.php(234): include('/home/u324612448/domains/karaaqua.com/public_html/app/Views/home/login.php')
 3 SYSTEMPATH/View/View.php(237): CodeIgniter\View\View->CodeIgniter\View\{closure}()
 4 SYSTEMPATH/Common.php(1171): CodeIgniter\View\View->render()
 5 APPPATH/Controllers/BaseController.php(73): view()
 6 APPPATH/Controllers/Home.php(756): App\Controllers\BaseController->frontendLoad()
 7 SYSTEMPATH/CodeIgniter.php(933): App\Controllers\Home->loginPage()
 8 SYSTEMPATH/CodeIgniter.php(509): CodeIgniter\CodeIgniter->runController()
 9 SYSTEMPATH/CodeIgniter.php(355): CodeIgniter\CodeIgniter->handleRequest()
10 SYSTEMPATH/Boot.php(325): CodeIgniter\CodeIgniter->run()
11 SYSTEMPATH/Boot.php(67): CodeIgniter\Boot::runCodeIgniter()
12 FCPATH/index.php(56): CodeIgniter\Boot::bootWeb()
CRITICAL - 2025-08-28 10:14:38 --> ErrorException: Array to string conversion
[Method: GET, Route: payment]
in APPPATH/Views/home/payment.php on line 15.
 1 APPPATH/Views/home/payment.php(15): CodeIgniter\Debug\Exceptions->errorHandler()
 2 SYSTEMPATH/View/View.php(234): include('/home/u324612448/domains/karaaqua.com/public_html/app/Views/home/payment.php')
 3 SYSTEMPATH/View/View.php(237): CodeIgniter\View\View->CodeIgniter\View\{closure}()
 4 SYSTEMPATH/Common.php(1171): CodeIgniter\View\View->render()
 5 APPPATH/Controllers/BaseController.php(73): view()
 6 APPPATH/Controllers/Payment.php(185): App\Controllers\BaseController->frontendLoad()
 7 SYSTEMPATH/CodeIgniter.php(933): App\Controllers\Payment->payment()
 8 SYSTEMPATH/CodeIgniter.php(509): CodeIgniter\CodeIgniter->runController()
 9 SYSTEMPATH/CodeIgniter.php(355): CodeIgniter\CodeIgniter->handleRequest()
10 SYSTEMPATH/Boot.php(325): CodeIgniter\CodeIgniter->run()
11 SYSTEMPATH/Boot.php(67): CodeIgniter\Boot::runCodeIgniter()
12 FCPATH/index.php(56): CodeIgniter\Boot::bootWeb()
CRITICAL - 2025-08-28 10:29:07 --> ErrorException: Trying to access array offset on value of type null
[Method: GET, Route: admin/product-enquiry]
in APPPATH/Views/admin/enquiry/product-enquiry.php on line 46.
 1 APPPATH/Views/admin/enquiry/product-enquiry.php(46): CodeIgniter\Debug\Exceptions->errorHandler()
 2 SYSTEMPATH/View/View.php(234): include('/home/u324612448/domains/karaaqua.com/public_html/app/Views/admin/enquiry/product-enquiry.php')
 3 SYSTEMPATH/View/View.php(237): CodeIgniter\View\View->CodeIgniter\View\{closure}()
 4 SYSTEMPATH/Common.php(1171): CodeIgniter\View\View->render()
 5 APPPATH/Controllers/BaseController.php(65): view()
 6 APPPATH/Controllers/Admin/Enquiry.php(37): App\Controllers\BaseController->adminFrontendLoad()
 7 SYSTEMPATH/CodeIgniter.php(933): App\Controllers\Admin\Enquiry->productEnquiry()
 8 SYSTEMPATH/CodeIgniter.php(509): CodeIgniter\CodeIgniter->runController()
 9 SYSTEMPATH/CodeIgniter.php(355): CodeIgniter\CodeIgniter->handleRequest()
10 SYSTEMPATH/Boot.php(325): CodeIgniter\CodeIgniter->run()
11 SYSTEMPATH/Boot.php(67): CodeIgniter\Boot::runCodeIgniter()
12 FCPATH/index.php(56): CodeIgniter\Boot::bootWeb()
CRITICAL - 2025-08-28 10:29:09 --> ErrorException: Trying to access array offset on value of type null
[Method: GET, Route: admin/product-enquiry]
in APPPATH/Views/admin/enquiry/product-enquiry.php on line 46.
 1 APPPATH/Views/admin/enquiry/product-enquiry.php(46): CodeIgniter\Debug\Exceptions->errorHandler()
 2 SYSTEMPATH/View/View.php(234): include('/home/u324612448/domains/karaaqua.com/public_html/app/Views/admin/enquiry/product-enquiry.php')
 3 SYSTEMPATH/View/View.php(237): CodeIgniter\View\View->CodeIgniter\View\{closure}()
 4 SYSTEMPATH/Common.php(1171): CodeIgniter\View\View->render()
 5 APPPATH/Controllers/BaseController.php(65): view()
 6 APPPATH/Controllers/Admin/Enquiry.php(37): App\Controllers\BaseController->adminFrontendLoad()
 7 SYSTEMPATH/CodeIgniter.php(933): App\Controllers\Admin\Enquiry->productEnquiry()
 8 SYSTEMPATH/CodeIgniter.php(509): CodeIgniter\CodeIgniter->runController()
 9 SYSTEMPATH/CodeIgniter.php(355): CodeIgniter\CodeIgniter->handleRequest()
10 SYSTEMPATH/Boot.php(325): CodeIgniter\CodeIgniter->run()
11 SYSTEMPATH/Boot.php(67): CodeIgniter\Boot::runCodeIgniter()
12 FCPATH/index.php(56): CodeIgniter\Boot::bootWeb()
CRITICAL - 2025-08-28 10:29:12 --> ErrorException: Trying to access array offset on value of type null
[Method: GET, Route: admin/product-enquiry]
in APPPATH/Views/admin/enquiry/product-enquiry.php on line 46.
 1 APPPATH/Views/admin/enquiry/product-enquiry.php(46): CodeIgniter\Debug\Exceptions->errorHandler()
 2 SYSTEMPATH/View/View.php(234): include('/home/u324612448/domains/karaaqua.com/public_html/app/Views/admin/enquiry/product-enquiry.php')
 3 SYSTEMPATH/View/View.php(237): CodeIgniter\View\View->CodeIgniter\View\{closure}()
 4 SYSTEMPATH/Common.php(1171): CodeIgniter\View\View->render()
 5 APPPATH/Controllers/BaseController.php(65): view()
 6 APPPATH/Controllers/Admin/Enquiry.php(37): App\Controllers\BaseController->adminFrontendLoad()
 7 SYSTEMPATH/CodeIgniter.php(933): App\Controllers\Admin\Enquiry->productEnquiry()
 8 SYSTEMPATH/CodeIgniter.php(509): CodeIgniter\CodeIgniter->runController()
 9 SYSTEMPATH/CodeIgniter.php(355): CodeIgniter\CodeIgniter->handleRequest()
10 SYSTEMPATH/Boot.php(325): CodeIgniter\CodeIgniter->run()
11 SYSTEMPATH/Boot.php(67): CodeIgniter\Boot::runCodeIgniter()
12 FCPATH/index.php(56): CodeIgniter\Boot::bootWeb()
CRITICAL - 2025-08-28 10:29:13 --> ErrorException: Trying to access array offset on value of type null
[Method: GET, Route: admin/product-enquiry]
in APPPATH/Views/admin/enquiry/product-enquiry.php on line 46.
 1 APPPATH/Views/admin/enquiry/product-enquiry.php(46): CodeIgniter\Debug\Exceptions->errorHandler()
 2 SYSTEMPATH/View/View.php(234): include('/home/u324612448/domains/karaaqua.com/public_html/app/Views/admin/enquiry/product-enquiry.php')
 3 SYSTEMPATH/View/View.php(237): CodeIgniter\View\View->CodeIgniter\View\{closure}()
 4 SYSTEMPATH/Common.php(1171): CodeIgniter\View\View->render()
 5 APPPATH/Controllers/BaseController.php(65): view()
 6 APPPATH/Controllers/Admin/Enquiry.php(37): App\Controllers\BaseController->adminFrontendLoad()
 7 SYSTEMPATH/CodeIgniter.php(933): App\Controllers\Admin\Enquiry->productEnquiry()
 8 SYSTEMPATH/CodeIgniter.php(509): CodeIgniter\CodeIgniter->runController()
 9 SYSTEMPATH/CodeIgniter.php(355): CodeIgniter\CodeIgniter->handleRequest()
10 SYSTEMPATH/Boot.php(325): CodeIgniter\CodeIgniter->run()
11 SYSTEMPATH/Boot.php(67): CodeIgniter\Boot::runCodeIgniter()
12 FCPATH/index.php(56): CodeIgniter\Boot::bootWeb()
CRITICAL - 2025-08-28 10:29:13 --> ErrorException: Trying to access array offset on value of type null
[Method: GET, Route: admin/product-enquiry]
in APPPATH/Views/admin/enquiry/product-enquiry.php on line 46.
 1 APPPATH/Views/admin/enquiry/product-enquiry.php(46): CodeIgniter\Debug\Exceptions->errorHandler()
 2 SYSTEMPATH/View/View.php(234): include('/home/u324612448/domains/karaaqua.com/public_html/app/Views/admin/enquiry/product-enquiry.php')
 3 SYSTEMPATH/View/View.php(237): CodeIgniter\View\View->CodeIgniter\View\{closure}()
 4 SYSTEMPATH/Common.php(1171): CodeIgniter\View\View->render()
 5 APPPATH/Controllers/BaseController.php(65): view()
 6 APPPATH/Controllers/Admin/Enquiry.php(37): App\Controllers\BaseController->adminFrontendLoad()
 7 SYSTEMPATH/CodeIgniter.php(933): App\Controllers\Admin\Enquiry->productEnquiry()
 8 SYSTEMPATH/CodeIgniter.php(509): CodeIgniter\CodeIgniter->runController()
 9 SYSTEMPATH/CodeIgniter.php(355): CodeIgniter\CodeIgniter->handleRequest()
10 SYSTEMPATH/Boot.php(325): CodeIgniter\CodeIgniter->run()
11 SYSTEMPATH/Boot.php(67): CodeIgniter\Boot::runCodeIgniter()
12 FCPATH/index.php(56): CodeIgniter\Boot::bootWeb()
CRITICAL - 2025-08-28 10:29:14 --> ErrorException: Trying to access array offset on value of type null
[Method: GET, Route: admin/product-enquiry]
in APPPATH/Views/admin/enquiry/product-enquiry.php on line 46.
 1 APPPATH/Views/admin/enquiry/product-enquiry.php(46): CodeIgniter\Debug\Exceptions->errorHandler()
 2 SYSTEMPATH/View/View.php(234): include('/home/u324612448/domains/karaaqua.com/public_html/app/Views/admin/enquiry/product-enquiry.php')
 3 SYSTEMPATH/View/View.php(237): CodeIgniter\View\View->CodeIgniter\View\{closure}()
 4 SYSTEMPATH/Common.php(1171): CodeIgniter\View\View->render()
 5 APPPATH/Controllers/BaseController.php(65): view()
 6 APPPATH/Controllers/Admin/Enquiry.php(37): App\Controllers\BaseController->adminFrontendLoad()
 7 SYSTEMPATH/CodeIgniter.php(933): App\Controllers\Admin\Enquiry->productEnquiry()
 8 SYSTEMPATH/CodeIgniter.php(509): CodeIgniter\CodeIgniter->runController()
 9 SYSTEMPATH/CodeIgniter.php(355): CodeIgniter\CodeIgniter->handleRequest()
10 SYSTEMPATH/Boot.php(325): CodeIgniter\CodeIgniter->run()
11 SYSTEMPATH/Boot.php(67): CodeIgniter\Boot::runCodeIgniter()
12 FCPATH/index.php(56): CodeIgniter\Boot::bootWeb()
CRITICAL - 2025-08-28 10:29:14 --> ErrorException: Trying to access array offset on value of type null
[Method: GET, Route: admin/product-enquiry]
in APPPATH/Views/admin/enquiry/product-enquiry.php on line 46.
 1 APPPATH/Views/admin/enquiry/product-enquiry.php(46): CodeIgniter\Debug\Exceptions->errorHandler()
 2 SYSTEMPATH/View/View.php(234): include('/home/u324612448/domains/karaaqua.com/public_html/app/Views/admin/enquiry/product-enquiry.php')
 3 SYSTEMPATH/View/View.php(237): CodeIgniter\View\View->CodeIgniter\View\{closure}()
 4 SYSTEMPATH/Common.php(1171): CodeIgniter\View\View->render()
 5 APPPATH/Controllers/BaseController.php(65): view()
 6 APPPATH/Controllers/Admin/Enquiry.php(37): App\Controllers\BaseController->adminFrontendLoad()
 7 SYSTEMPATH/CodeIgniter.php(933): App\Controllers\Admin\Enquiry->productEnquiry()
 8 SYSTEMPATH/CodeIgniter.php(509): CodeIgniter\CodeIgniter->runController()
 9 SYSTEMPATH/CodeIgniter.php(355): CodeIgniter\CodeIgniter->handleRequest()
10 SYSTEMPATH/Boot.php(325): CodeIgniter\CodeIgniter->run()
11 SYSTEMPATH/Boot.php(67): CodeIgniter\Boot::runCodeIgniter()
12 FCPATH/index.php(56): CodeIgniter\Boot::bootWeb()
CRITICAL - 2025-08-28 10:29:14 --> ErrorException: Trying to access array offset on value of type null
[Method: GET, Route: admin/product-enquiry]
in APPPATH/Views/admin/enquiry/product-enquiry.php on line 46.
 1 APPPATH/Views/admin/enquiry/product-enquiry.php(46): CodeIgniter\Debug\Exceptions->errorHandler()
 2 SYSTEMPATH/View/View.php(234): include('/home/u324612448/domains/karaaqua.com/public_html/app/Views/admin/enquiry/product-enquiry.php')
 3 SYSTEMPATH/View/View.php(237): CodeIgniter\View\View->CodeIgniter\View\{closure}()
 4 SYSTEMPATH/Common.php(1171): CodeIgniter\View\View->render()
 5 APPPATH/Controllers/BaseController.php(65): view()
 6 APPPATH/Controllers/Admin/Enquiry.php(37): App\Controllers\BaseController->adminFrontendLoad()
 7 SYSTEMPATH/CodeIgniter.php(933): App\Controllers\Admin\Enquiry->productEnquiry()
 8 SYSTEMPATH/CodeIgniter.php(509): CodeIgniter\CodeIgniter->runController()
 9 SYSTEMPATH/CodeIgniter.php(355): CodeIgniter\CodeIgniter->handleRequest()
10 SYSTEMPATH/Boot.php(325): CodeIgniter\CodeIgniter->run()
11 SYSTEMPATH/Boot.php(67): CodeIgniter\Boot::runCodeIgniter()
12 FCPATH/index.php(56): CodeIgniter\Boot::bootWeb()
CRITICAL - 2025-08-28 10:29:23 --> ErrorException: Trying to access array offset on value of type null
[Method: GET, Route: admin/product-enquiry]
in APPPATH/Views/admin/enquiry/product-enquiry.php on line 46.
 1 APPPATH/Views/admin/enquiry/product-enquiry.php(46): CodeIgniter\Debug\Exceptions->errorHandler()
 2 SYSTEMPATH/View/View.php(234): include('/home/u324612448/domains/karaaqua.com/public_html/app/Views/admin/enquiry/product-enquiry.php')
 3 SYSTEMPATH/View/View.php(237): CodeIgniter\View\View->CodeIgniter\View\{closure}()
 4 SYSTEMPATH/Common.php(1171): CodeIgniter\View\View->render()
 5 APPPATH/Controllers/BaseController.php(65): view()
 6 APPPATH/Controllers/Admin/Enquiry.php(37): App\Controllers\BaseController->adminFrontendLoad()
 7 SYSTEMPATH/CodeIgniter.php(933): App\Controllers\Admin\Enquiry->productEnquiry()
 8 SYSTEMPATH/CodeIgniter.php(509): CodeIgniter\CodeIgniter->runController()
 9 SYSTEMPATH/CodeIgniter.php(355): CodeIgniter\CodeIgniter->handleRequest()
10 SYSTEMPATH/Boot.php(325): CodeIgniter\CodeIgniter->run()
11 SYSTEMPATH/Boot.php(67): CodeIgniter\Boot::runCodeIgniter()
12 FCPATH/index.php(56): CodeIgniter\Boot::bootWeb()
CRITICAL - 2025-08-28 10:29:47 --> ErrorException: Trying to access array offset on value of type null
[Method: GET, Route: admin/product-enquiry]
in APPPATH/Views/admin/enquiry/product-enquiry.php on line 46.
 1 APPPATH/Views/admin/enquiry/product-enquiry.php(46): CodeIgniter\Debug\Exceptions->errorHandler()
 2 SYSTEMPATH/View/View.php(234): include('/home/u324612448/domains/karaaqua.com/public_html/app/Views/admin/enquiry/product-enquiry.php')
 3 SYSTEMPATH/View/View.php(237): CodeIgniter\View\View->CodeIgniter\View\{closure}()
 4 SYSTEMPATH/Common.php(1171): CodeIgniter\View\View->render()
 5 APPPATH/Controllers/BaseController.php(65): view()
 6 APPPATH/Controllers/Admin/Enquiry.php(37): App\Controllers\BaseController->adminFrontendLoad()
 7 SYSTEMPATH/CodeIgniter.php(933): App\Controllers\Admin\Enquiry->productEnquiry()
 8 SYSTEMPATH/CodeIgniter.php(509): CodeIgniter\CodeIgniter->runController()
 9 SYSTEMPATH/CodeIgniter.php(355): CodeIgniter\CodeIgniter->handleRequest()
10 SYSTEMPATH/Boot.php(325): CodeIgniter\CodeIgniter->run()
11 SYSTEMPATH/Boot.php(67): CodeIgniter\Boot::runCodeIgniter()
12 FCPATH/index.php(56): CodeIgniter\Boot::bootWeb()
CRITICAL - 2025-08-28 10:29:51 --> ErrorException: Trying to access array offset on value of type null
[Method: GET, Route: admin/product-enquiry]
in APPPATH/Views/admin/enquiry/product-enquiry.php on line 46.
 1 APPPATH/Views/admin/enquiry/product-enquiry.php(46): CodeIgniter\Debug\Exceptions->errorHandler()
 2 SYSTEMPATH/View/View.php(234): include('/home/u324612448/domains/karaaqua.com/public_html/app/Views/admin/enquiry/product-enquiry.php')
 3 SYSTEMPATH/View/View.php(237): CodeIgniter\View\View->CodeIgniter\View\{closure}()
 4 SYSTEMPATH/Common.php(1171): CodeIgniter\View\View->render()
 5 APPPATH/Controllers/BaseController.php(65): view()
 6 APPPATH/Controllers/Admin/Enquiry.php(37): App\Controllers\BaseController->adminFrontendLoad()
 7 SYSTEMPATH/CodeIgniter.php(933): App\Controllers\Admin\Enquiry->productEnquiry()
 8 SYSTEMPATH/CodeIgniter.php(509): CodeIgniter\CodeIgniter->runController()
 9 SYSTEMPATH/CodeIgniter.php(355): CodeIgniter\CodeIgniter->handleRequest()
10 SYSTEMPATH/Boot.php(325): CodeIgniter\CodeIgniter->run()
11 SYSTEMPATH/Boot.php(67): CodeIgniter\Boot::runCodeIgniter()
12 FCPATH/index.php(56): CodeIgniter\Boot::bootWeb()
CRITICAL - 2025-08-28 10:30:32 --> ErrorException: Trying to access array offset on value of type null
[Method: GET, Route: admin/product-enquiry]
in APPPATH/Views/admin/enquiry/product-enquiry.php on line 46.
 1 APPPATH/Views/admin/enquiry/product-enquiry.php(46): CodeIgniter\Debug\Exceptions->errorHandler()
 2 SYSTEMPATH/View/View.php(234): include('/home/u324612448/domains/karaaqua.com/public_html/app/Views/admin/enquiry/product-enquiry.php')
 3 SYSTEMPATH/View/View.php(237): CodeIgniter\View\View->CodeIgniter\View\{closure}()
 4 SYSTEMPATH/Common.php(1171): CodeIgniter\View\View->render()
 5 APPPATH/Controllers/BaseController.php(65): view()
 6 APPPATH/Controllers/Admin/Enquiry.php(37): App\Controllers\BaseController->adminFrontendLoad()
 7 SYSTEMPATH/CodeIgniter.php(933): App\Controllers\Admin\Enquiry->productEnquiry()
 8 SYSTEMPATH/CodeIgniter.php(509): CodeIgniter\CodeIgniter->runController()
 9 SYSTEMPATH/CodeIgniter.php(355): CodeIgniter\CodeIgniter->handleRequest()
10 SYSTEMPATH/Boot.php(325): CodeIgniter\CodeIgniter->run()
11 SYSTEMPATH/Boot.php(67): CodeIgniter\Boot::runCodeIgniter()
12 FCPATH/index.php(56): CodeIgniter\Boot::bootWeb()
CRITICAL - 2025-08-28 10:34:08 --> ErrorException: Trying to access array offset on value of type null
[Method: GET, Route: admin/product-enquiry]
in APPPATH/Views/admin/enquiry/product-enquiry.php on line 46.
 1 APPPATH/Views/admin/enquiry/product-enquiry.php(46): CodeIgniter\Debug\Exceptions->errorHandler()
 2 SYSTEMPATH/View/View.php(234): include('/home/u324612448/domains/karaaqua.com/public_html/app/Views/admin/enquiry/product-enquiry.php')
 3 SYSTEMPATH/View/View.php(237): CodeIgniter\View\View->CodeIgniter\View\{closure}()
 4 SYSTEMPATH/Common.php(1171): CodeIgniter\View\View->render()
 5 APPPATH/Controllers/BaseController.php(65): view()
 6 APPPATH/Controllers/Admin/Enquiry.php(37): App\Controllers\BaseController->adminFrontendLoad()
 7 SYSTEMPATH/CodeIgniter.php(933): App\Controllers\Admin\Enquiry->productEnquiry()
 8 SYSTEMPATH/CodeIgniter.php(509): CodeIgniter\CodeIgniter->runController()
 9 SYSTEMPATH/CodeIgniter.php(355): CodeIgniter\CodeIgniter->handleRequest()
10 SYSTEMPATH/Boot.php(325): CodeIgniter\CodeIgniter->run()
11 SYSTEMPATH/Boot.php(67): CodeIgniter\Boot::runCodeIgniter()
12 FCPATH/index.php(56): CodeIgniter\Boot::bootWeb()
CRITICAL - 2025-08-28 14:08:40 --> ErrorException: Trying to access array offset on value of type null
[Method: GET, Route: blog/wp-includes/wlwmanifest.xml]
in APPPATH/Controllers/Home.php on line 194.
 1 APPPATH/Controllers/Home.php(194): CodeIgniter\Debug\Exceptions->errorHandler()
 2 SYSTEMPATH/CodeIgniter.php(933): App\Controllers\Home->blog()
 3 SYSTEMPATH/CodeIgniter.php(509): CodeIgniter\CodeIgniter->runController()
 4 SYSTEMPATH/CodeIgniter.php(355): CodeIgniter\CodeIgniter->handleRequest()
 5 SYSTEMPATH/Boot.php(325): CodeIgniter\CodeIgniter->run()
 6 SYSTEMPATH/Boot.php(67): CodeIgniter\Boot::runCodeIgniter()
 7 FCPATH/index.php(56): CodeIgniter\Boot::bootWeb()
CRITICAL - 2025-08-28 23:13:20 --> ErrorException: Trying to access array offset on value of type null
[Method: GET, Route: product/water-purifier-in..]
in APPPATH/Controllers/Home.php on line 459.
 1 APPPATH/Controllers/Home.php(459): CodeIgniter\Debug\Exceptions->errorHandler()
 2 SYSTEMPATH/CodeIgniter.php(933): App\Controllers\Home->productDetails()
 3 SYSTEMPATH/CodeIgniter.php(509): CodeIgniter\CodeIgniter->runController()
 4 SYSTEMPATH/CodeIgniter.php(355): CodeIgniter\CodeIgniter->handleRequest()
 5 SYSTEMPATH/Boot.php(325): CodeIgniter\CodeIgniter->run()
 6 SYSTEMPATH/Boot.php(67): CodeIgniter\Boot::runCodeIgniter()
 7 FCPATH/index.php(56): CodeIgniter\Boot::bootWeb()
