ERROR - 2025-05-24 09:09:13 --> mysqli_sql_exception: Unknown column 'service_name' in 'INSERT INTO' in /home/u324612448/domains/karaaqua.com/public_html/system/Database/MySQLi/Connection.php:312
Stack trace:
#0 /home/u324612448/domains/karaaqua.com/public_html/system/Database/MySQLi/Connection.php(312): mysqli->query()
#1 /home/u324612448/domains/karaaqua.com/public_html/system/Database/BaseConnection.php(734): CodeIgniter\Database\MySQLi\Connection->execute()
#2 /home/u324612448/domains/karaaqua.com/public_html/system/Database/BaseConnection.php(648): CodeIgniter\Database\BaseConnection->simpleQuery()
#3 /home/u324612448/domains/karaaqua.com/public_html/system/Database/BaseBuilder.php(2332): CodeIgniter\Database\BaseConnection->query()
#4 /home/u324612448/domains/karaaqua.com/public_html/app/Models/HomeModel.php(233): CodeIgniter\Database\BaseBuilder->insert()
#5 /home/u324612448/domains/karaaqua.com/public_html/app/Controllers/Enquiry.php(31): App\Models\HomeModel->saveRoEnquiry()
#6 /home/u324612448/domains/karaaqua.com/public_html/system/CodeIgniter.php(933): App\Controllers\Enquiry->saveRoEnquiry()
#7 /home/u324612448/domains/karaaqua.com/public_html/system/CodeIgniter.php(509): CodeIgniter\CodeIgniter->runController()
#8 /home/u324612448/domains/karaaqua.com/public_html/system/CodeIgniter.php(355): CodeIgniter\CodeIgniter->handleRequest()
#9 /home/u324612448/domains/karaaqua.com/public_html/system/Boot.php(325): CodeIgniter\CodeIgniter->run()
#10 /home/u324612448/domains/karaaqua.com/public_html/system/Boot.php(67): CodeIgniter\Boot::runCodeIgniter()
#11 /home/u324612448/domains/karaaqua.com/public_html/index.php(56): CodeIgniter\Boot::bootWeb()
#12 {main}
CRITICAL - 2025-05-24 09:09:13 --> CodeIgniter\Database\Exceptions\DatabaseException: Unknown column 'service_name' in 'INSERT INTO'
[Method: POST, Route: saveRoEnquiry]
in SYSTEMPATH/Database/BaseConnection.php on line 688.
 1 SYSTEMPATH/Database/BaseBuilder.php(2332): CodeIgniter\Database\BaseConnection->query()
 2 APPPATH/Models/HomeModel.php(233): CodeIgniter\Database\BaseBuilder->insert()
 3 APPPATH/Controllers/Enquiry.php(31): App\Models\HomeModel->saveRoEnquiry()
 4 SYSTEMPATH/CodeIgniter.php(933): App\Controllers\Enquiry->saveRoEnquiry()
 5 SYSTEMPATH/CodeIgniter.php(509): CodeIgniter\CodeIgniter->runController()
 6 SYSTEMPATH/CodeIgniter.php(355): CodeIgniter\CodeIgniter->handleRequest()
 7 SYSTEMPATH/Boot.php(325): CodeIgniter\CodeIgniter->run()
 8 SYSTEMPATH/Boot.php(67): CodeIgniter\Boot::runCodeIgniter()
 9 FCPATH/index.php(56): CodeIgniter\Boot::bootWeb()
CRITICAL - 2025-05-24 09:09:13 --> [Caused by] CodeIgniter\Database\Exceptions\DatabaseException: Unknown column 'service_name' in 'INSERT INTO'
in SYSTEMPATH/Database/MySQLi/Connection.php on line 317.
 1 SYSTEMPATH/Database/BaseConnection.php(734): CodeIgniter\Database\MySQLi\Connection->execute()
 2 SYSTEMPATH/Database/BaseConnection.php(648): CodeIgniter\Database\BaseConnection->simpleQuery()
 3 SYSTEMPATH/Database/BaseBuilder.php(2332): CodeIgniter\Database\BaseConnection->query()
 4 APPPATH/Models/HomeModel.php(233): CodeIgniter\Database\BaseBuilder->insert()
 5 APPPATH/Controllers/Enquiry.php(31): App\Models\HomeModel->saveRoEnquiry()
 6 SYSTEMPATH/CodeIgniter.php(933): App\Controllers\Enquiry->saveRoEnquiry()
 7 SYSTEMPATH/CodeIgniter.php(509): CodeIgniter\CodeIgniter->runController()
 8 SYSTEMPATH/CodeIgniter.php(355): CodeIgniter\CodeIgniter->handleRequest()
 9 SYSTEMPATH/Boot.php(325): CodeIgniter\CodeIgniter->run()
10 SYSTEMPATH/Boot.php(67): CodeIgniter\Boot::runCodeIgniter()
11 FCPATH/index.php(56): CodeIgniter\Boot::bootWeb()
CRITICAL - 2025-05-24 09:09:13 --> [Caused by] mysqli_sql_exception: Unknown column 'service_name' in 'INSERT INTO'
in SYSTEMPATH/Database/MySQLi/Connection.php on line 312.
 1 SYSTEMPATH/Database/MySQLi/Connection.php(312): mysqli->query()
 2 SYSTEMPATH/Database/BaseConnection.php(734): CodeIgniter\Database\MySQLi\Connection->execute()
 3 SYSTEMPATH/Database/BaseConnection.php(648): CodeIgniter\Database\BaseConnection->simpleQuery()
 4 SYSTEMPATH/Database/BaseBuilder.php(2332): CodeIgniter\Database\BaseConnection->query()
 5 APPPATH/Models/HomeModel.php(233): CodeIgniter\Database\BaseBuilder->insert()
 6 APPPATH/Controllers/Enquiry.php(31): App\Models\HomeModel->saveRoEnquiry()
 7 SYSTEMPATH/CodeIgniter.php(933): App\Controllers\Enquiry->saveRoEnquiry()
 8 SYSTEMPATH/CodeIgniter.php(509): CodeIgniter\CodeIgniter->runController()
 9 SYSTEMPATH/CodeIgniter.php(355): CodeIgniter\CodeIgniter->handleRequest()
10 SYSTEMPATH/Boot.php(325): CodeIgniter\CodeIgniter->run()
11 SYSTEMPATH/Boot.php(67): CodeIgniter\Boot::runCodeIgniter()
12 FCPATH/index.php(56): CodeIgniter\Boot::bootWeb()
ERROR - 2025-05-24 09:09:41 --> mysqli_sql_exception: Unknown column 'service_name' in 'INSERT INTO' in /home/u324612448/domains/karaaqua.com/public_html/system/Database/MySQLi/Connection.php:312
Stack trace:
#0 /home/u324612448/domains/karaaqua.com/public_html/system/Database/MySQLi/Connection.php(312): mysqli->query()
#1 /home/u324612448/domains/karaaqua.com/public_html/system/Database/BaseConnection.php(734): CodeIgniter\Database\MySQLi\Connection->execute()
#2 /home/u324612448/domains/karaaqua.com/public_html/system/Database/BaseConnection.php(648): CodeIgniter\Database\BaseConnection->simpleQuery()
#3 /home/u324612448/domains/karaaqua.com/public_html/system/Database/BaseBuilder.php(2332): CodeIgniter\Database\BaseConnection->query()
#4 /home/u324612448/domains/karaaqua.com/public_html/app/Models/HomeModel.php(233): CodeIgniter\Database\BaseBuilder->insert()
#5 /home/u324612448/domains/karaaqua.com/public_html/app/Controllers/Enquiry.php(31): App\Models\HomeModel->saveRoEnquiry()
#6 /home/u324612448/domains/karaaqua.com/public_html/system/CodeIgniter.php(933): App\Controllers\Enquiry->saveRoEnquiry()
#7 /home/u324612448/domains/karaaqua.com/public_html/system/CodeIgniter.php(509): CodeIgniter\CodeIgniter->runController()
#8 /home/u324612448/domains/karaaqua.com/public_html/system/CodeIgniter.php(355): CodeIgniter\CodeIgniter->handleRequest()
#9 /home/u324612448/domains/karaaqua.com/public_html/system/Boot.php(325): CodeIgniter\CodeIgniter->run()
#10 /home/u324612448/domains/karaaqua.com/public_html/system/Boot.php(67): CodeIgniter\Boot::runCodeIgniter()
#11 /home/u324612448/domains/karaaqua.com/public_html/index.php(56): CodeIgniter\Boot::bootWeb()
#12 {main}
CRITICAL - 2025-05-24 09:09:41 --> CodeIgniter\Database\Exceptions\DatabaseException: Unknown column 'service_name' in 'INSERT INTO'
[Method: POST, Route: saveRoEnquiry]
in SYSTEMPATH/Database/BaseConnection.php on line 688.
 1 SYSTEMPATH/Database/BaseBuilder.php(2332): CodeIgniter\Database\BaseConnection->query()
 2 APPPATH/Models/HomeModel.php(233): CodeIgniter\Database\BaseBuilder->insert()
 3 APPPATH/Controllers/Enquiry.php(31): App\Models\HomeModel->saveRoEnquiry()
 4 SYSTEMPATH/CodeIgniter.php(933): App\Controllers\Enquiry->saveRoEnquiry()
 5 SYSTEMPATH/CodeIgniter.php(509): CodeIgniter\CodeIgniter->runController()
 6 SYSTEMPATH/CodeIgniter.php(355): CodeIgniter\CodeIgniter->handleRequest()
 7 SYSTEMPATH/Boot.php(325): CodeIgniter\CodeIgniter->run()
 8 SYSTEMPATH/Boot.php(67): CodeIgniter\Boot::runCodeIgniter()
 9 FCPATH/index.php(56): CodeIgniter\Boot::bootWeb()
CRITICAL - 2025-05-24 09:09:41 --> [Caused by] CodeIgniter\Database\Exceptions\DatabaseException: Unknown column 'service_name' in 'INSERT INTO'
in SYSTEMPATH/Database/MySQLi/Connection.php on line 317.
 1 SYSTEMPATH/Database/BaseConnection.php(734): CodeIgniter\Database\MySQLi\Connection->execute()
 2 SYSTEMPATH/Database/BaseConnection.php(648): CodeIgniter\Database\BaseConnection->simpleQuery()
 3 SYSTEMPATH/Database/BaseBuilder.php(2332): CodeIgniter\Database\BaseConnection->query()
 4 APPPATH/Models/HomeModel.php(233): CodeIgniter\Database\BaseBuilder->insert()
 5 APPPATH/Controllers/Enquiry.php(31): App\Models\HomeModel->saveRoEnquiry()
 6 SYSTEMPATH/CodeIgniter.php(933): App\Controllers\Enquiry->saveRoEnquiry()
 7 SYSTEMPATH/CodeIgniter.php(509): CodeIgniter\CodeIgniter->runController()
 8 SYSTEMPATH/CodeIgniter.php(355): CodeIgniter\CodeIgniter->handleRequest()
 9 SYSTEMPATH/Boot.php(325): CodeIgniter\CodeIgniter->run()
10 SYSTEMPATH/Boot.php(67): CodeIgniter\Boot::runCodeIgniter()
11 FCPATH/index.php(56): CodeIgniter\Boot::bootWeb()
CRITICAL - 2025-05-24 09:09:41 --> [Caused by] mysqli_sql_exception: Unknown column 'service_name' in 'INSERT INTO'
in SYSTEMPATH/Database/MySQLi/Connection.php on line 312.
 1 SYSTEMPATH/Database/MySQLi/Connection.php(312): mysqli->query()
 2 SYSTEMPATH/Database/BaseConnection.php(734): CodeIgniter\Database\MySQLi\Connection->execute()
 3 SYSTEMPATH/Database/BaseConnection.php(648): CodeIgniter\Database\BaseConnection->simpleQuery()
 4 SYSTEMPATH/Database/BaseBuilder.php(2332): CodeIgniter\Database\BaseConnection->query()
 5 APPPATH/Models/HomeModel.php(233): CodeIgniter\Database\BaseBuilder->insert()
 6 APPPATH/Controllers/Enquiry.php(31): App\Models\HomeModel->saveRoEnquiry()
 7 SYSTEMPATH/CodeIgniter.php(933): App\Controllers\Enquiry->saveRoEnquiry()
 8 SYSTEMPATH/CodeIgniter.php(509): CodeIgniter\CodeIgniter->runController()
 9 SYSTEMPATH/CodeIgniter.php(355): CodeIgniter\CodeIgniter->handleRequest()
10 SYSTEMPATH/Boot.php(325): CodeIgniter\CodeIgniter->run()
11 SYSTEMPATH/Boot.php(67): CodeIgniter\Boot::runCodeIgniter()
12 FCPATH/index.php(56): CodeIgniter\Boot::bootWeb()
ERROR - 2025-05-24 09:10:24 --> mysqli_sql_exception: Unknown column 'service_name' in 'INSERT INTO' in /home/u324612448/domains/karaaqua.com/public_html/system/Database/MySQLi/Connection.php:312
Stack trace:
#0 /home/u324612448/domains/karaaqua.com/public_html/system/Database/MySQLi/Connection.php(312): mysqli->query()
#1 /home/u324612448/domains/karaaqua.com/public_html/system/Database/BaseConnection.php(734): CodeIgniter\Database\MySQLi\Connection->execute()
#2 /home/u324612448/domains/karaaqua.com/public_html/system/Database/BaseConnection.php(648): CodeIgniter\Database\BaseConnection->simpleQuery()
#3 /home/u324612448/domains/karaaqua.com/public_html/system/Database/BaseBuilder.php(2332): CodeIgniter\Database\BaseConnection->query()
#4 /home/u324612448/domains/karaaqua.com/public_html/app/Models/HomeModel.php(233): CodeIgniter\Database\BaseBuilder->insert()
#5 /home/u324612448/domains/karaaqua.com/public_html/app/Controllers/Enquiry.php(31): App\Models\HomeModel->saveRoEnquiry()
#6 /home/u324612448/domains/karaaqua.com/public_html/system/CodeIgniter.php(933): App\Controllers\Enquiry->saveRoEnquiry()
#7 /home/u324612448/domains/karaaqua.com/public_html/system/CodeIgniter.php(509): CodeIgniter\CodeIgniter->runController()
#8 /home/u324612448/domains/karaaqua.com/public_html/system/CodeIgniter.php(355): CodeIgniter\CodeIgniter->handleRequest()
#9 /home/u324612448/domains/karaaqua.com/public_html/system/Boot.php(325): CodeIgniter\CodeIgniter->run()
#10 /home/u324612448/domains/karaaqua.com/public_html/system/Boot.php(67): CodeIgniter\Boot::runCodeIgniter()
#11 /home/u324612448/domains/karaaqua.com/public_html/index.php(56): CodeIgniter\Boot::bootWeb()
#12 {main}
CRITICAL - 2025-05-24 09:10:24 --> CodeIgniter\Database\Exceptions\DatabaseException: Unknown column 'service_name' in 'INSERT INTO'
[Method: POST, Route: saveRoEnquiry]
in SYSTEMPATH/Database/BaseConnection.php on line 688.
 1 SYSTEMPATH/Database/BaseBuilder.php(2332): CodeIgniter\Database\BaseConnection->query()
 2 APPPATH/Models/HomeModel.php(233): CodeIgniter\Database\BaseBuilder->insert()
 3 APPPATH/Controllers/Enquiry.php(31): App\Models\HomeModel->saveRoEnquiry()
 4 SYSTEMPATH/CodeIgniter.php(933): App\Controllers\Enquiry->saveRoEnquiry()
 5 SYSTEMPATH/CodeIgniter.php(509): CodeIgniter\CodeIgniter->runController()
 6 SYSTEMPATH/CodeIgniter.php(355): CodeIgniter\CodeIgniter->handleRequest()
 7 SYSTEMPATH/Boot.php(325): CodeIgniter\CodeIgniter->run()
 8 SYSTEMPATH/Boot.php(67): CodeIgniter\Boot::runCodeIgniter()
 9 FCPATH/index.php(56): CodeIgniter\Boot::bootWeb()
CRITICAL - 2025-05-24 09:10:24 --> [Caused by] CodeIgniter\Database\Exceptions\DatabaseException: Unknown column 'service_name' in 'INSERT INTO'
in SYSTEMPATH/Database/MySQLi/Connection.php on line 317.
 1 SYSTEMPATH/Database/BaseConnection.php(734): CodeIgniter\Database\MySQLi\Connection->execute()
 2 SYSTEMPATH/Database/BaseConnection.php(648): CodeIgniter\Database\BaseConnection->simpleQuery()
 3 SYSTEMPATH/Database/BaseBuilder.php(2332): CodeIgniter\Database\BaseConnection->query()
 4 APPPATH/Models/HomeModel.php(233): CodeIgniter\Database\BaseBuilder->insert()
 5 APPPATH/Controllers/Enquiry.php(31): App\Models\HomeModel->saveRoEnquiry()
 6 SYSTEMPATH/CodeIgniter.php(933): App\Controllers\Enquiry->saveRoEnquiry()
 7 SYSTEMPATH/CodeIgniter.php(509): CodeIgniter\CodeIgniter->runController()
 8 SYSTEMPATH/CodeIgniter.php(355): CodeIgniter\CodeIgniter->handleRequest()
 9 SYSTEMPATH/Boot.php(325): CodeIgniter\CodeIgniter->run()
10 SYSTEMPATH/Boot.php(67): CodeIgniter\Boot::runCodeIgniter()
11 FCPATH/index.php(56): CodeIgniter\Boot::bootWeb()
CRITICAL - 2025-05-24 09:10:24 --> [Caused by] mysqli_sql_exception: Unknown column 'service_name' in 'INSERT INTO'
in SYSTEMPATH/Database/MySQLi/Connection.php on line 312.
 1 SYSTEMPATH/Database/MySQLi/Connection.php(312): mysqli->query()
 2 SYSTEMPATH/Database/BaseConnection.php(734): CodeIgniter\Database\MySQLi\Connection->execute()
 3 SYSTEMPATH/Database/BaseConnection.php(648): CodeIgniter\Database\BaseConnection->simpleQuery()
 4 SYSTEMPATH/Database/BaseBuilder.php(2332): CodeIgniter\Database\BaseConnection->query()
 5 APPPATH/Models/HomeModel.php(233): CodeIgniter\Database\BaseBuilder->insert()
 6 APPPATH/Controllers/Enquiry.php(31): App\Models\HomeModel->saveRoEnquiry()
 7 SYSTEMPATH/CodeIgniter.php(933): App\Controllers\Enquiry->saveRoEnquiry()
 8 SYSTEMPATH/CodeIgniter.php(509): CodeIgniter\CodeIgniter->runController()
 9 SYSTEMPATH/CodeIgniter.php(355): CodeIgniter\CodeIgniter->handleRequest()
10 SYSTEMPATH/Boot.php(325): CodeIgniter\CodeIgniter->run()
11 SYSTEMPATH/Boot.php(67): CodeIgniter\Boot::runCodeIgniter()
12 FCPATH/index.php(56): CodeIgniter\Boot::bootWeb()
ERROR - 2025-05-24 09:10:45 --> mysqli_sql_exception: Unknown column 'service_name' in 'INSERT INTO' in /home/u324612448/domains/karaaqua.com/public_html/system/Database/MySQLi/Connection.php:312
Stack trace:
#0 /home/u324612448/domains/karaaqua.com/public_html/system/Database/MySQLi/Connection.php(312): mysqli->query()
#1 /home/u324612448/domains/karaaqua.com/public_html/system/Database/BaseConnection.php(734): CodeIgniter\Database\MySQLi\Connection->execute()
#2 /home/u324612448/domains/karaaqua.com/public_html/system/Database/BaseConnection.php(648): CodeIgniter\Database\BaseConnection->simpleQuery()
#3 /home/u324612448/domains/karaaqua.com/public_html/system/Database/BaseBuilder.php(2332): CodeIgniter\Database\BaseConnection->query()
#4 /home/u324612448/domains/karaaqua.com/public_html/app/Models/HomeModel.php(233): CodeIgniter\Database\BaseBuilder->insert()
#5 /home/u324612448/domains/karaaqua.com/public_html/app/Controllers/Enquiry.php(31): App\Models\HomeModel->saveRoEnquiry()
#6 /home/u324612448/domains/karaaqua.com/public_html/system/CodeIgniter.php(933): App\Controllers\Enquiry->saveRoEnquiry()
#7 /home/u324612448/domains/karaaqua.com/public_html/system/CodeIgniter.php(509): CodeIgniter\CodeIgniter->runController()
#8 /home/u324612448/domains/karaaqua.com/public_html/system/CodeIgniter.php(355): CodeIgniter\CodeIgniter->handleRequest()
#9 /home/u324612448/domains/karaaqua.com/public_html/system/Boot.php(325): CodeIgniter\CodeIgniter->run()
#10 /home/u324612448/domains/karaaqua.com/public_html/system/Boot.php(67): CodeIgniter\Boot::runCodeIgniter()
#11 /home/u324612448/domains/karaaqua.com/public_html/index.php(56): CodeIgniter\Boot::bootWeb()
#12 {main}
CRITICAL - 2025-05-24 09:10:45 --> CodeIgniter\Database\Exceptions\DatabaseException: Unknown column 'service_name' in 'INSERT INTO'
[Method: POST, Route: saveRoEnquiry]
in SYSTEMPATH/Database/BaseConnection.php on line 688.
 1 SYSTEMPATH/Database/BaseBuilder.php(2332): CodeIgniter\Database\BaseConnection->query()
 2 APPPATH/Models/HomeModel.php(233): CodeIgniter\Database\BaseBuilder->insert()
 3 APPPATH/Controllers/Enquiry.php(31): App\Models\HomeModel->saveRoEnquiry()
 4 SYSTEMPATH/CodeIgniter.php(933): App\Controllers\Enquiry->saveRoEnquiry()
 5 SYSTEMPATH/CodeIgniter.php(509): CodeIgniter\CodeIgniter->runController()
 6 SYSTEMPATH/CodeIgniter.php(355): CodeIgniter\CodeIgniter->handleRequest()
 7 SYSTEMPATH/Boot.php(325): CodeIgniter\CodeIgniter->run()
 8 SYSTEMPATH/Boot.php(67): CodeIgniter\Boot::runCodeIgniter()
 9 FCPATH/index.php(56): CodeIgniter\Boot::bootWeb()
CRITICAL - 2025-05-24 09:10:45 --> [Caused by] CodeIgniter\Database\Exceptions\DatabaseException: Unknown column 'service_name' in 'INSERT INTO'
in SYSTEMPATH/Database/MySQLi/Connection.php on line 317.
 1 SYSTEMPATH/Database/BaseConnection.php(734): CodeIgniter\Database\MySQLi\Connection->execute()
 2 SYSTEMPATH/Database/BaseConnection.php(648): CodeIgniter\Database\BaseConnection->simpleQuery()
 3 SYSTEMPATH/Database/BaseBuilder.php(2332): CodeIgniter\Database\BaseConnection->query()
 4 APPPATH/Models/HomeModel.php(233): CodeIgniter\Database\BaseBuilder->insert()
 5 APPPATH/Controllers/Enquiry.php(31): App\Models\HomeModel->saveRoEnquiry()
 6 SYSTEMPATH/CodeIgniter.php(933): App\Controllers\Enquiry->saveRoEnquiry()
 7 SYSTEMPATH/CodeIgniter.php(509): CodeIgniter\CodeIgniter->runController()
 8 SYSTEMPATH/CodeIgniter.php(355): CodeIgniter\CodeIgniter->handleRequest()
 9 SYSTEMPATH/Boot.php(325): CodeIgniter\CodeIgniter->run()
10 SYSTEMPATH/Boot.php(67): CodeIgniter\Boot::runCodeIgniter()
11 FCPATH/index.php(56): CodeIgniter\Boot::bootWeb()
CRITICAL - 2025-05-24 09:10:45 --> [Caused by] mysqli_sql_exception: Unknown column 'service_name' in 'INSERT INTO'
in SYSTEMPATH/Database/MySQLi/Connection.php on line 312.
 1 SYSTEMPATH/Database/MySQLi/Connection.php(312): mysqli->query()
 2 SYSTEMPATH/Database/BaseConnection.php(734): CodeIgniter\Database\MySQLi\Connection->execute()
 3 SYSTEMPATH/Database/BaseConnection.php(648): CodeIgniter\Database\BaseConnection->simpleQuery()
 4 SYSTEMPATH/Database/BaseBuilder.php(2332): CodeIgniter\Database\BaseConnection->query()
 5 APPPATH/Models/HomeModel.php(233): CodeIgniter\Database\BaseBuilder->insert()
 6 APPPATH/Controllers/Enquiry.php(31): App\Models\HomeModel->saveRoEnquiry()
 7 SYSTEMPATH/CodeIgniter.php(933): App\Controllers\Enquiry->saveRoEnquiry()
 8 SYSTEMPATH/CodeIgniter.php(509): CodeIgniter\CodeIgniter->runController()
 9 SYSTEMPATH/CodeIgniter.php(355): CodeIgniter\CodeIgniter->handleRequest()
10 SYSTEMPATH/Boot.php(325): CodeIgniter\CodeIgniter->run()
11 SYSTEMPATH/Boot.php(67): CodeIgniter\Boot::runCodeIgniter()
12 FCPATH/index.php(56): CodeIgniter\Boot::bootWeb()
ERROR - 2025-05-24 09:14:42 --> mysqli_sql_exception: Unknown column 'service_name' in 'INSERT INTO' in /home/u324612448/domains/karaaqua.com/public_html/system/Database/MySQLi/Connection.php:312
Stack trace:
#0 /home/u324612448/domains/karaaqua.com/public_html/system/Database/MySQLi/Connection.php(312): mysqli->query()
#1 /home/u324612448/domains/karaaqua.com/public_html/system/Database/BaseConnection.php(734): CodeIgniter\Database\MySQLi\Connection->execute()
#2 /home/u324612448/domains/karaaqua.com/public_html/system/Database/BaseConnection.php(648): CodeIgniter\Database\BaseConnection->simpleQuery()
#3 /home/u324612448/domains/karaaqua.com/public_html/system/Database/BaseBuilder.php(2332): CodeIgniter\Database\BaseConnection->query()
#4 /home/u324612448/domains/karaaqua.com/public_html/app/Models/HomeModel.php(233): CodeIgniter\Database\BaseBuilder->insert()
#5 /home/u324612448/domains/karaaqua.com/public_html/app/Controllers/Enquiry.php(31): App\Models\HomeModel->saveRoEnquiry()
#6 /home/u324612448/domains/karaaqua.com/public_html/system/CodeIgniter.php(933): App\Controllers\Enquiry->saveRoEnquiry()
#7 /home/u324612448/domains/karaaqua.com/public_html/system/CodeIgniter.php(509): CodeIgniter\CodeIgniter->runController()
#8 /home/u324612448/domains/karaaqua.com/public_html/system/CodeIgniter.php(355): CodeIgniter\CodeIgniter->handleRequest()
#9 /home/u324612448/domains/karaaqua.com/public_html/system/Boot.php(325): CodeIgniter\CodeIgniter->run()
#10 /home/u324612448/domains/karaaqua.com/public_html/system/Boot.php(67): CodeIgniter\Boot::runCodeIgniter()
#11 /home/u324612448/domains/karaaqua.com/public_html/index.php(56): CodeIgniter\Boot::bootWeb()
#12 {main}
CRITICAL - 2025-05-24 09:14:42 --> CodeIgniter\Database\Exceptions\DatabaseException: Unknown column 'service_name' in 'INSERT INTO'
[Method: POST, Route: saveRoEnquiry]
in SYSTEMPATH/Database/BaseConnection.php on line 688.
 1 SYSTEMPATH/Database/BaseBuilder.php(2332): CodeIgniter\Database\BaseConnection->query()
 2 APPPATH/Models/HomeModel.php(233): CodeIgniter\Database\BaseBuilder->insert()
 3 APPPATH/Controllers/Enquiry.php(31): App\Models\HomeModel->saveRoEnquiry()
 4 SYSTEMPATH/CodeIgniter.php(933): App\Controllers\Enquiry->saveRoEnquiry()
 5 SYSTEMPATH/CodeIgniter.php(509): CodeIgniter\CodeIgniter->runController()
 6 SYSTEMPATH/CodeIgniter.php(355): CodeIgniter\CodeIgniter->handleRequest()
 7 SYSTEMPATH/Boot.php(325): CodeIgniter\CodeIgniter->run()
 8 SYSTEMPATH/Boot.php(67): CodeIgniter\Boot::runCodeIgniter()
 9 FCPATH/index.php(56): CodeIgniter\Boot::bootWeb()
CRITICAL - 2025-05-24 09:14:42 --> [Caused by] CodeIgniter\Database\Exceptions\DatabaseException: Unknown column 'service_name' in 'INSERT INTO'
in SYSTEMPATH/Database/MySQLi/Connection.php on line 317.
 1 SYSTEMPATH/Database/BaseConnection.php(734): CodeIgniter\Database\MySQLi\Connection->execute()
 2 SYSTEMPATH/Database/BaseConnection.php(648): CodeIgniter\Database\BaseConnection->simpleQuery()
 3 SYSTEMPATH/Database/BaseBuilder.php(2332): CodeIgniter\Database\BaseConnection->query()
 4 APPPATH/Models/HomeModel.php(233): CodeIgniter\Database\BaseBuilder->insert()
 5 APPPATH/Controllers/Enquiry.php(31): App\Models\HomeModel->saveRoEnquiry()
 6 SYSTEMPATH/CodeIgniter.php(933): App\Controllers\Enquiry->saveRoEnquiry()
 7 SYSTEMPATH/CodeIgniter.php(509): CodeIgniter\CodeIgniter->runController()
 8 SYSTEMPATH/CodeIgniter.php(355): CodeIgniter\CodeIgniter->handleRequest()
 9 SYSTEMPATH/Boot.php(325): CodeIgniter\CodeIgniter->run()
10 SYSTEMPATH/Boot.php(67): CodeIgniter\Boot::runCodeIgniter()
11 FCPATH/index.php(56): CodeIgniter\Boot::bootWeb()
CRITICAL - 2025-05-24 09:14:42 --> [Caused by] mysqli_sql_exception: Unknown column 'service_name' in 'INSERT INTO'
in SYSTEMPATH/Database/MySQLi/Connection.php on line 312.
 1 SYSTEMPATH/Database/MySQLi/Connection.php(312): mysqli->query()
 2 SYSTEMPATH/Database/BaseConnection.php(734): CodeIgniter\Database\MySQLi\Connection->execute()
 3 SYSTEMPATH/Database/BaseConnection.php(648): CodeIgniter\Database\BaseConnection->simpleQuery()
 4 SYSTEMPATH/Database/BaseBuilder.php(2332): CodeIgniter\Database\BaseConnection->query()
 5 APPPATH/Models/HomeModel.php(233): CodeIgniter\Database\BaseBuilder->insert()
 6 APPPATH/Controllers/Enquiry.php(31): App\Models\HomeModel->saveRoEnquiry()
 7 SYSTEMPATH/CodeIgniter.php(933): App\Controllers\Enquiry->saveRoEnquiry()
 8 SYSTEMPATH/CodeIgniter.php(509): CodeIgniter\CodeIgniter->runController()
 9 SYSTEMPATH/CodeIgniter.php(355): CodeIgniter\CodeIgniter->handleRequest()
10 SYSTEMPATH/Boot.php(325): CodeIgniter\CodeIgniter->run()
11 SYSTEMPATH/Boot.php(67): CodeIgniter\Boot::runCodeIgniter()
12 FCPATH/index.php(56): CodeIgniter\Boot::bootWeb()
ERROR - 2025-05-24 09:15:05 --> mysqli_sql_exception: Unknown column 'service_name' in 'INSERT INTO' in /home/u324612448/domains/karaaqua.com/public_html/system/Database/MySQLi/Connection.php:312
Stack trace:
#0 /home/u324612448/domains/karaaqua.com/public_html/system/Database/MySQLi/Connection.php(312): mysqli->query()
#1 /home/u324612448/domains/karaaqua.com/public_html/system/Database/BaseConnection.php(734): CodeIgniter\Database\MySQLi\Connection->execute()
#2 /home/u324612448/domains/karaaqua.com/public_html/system/Database/BaseConnection.php(648): CodeIgniter\Database\BaseConnection->simpleQuery()
#3 /home/u324612448/domains/karaaqua.com/public_html/system/Database/BaseBuilder.php(2332): CodeIgniter\Database\BaseConnection->query()
#4 /home/u324612448/domains/karaaqua.com/public_html/app/Models/HomeModel.php(233): CodeIgniter\Database\BaseBuilder->insert()
#5 /home/u324612448/domains/karaaqua.com/public_html/app/Controllers/Enquiry.php(31): App\Models\HomeModel->saveRoEnquiry()
#6 /home/u324612448/domains/karaaqua.com/public_html/system/CodeIgniter.php(933): App\Controllers\Enquiry->saveRoEnquiry()
#7 /home/u324612448/domains/karaaqua.com/public_html/system/CodeIgniter.php(509): CodeIgniter\CodeIgniter->runController()
#8 /home/u324612448/domains/karaaqua.com/public_html/system/CodeIgniter.php(355): CodeIgniter\CodeIgniter->handleRequest()
#9 /home/u324612448/domains/karaaqua.com/public_html/system/Boot.php(325): CodeIgniter\CodeIgniter->run()
#10 /home/u324612448/domains/karaaqua.com/public_html/system/Boot.php(67): CodeIgniter\Boot::runCodeIgniter()
#11 /home/u324612448/domains/karaaqua.com/public_html/index.php(56): CodeIgniter\Boot::bootWeb()
#12 {main}
CRITICAL - 2025-05-24 09:15:05 --> CodeIgniter\Database\Exceptions\DatabaseException: Unknown column 'service_name' in 'INSERT INTO'
[Method: POST, Route: saveRoEnquiry]
in SYSTEMPATH/Database/BaseConnection.php on line 688.
 1 SYSTEMPATH/Database/BaseBuilder.php(2332): CodeIgniter\Database\BaseConnection->query()
 2 APPPATH/Models/HomeModel.php(233): CodeIgniter\Database\BaseBuilder->insert()
 3 APPPATH/Controllers/Enquiry.php(31): App\Models\HomeModel->saveRoEnquiry()
 4 SYSTEMPATH/CodeIgniter.php(933): App\Controllers\Enquiry->saveRoEnquiry()
 5 SYSTEMPATH/CodeIgniter.php(509): CodeIgniter\CodeIgniter->runController()
 6 SYSTEMPATH/CodeIgniter.php(355): CodeIgniter\CodeIgniter->handleRequest()
 7 SYSTEMPATH/Boot.php(325): CodeIgniter\CodeIgniter->run()
 8 SYSTEMPATH/Boot.php(67): CodeIgniter\Boot::runCodeIgniter()
 9 FCPATH/index.php(56): CodeIgniter\Boot::bootWeb()
CRITICAL - 2025-05-24 09:15:05 --> [Caused by] CodeIgniter\Database\Exceptions\DatabaseException: Unknown column 'service_name' in 'INSERT INTO'
in SYSTEMPATH/Database/MySQLi/Connection.php on line 317.
 1 SYSTEMPATH/Database/BaseConnection.php(734): CodeIgniter\Database\MySQLi\Connection->execute()
 2 SYSTEMPATH/Database/BaseConnection.php(648): CodeIgniter\Database\BaseConnection->simpleQuery()
 3 SYSTEMPATH/Database/BaseBuilder.php(2332): CodeIgniter\Database\BaseConnection->query()
 4 APPPATH/Models/HomeModel.php(233): CodeIgniter\Database\BaseBuilder->insert()
 5 APPPATH/Controllers/Enquiry.php(31): App\Models\HomeModel->saveRoEnquiry()
 6 SYSTEMPATH/CodeIgniter.php(933): App\Controllers\Enquiry->saveRoEnquiry()
 7 SYSTEMPATH/CodeIgniter.php(509): CodeIgniter\CodeIgniter->runController()
 8 SYSTEMPATH/CodeIgniter.php(355): CodeIgniter\CodeIgniter->handleRequest()
 9 SYSTEMPATH/Boot.php(325): CodeIgniter\CodeIgniter->run()
10 SYSTEMPATH/Boot.php(67): CodeIgniter\Boot::runCodeIgniter()
11 FCPATH/index.php(56): CodeIgniter\Boot::bootWeb()
CRITICAL - 2025-05-24 09:15:05 --> [Caused by] mysqli_sql_exception: Unknown column 'service_name' in 'INSERT INTO'
in SYSTEMPATH/Database/MySQLi/Connection.php on line 312.
 1 SYSTEMPATH/Database/MySQLi/Connection.php(312): mysqli->query()
 2 SYSTEMPATH/Database/BaseConnection.php(734): CodeIgniter\Database\MySQLi\Connection->execute()
 3 SYSTEMPATH/Database/BaseConnection.php(648): CodeIgniter\Database\BaseConnection->simpleQuery()
 4 SYSTEMPATH/Database/BaseBuilder.php(2332): CodeIgniter\Database\BaseConnection->query()
 5 APPPATH/Models/HomeModel.php(233): CodeIgniter\Database\BaseBuilder->insert()
 6 APPPATH/Controllers/Enquiry.php(31): App\Models\HomeModel->saveRoEnquiry()
 7 SYSTEMPATH/CodeIgniter.php(933): App\Controllers\Enquiry->saveRoEnquiry()
 8 SYSTEMPATH/CodeIgniter.php(509): CodeIgniter\CodeIgniter->runController()
 9 SYSTEMPATH/CodeIgniter.php(355): CodeIgniter\CodeIgniter->handleRequest()
10 SYSTEMPATH/Boot.php(325): CodeIgniter\CodeIgniter->run()
11 SYSTEMPATH/Boot.php(67): CodeIgniter\Boot::runCodeIgniter()
12 FCPATH/index.php(56): CodeIgniter\Boot::bootWeb()
ERROR - 2025-05-24 09:16:14 --> mysqli_sql_exception: Unknown column 'service_name' in 'INSERT INTO' in /home/u324612448/domains/karaaqua.com/public_html/system/Database/MySQLi/Connection.php:312
Stack trace:
#0 /home/u324612448/domains/karaaqua.com/public_html/system/Database/MySQLi/Connection.php(312): mysqli->query()
#1 /home/u324612448/domains/karaaqua.com/public_html/system/Database/BaseConnection.php(734): CodeIgniter\Database\MySQLi\Connection->execute()
#2 /home/u324612448/domains/karaaqua.com/public_html/system/Database/BaseConnection.php(648): CodeIgniter\Database\BaseConnection->simpleQuery()
#3 /home/u324612448/domains/karaaqua.com/public_html/system/Database/BaseBuilder.php(2332): CodeIgniter\Database\BaseConnection->query()
#4 /home/u324612448/domains/karaaqua.com/public_html/app/Models/HomeModel.php(233): CodeIgniter\Database\BaseBuilder->insert()
#5 /home/u324612448/domains/karaaqua.com/public_html/app/Controllers/Enquiry.php(31): App\Models\HomeModel->saveRoEnquiry()
#6 /home/u324612448/domains/karaaqua.com/public_html/system/CodeIgniter.php(933): App\Controllers\Enquiry->saveRoEnquiry()
#7 /home/u324612448/domains/karaaqua.com/public_html/system/CodeIgniter.php(509): CodeIgniter\CodeIgniter->runController()
#8 /home/u324612448/domains/karaaqua.com/public_html/system/CodeIgniter.php(355): CodeIgniter\CodeIgniter->handleRequest()
#9 /home/u324612448/domains/karaaqua.com/public_html/system/Boot.php(325): CodeIgniter\CodeIgniter->run()
#10 /home/u324612448/domains/karaaqua.com/public_html/system/Boot.php(67): CodeIgniter\Boot::runCodeIgniter()
#11 /home/u324612448/domains/karaaqua.com/public_html/index.php(56): CodeIgniter\Boot::bootWeb()
#12 {main}
CRITICAL - 2025-05-24 09:16:14 --> CodeIgniter\Database\Exceptions\DatabaseException: Unknown column 'service_name' in 'INSERT INTO'
[Method: POST, Route: saveRoEnquiry]
in SYSTEMPATH/Database/BaseConnection.php on line 688.
 1 SYSTEMPATH/Database/BaseBuilder.php(2332): CodeIgniter\Database\BaseConnection->query()
 2 APPPATH/Models/HomeModel.php(233): CodeIgniter\Database\BaseBuilder->insert()
 3 APPPATH/Controllers/Enquiry.php(31): App\Models\HomeModel->saveRoEnquiry()
 4 SYSTEMPATH/CodeIgniter.php(933): App\Controllers\Enquiry->saveRoEnquiry()
 5 SYSTEMPATH/CodeIgniter.php(509): CodeIgniter\CodeIgniter->runController()
 6 SYSTEMPATH/CodeIgniter.php(355): CodeIgniter\CodeIgniter->handleRequest()
 7 SYSTEMPATH/Boot.php(325): CodeIgniter\CodeIgniter->run()
 8 SYSTEMPATH/Boot.php(67): CodeIgniter\Boot::runCodeIgniter()
 9 FCPATH/index.php(56): CodeIgniter\Boot::bootWeb()
CRITICAL - 2025-05-24 09:16:14 --> [Caused by] CodeIgniter\Database\Exceptions\DatabaseException: Unknown column 'service_name' in 'INSERT INTO'
in SYSTEMPATH/Database/MySQLi/Connection.php on line 317.
 1 SYSTEMPATH/Database/BaseConnection.php(734): CodeIgniter\Database\MySQLi\Connection->execute()
 2 SYSTEMPATH/Database/BaseConnection.php(648): CodeIgniter\Database\BaseConnection->simpleQuery()
 3 SYSTEMPATH/Database/BaseBuilder.php(2332): CodeIgniter\Database\BaseConnection->query()
 4 APPPATH/Models/HomeModel.php(233): CodeIgniter\Database\BaseBuilder->insert()
 5 APPPATH/Controllers/Enquiry.php(31): App\Models\HomeModel->saveRoEnquiry()
 6 SYSTEMPATH/CodeIgniter.php(933): App\Controllers\Enquiry->saveRoEnquiry()
 7 SYSTEMPATH/CodeIgniter.php(509): CodeIgniter\CodeIgniter->runController()
 8 SYSTEMPATH/CodeIgniter.php(355): CodeIgniter\CodeIgniter->handleRequest()
 9 SYSTEMPATH/Boot.php(325): CodeIgniter\CodeIgniter->run()
10 SYSTEMPATH/Boot.php(67): CodeIgniter\Boot::runCodeIgniter()
11 FCPATH/index.php(56): CodeIgniter\Boot::bootWeb()
CRITICAL - 2025-05-24 09:16:14 --> [Caused by] mysqli_sql_exception: Unknown column 'service_name' in 'INSERT INTO'
in SYSTEMPATH/Database/MySQLi/Connection.php on line 312.
 1 SYSTEMPATH/Database/MySQLi/Connection.php(312): mysqli->query()
 2 SYSTEMPATH/Database/BaseConnection.php(734): CodeIgniter\Database\MySQLi\Connection->execute()
 3 SYSTEMPATH/Database/BaseConnection.php(648): CodeIgniter\Database\BaseConnection->simpleQuery()
 4 SYSTEMPATH/Database/BaseBuilder.php(2332): CodeIgniter\Database\BaseConnection->query()
 5 APPPATH/Models/HomeModel.php(233): CodeIgniter\Database\BaseBuilder->insert()
 6 APPPATH/Controllers/Enquiry.php(31): App\Models\HomeModel->saveRoEnquiry()
 7 SYSTEMPATH/CodeIgniter.php(933): App\Controllers\Enquiry->saveRoEnquiry()
 8 SYSTEMPATH/CodeIgniter.php(509): CodeIgniter\CodeIgniter->runController()
 9 SYSTEMPATH/CodeIgniter.php(355): CodeIgniter\CodeIgniter->handleRequest()
10 SYSTEMPATH/Boot.php(325): CodeIgniter\CodeIgniter->run()
11 SYSTEMPATH/Boot.php(67): CodeIgniter\Boot::runCodeIgniter()
12 FCPATH/index.php(56): CodeIgniter\Boot::bootWeb()
CRITICAL - 2025-05-24 10:29:00 --> ErrorException: Trying to access array offset on value of type null
[Method: GET, Route: product/karaaqualine-series-1003]
in APPPATH/Controllers/Home.php on line 459.
 1 APPPATH/Controllers/Home.php(459): CodeIgniter\Debug\Exceptions->errorHandler()
 2 SYSTEMPATH/CodeIgniter.php(933): App\Controllers\Home->productDetails()
 3 SYSTEMPATH/CodeIgniter.php(509): CodeIgniter\CodeIgniter->runController()
 4 SYSTEMPATH/CodeIgniter.php(355): CodeIgniter\CodeIgniter->handleRequest()
 5 SYSTEMPATH/Boot.php(325): CodeIgniter\CodeIgniter->run()
 6 SYSTEMPATH/Boot.php(67): CodeIgniter\Boot::runCodeIgniter()
 7 FCPATH/index.php(56): CodeIgniter\Boot::bootWeb()
CRITICAL - 2025-05-24 15:01:55 --> ErrorException: Trying to access array offset on value of type null
[Method: GET, Route: blog/hardwork-is-needed-for-plumbing]
in APPPATH/Controllers/Home.php on line 194.
 1 APPPATH/Controllers/Home.php(194): CodeIgniter\Debug\Exceptions->errorHandler()
 2 SYSTEMPATH/CodeIgniter.php(933): App\Controllers\Home->blog()
 3 SYSTEMPATH/CodeIgniter.php(509): CodeIgniter\CodeIgniter->runController()
 4 SYSTEMPATH/CodeIgniter.php(355): CodeIgniter\CodeIgniter->handleRequest()
 5 SYSTEMPATH/Boot.php(325): CodeIgniter\CodeIgniter->run()
 6 SYSTEMPATH/Boot.php(67): CodeIgniter\Boot::runCodeIgniter()
 7 FCPATH/index.php(56): CodeIgniter\Boot::bootWeb()
CRITICAL - 2025-05-24 21:23:32 --> ErrorException: Trying to access array offset on value of type null
[Method: GET, Route: blog/hardwork-is-needed-for-plumbing]
in APPPATH/Controllers/Home.php on line 194.
 1 APPPATH/Controllers/Home.php(194): CodeIgniter\Debug\Exceptions->errorHandler()
 2 SYSTEMPATH/CodeIgniter.php(933): App\Controllers\Home->blog()
 3 SYSTEMPATH/CodeIgniter.php(509): CodeIgniter\CodeIgniter->runController()
 4 SYSTEMPATH/CodeIgniter.php(355): CodeIgniter\CodeIgniter->handleRequest()
 5 SYSTEMPATH/Boot.php(325): CodeIgniter\CodeIgniter->run()
 6 SYSTEMPATH/Boot.php(67): CodeIgniter\Boot::runCodeIgniter()
 7 FCPATH/index.php(56): CodeIgniter\Boot::bootWeb()
