CRITICAL - 2025-06-30 11:55:51 --> Error: Class "App\Models\DashboardModel" not found
[Method: GET, Route: user-dashboard]
in APPPATH\Controllers\Dashboard.php on line 20.
 1 SYSTEMPATH\CodeIgniter.php(903): App\Controllers\Dashboard->__construct()
 2 SYSTEMPATH\CodeIgniter.php(500): CodeIgniter\CodeIgniter->createController()
 3 SYSTEMPATH\CodeIgniter.php(355): CodeIgniter\CodeIgniter->handleRequest(null, Object(Config\Cache), false)
 4 SYSTEMPATH\Boot.php(325): CodeIgniter\CodeIgniter->run()
 5 SYSTEMPATH\Boot.php(67): CodeIgniter\Boot::runCodeIgniter(Object(CodeIgniter\CodeIgniter))
 6 FCPATH\index.php(56): CodeIgniter\Boot::bootWeb(Object(Config\Paths))
CRITICAL - 2025-06-30 12:05:08 --> ErrorException: Undefined variable $title
[Method: GET, Route: user-dashboard]
in APPPATH\Views\dashboard\common\header.php on line 20.
 1 APPPATH\Views\dashboard\common\header.php(20): CodeIgniter\Debug\Exceptions->errorHandler(2, 'Undefined variable $title', 'E:\\xampp\\htdocs\\kara-aqua\\app\\Views\\dashboard\\common\\header.php', 20)
 2 SYSTEMPATH\View\View.php(234): include('E:\\xampp\\htdocs\\kara-aqua\\app\\Views\\dashboard\\common\\header.php')
 3 SYSTEMPATH\View\View.php(237): CodeIgniter\View\View->CodeIgniter\View\{closure}()
 4 SYSTEMPATH\Common.php(1171): CodeIgniter\View\View->render('dashboard/common/header', [], true)
 5 APPPATH\Controllers\BaseController.php(79): view('dashboard/common/header', [])
 6 APPPATH\Controllers\Dashboard.php(25): App\Controllers\BaseController->dashboardLoad('user-dashboard')
 7 SYSTEMPATH\CodeIgniter.php(933): App\Controllers\Dashboard->userDashboard()
 8 SYSTEMPATH\CodeIgniter.php(509): CodeIgniter\CodeIgniter->runController(Object(App\Controllers\Dashboard))
 9 SYSTEMPATH\CodeIgniter.php(355): CodeIgniter\CodeIgniter->handleRequest(null, Object(Config\Cache), false)
10 SYSTEMPATH\Boot.php(325): CodeIgniter\CodeIgniter->run()
11 SYSTEMPATH\Boot.php(67): CodeIgniter\Boot::runCodeIgniter(Object(CodeIgniter\CodeIgniter))
12 FCPATH\index.php(56): CodeIgniter\Boot::bootWeb(Object(Config\Paths))
CRITICAL - 2025-06-30 12:06:03 --> ErrorException: Undefined variable $header_script
[Method: GET, Route: user-dashboard]
in APPPATH\Views\dashboard\common\header.php on line 50.
 1 APPPATH\Views\dashboard\common\header.php(50): CodeIgniter\Debug\Exceptions->errorHandler(2, 'Undefined variable $header_script', 'E:\\xampp\\htdocs\\kara-aqua\\app\\Views\\dashboard\\common\\header.php', 50)
 2 SYSTEMPATH\View\View.php(234): include('E:\\xampp\\htdocs\\kara-aqua\\app\\Views\\dashboard\\common\\header.php')
 3 SYSTEMPATH\View\View.php(237): CodeIgniter\View\View->CodeIgniter\View\{closure}()
 4 SYSTEMPATH\Common.php(1171): CodeIgniter\View\View->render('dashboard/common/header', [], true)
 5 APPPATH\Controllers\BaseController.php(79): view('dashboard/common/header', [...])
 6 APPPATH\Controllers\Dashboard.php(29): App\Controllers\BaseController->dashboardLoad('user-dashboard', [...])
 7 SYSTEMPATH\CodeIgniter.php(933): App\Controllers\Dashboard->userDashboard()
 8 SYSTEMPATH\CodeIgniter.php(509): CodeIgniter\CodeIgniter->runController(Object(App\Controllers\Dashboard))
 9 SYSTEMPATH\CodeIgniter.php(355): CodeIgniter\CodeIgniter->handleRequest(null, Object(Config\Cache), false)
10 SYSTEMPATH\Boot.php(325): CodeIgniter\CodeIgniter->run()
11 SYSTEMPATH\Boot.php(67): CodeIgniter\Boot::runCodeIgniter(Object(CodeIgniter\CodeIgniter))
12 FCPATH\index.php(56): CodeIgniter\Boot::bootWeb(Object(Config\Paths))
CRITICAL - 2025-06-30 12:51:56 --> ErrorException: Undefined array key "amount"
[Method: GET, Route: dashboard/orders]
in APPPATH\Views\dashboard\order.php on line 23.
 1 APPPATH\Views\dashboard\order.php(23): CodeIgniter\Debug\Exceptions->errorHandler(2, 'Undefined array key "amount"', 'E:\\xampp\\htdocs\\kara-aqua\\app\\Views\\dashboard\\order.php', 23)
 2 SYSTEMPATH\View\View.php(234): include('E:\\xampp\\htdocs\\kara-aqua\\app\\Views\\dashboard\\order.php')
 3 SYSTEMPATH\View\View.php(237): CodeIgniter\View\View->CodeIgniter\View\{closure}()
 4 SYSTEMPATH\Common.php(1171): CodeIgniter\View\View->render('dashboard/order', [], true)
 5 APPPATH\Controllers\BaseController.php(80): view('dashboard/order', [...])
 6 APPPATH\Controllers\Dashboard.php(43): App\Controllers\BaseController->dashboardLoad('order', [...])
 7 SYSTEMPATH\CodeIgniter.php(933): App\Controllers\Dashboard->userOrderList()
 8 SYSTEMPATH\CodeIgniter.php(509): CodeIgniter\CodeIgniter->runController(Object(App\Controllers\Dashboard))
 9 SYSTEMPATH\CodeIgniter.php(355): CodeIgniter\CodeIgniter->handleRequest(null, Object(Config\Cache), false)
10 SYSTEMPATH\Boot.php(325): CodeIgniter\CodeIgniter->run()
11 SYSTEMPATH\Boot.php(67): CodeIgniter\Boot::runCodeIgniter(Object(CodeIgniter\CodeIgniter))
12 FCPATH\index.php(56): CodeIgniter\Boot::bootWeb(Object(Config\Paths))
CRITICAL - 2025-06-30 12:52:19 --> ErrorException: Undefined array key "amount"
[Method: GET, Route: dashboard/orders]
in APPPATH\Views\dashboard\order.php on line 19.
 1 APPPATH\Views\dashboard\order.php(19): CodeIgniter\Debug\Exceptions->errorHandler(2, 'Undefined array key "amount"', 'E:\\xampp\\htdocs\\kara-aqua\\app\\Views\\dashboard\\order.php', 19)
 2 SYSTEMPATH\View\View.php(234): include('E:\\xampp\\htdocs\\kara-aqua\\app\\Views\\dashboard\\order.php')
 3 SYSTEMPATH\View\View.php(237): CodeIgniter\View\View->CodeIgniter\View\{closure}()
 4 SYSTEMPATH\Common.php(1171): CodeIgniter\View\View->render('dashboard/order', [], true)
 5 APPPATH\Controllers\BaseController.php(80): view('dashboard/order', [...])
 6 APPPATH\Controllers\Dashboard.php(43): App\Controllers\BaseController->dashboardLoad('order', [...])
 7 SYSTEMPATH\CodeIgniter.php(933): App\Controllers\Dashboard->userOrderList()
 8 SYSTEMPATH\CodeIgniter.php(509): CodeIgniter\CodeIgniter->runController(Object(App\Controllers\Dashboard))
 9 SYSTEMPATH\CodeIgniter.php(355): CodeIgniter\CodeIgniter->handleRequest(null, Object(Config\Cache), false)
10 SYSTEMPATH\Boot.php(325): CodeIgniter\CodeIgniter->run()
11 SYSTEMPATH\Boot.php(67): CodeIgniter\Boot::runCodeIgniter(Object(CodeIgniter\CodeIgniter))
12 FCPATH\index.php(56): CodeIgniter\Boot::bootWeb(Object(Config\Paths))
CRITICAL - 2025-06-30 12:52:33 --> ErrorException: Undefined array key "amount"
[Method: GET, Route: dashboard/orders]
in APPPATH\Views\dashboard\order.php on line 24.
 1 APPPATH\Views\dashboard\order.php(24): CodeIgniter\Debug\Exceptions->errorHandler(2, 'Undefined array key "amount"', 'E:\\xampp\\htdocs\\kara-aqua\\app\\Views\\dashboard\\order.php', 24)
 2 SYSTEMPATH\View\View.php(234): include('E:\\xampp\\htdocs\\kara-aqua\\app\\Views\\dashboard\\order.php')
 3 SYSTEMPATH\View\View.php(237): CodeIgniter\View\View->CodeIgniter\View\{closure}()
 4 SYSTEMPATH\Common.php(1171): CodeIgniter\View\View->render('dashboard/order', [], true)
 5 APPPATH\Controllers\BaseController.php(80): view('dashboard/order', [...])
 6 APPPATH\Controllers\Dashboard.php(43): App\Controllers\BaseController->dashboardLoad('order', [...])
 7 SYSTEMPATH\CodeIgniter.php(933): App\Controllers\Dashboard->userOrderList()
 8 SYSTEMPATH\CodeIgniter.php(509): CodeIgniter\CodeIgniter->runController(Object(App\Controllers\Dashboard))
 9 SYSTEMPATH\CodeIgniter.php(355): CodeIgniter\CodeIgniter->handleRequest(null, Object(Config\Cache), false)
10 SYSTEMPATH\Boot.php(325): CodeIgniter\CodeIgniter->run()
11 SYSTEMPATH\Boot.php(67): CodeIgniter\Boot::runCodeIgniter(Object(CodeIgniter\CodeIgniter))
12 FCPATH\index.php(56): CodeIgniter\Boot::bootWeb(Object(Config\Paths))
CRITICAL - 2025-06-30 12:59:26 --> ErrorException: Undefined array key "user_id"
[Method: GET, Route: dashboard/orders]
in APPPATH\Controllers\Dashboard.php on line 35.
 1 APPPATH\Controllers\Dashboard.php(35): CodeIgniter\Debug\Exceptions->errorHandler(2, 'Undefined array key "user_id"', 'E:\\xampp\\htdocs\\kara-aqua\\app\\Controllers\\Dashboard.php', 35)
 2 SYSTEMPATH\CodeIgniter.php(933): App\Controllers\Dashboard->userOrderList()
 3 SYSTEMPATH\CodeIgniter.php(509): CodeIgniter\CodeIgniter->runController(Object(App\Controllers\Dashboard))
 4 SYSTEMPATH\CodeIgniter.php(355): CodeIgniter\CodeIgniter->handleRequest(null, Object(Config\Cache), false)
 5 SYSTEMPATH\Boot.php(325): CodeIgniter\CodeIgniter->run()
 6 SYSTEMPATH\Boot.php(67): CodeIgniter\Boot::runCodeIgniter(Object(CodeIgniter\CodeIgniter))
 7 FCPATH\index.php(56): CodeIgniter\Boot::bootWeb(Object(Config\Paths))
CRITICAL - 2025-06-30 13:03:08 --> ErrorException: session_destroy(): Trying to destroy uninitialized session
[Method: GET, Route: user-logout]
in SYSTEMPATH\Session\Session.php on line 435.
 1 [internal function]: CodeIgniter\Debug\Exceptions->errorHandler(2, 'session_destroy(): Trying to destroy uninitialized session', 'E:\\xampp\\htdocs\\kara-aqua\\system\\Session\\Session.php', 435)
 2 SYSTEMPATH\Session\Session.php(435): session_destroy()
 3 APPPATH\Controllers\Dashboard.php(48): CodeIgniter\Session\Session->destroy('isUserLoggedIn')
 4 SYSTEMPATH\CodeIgniter.php(933): App\Controllers\Dashboard->userlogout()
 5 SYSTEMPATH\CodeIgniter.php(509): CodeIgniter\CodeIgniter->runController(Object(App\Controllers\Dashboard))
 6 SYSTEMPATH\CodeIgniter.php(355): CodeIgniter\CodeIgniter->handleRequest(null, Object(Config\Cache), false)
 7 SYSTEMPATH\Boot.php(325): CodeIgniter\CodeIgniter->run()
 8 SYSTEMPATH\Boot.php(67): CodeIgniter\Boot::runCodeIgniter(Object(CodeIgniter\CodeIgniter))
 9 FCPATH\index.php(56): CodeIgniter\Boot::bootWeb(Object(Config\Paths))
CRITICAL - 2025-06-30 13:03:36 --> ErrorException: session_destroy(): Trying to destroy uninitialized session
[Method: GET, Route: user-logout]
in SYSTEMPATH\Session\Session.php on line 435.
 1 [internal function]: CodeIgniter\Debug\Exceptions->errorHandler(2, 'session_destroy(): Trying to destroy uninitialized session', 'E:\\xampp\\htdocs\\kara-aqua\\system\\Session\\Session.php', 435)
 2 SYSTEMPATH\Session\Session.php(435): session_destroy()
 3 APPPATH\Controllers\Dashboard.php(48): CodeIgniter\Session\Session->destroy('isUserLoggedIn')
 4 SYSTEMPATH\CodeIgniter.php(933): App\Controllers\Dashboard->userlogout()
 5 SYSTEMPATH\CodeIgniter.php(509): CodeIgniter\CodeIgniter->runController(Object(App\Controllers\Dashboard))
 6 SYSTEMPATH\CodeIgniter.php(355): CodeIgniter\CodeIgniter->handleRequest(null, Object(Config\Cache), false)
 7 SYSTEMPATH\Boot.php(325): CodeIgniter\CodeIgniter->run()
 8 SYSTEMPATH\Boot.php(67): CodeIgniter\Boot::runCodeIgniter(Object(CodeIgniter\CodeIgniter))
 9 FCPATH\index.php(56): CodeIgniter\Boot::bootWeb(Object(Config\Paths))
CRITICAL - 2025-06-30 13:03:49 --> ErrorException: session_destroy(): Trying to destroy uninitialized session
[Method: GET, Route: user-logout]
in SYSTEMPATH\Session\Session.php on line 435.
 1 [internal function]: CodeIgniter\Debug\Exceptions->errorHandler(2, 'session_destroy(): Trying to destroy uninitialized session', 'E:\\xampp\\htdocs\\kara-aqua\\system\\Session\\Session.php', 435)
 2 SYSTEMPATH\Session\Session.php(435): session_destroy()
 3 APPPATH\Controllers\Dashboard.php(48): CodeIgniter\Session\Session->destroy('isUserLoggedIn')
 4 SYSTEMPATH\CodeIgniter.php(933): App\Controllers\Dashboard->userlogout()
 5 SYSTEMPATH\CodeIgniter.php(509): CodeIgniter\CodeIgniter->runController(Object(App\Controllers\Dashboard))
 6 SYSTEMPATH\CodeIgniter.php(355): CodeIgniter\CodeIgniter->handleRequest(null, Object(Config\Cache), false)
 7 SYSTEMPATH\Boot.php(325): CodeIgniter\CodeIgniter->run()
 8 SYSTEMPATH\Boot.php(67): CodeIgniter\Boot::runCodeIgniter(Object(CodeIgniter\CodeIgniter))
 9 FCPATH\index.php(56): CodeIgniter\Boot::bootWeb(Object(Config\Paths))
ERROR - 2025-06-30 13:08:52 --> Error connecting to the database: mysqli_sql_exception: No connection could be made because the target machine actively refused it in E:\xampp\htdocs\kara-aqua\system\Database\MySQLi\Connection.php:187
Stack trace:
#0 E:\xampp\htdocs\kara-aqua\system\Database\MySQLi\Connection.php(187): mysqli->real_connect('localhost', 'root', '', 'kara_18_06_2025', 3306, '', 0)
#1 E:\xampp\htdocs\kara-aqua\system\Database\BaseConnection.php(421): CodeIgniter\Database\MySQLi\Connection->connect(false)
#2 E:\xampp\htdocs\kara-aqua\system\Database\BaseConnection.php(616): CodeIgniter\Database\BaseConnection->initialize()
#3 E:\xampp\htdocs\kara-aqua\system\Database\BaseBuilder.php(1636): CodeIgniter\Database\BaseConnection->query('SELECT *\nFROM `...', Array, false)
#4 E:\xampp\htdocs\kara-aqua\app\Models\Admin\AdminModel.php(17): CodeIgniter\Database\BaseBuilder->get()
#5 E:\xampp\htdocs\kara-aqua\app\Controllers\Admin\Login.php(49): App\Models\Admin\AdminModel->loginValify('admin@gmail.com', 'f19b8dc2029cf70...')
#6 E:\xampp\htdocs\kara-aqua\system\CodeIgniter.php(933): App\Controllers\Admin\Login->adminlogin()
#7 E:\xampp\htdocs\kara-aqua\system\CodeIgniter.php(509): CodeIgniter\CodeIgniter->runController(Object(App\Controllers\Admin\Login))
#8 E:\xampp\htdocs\kara-aqua\system\CodeIgniter.php(355): CodeIgniter\CodeIgniter->handleRequest(NULL, Object(Config\Cache), false)
#9 E:\xampp\htdocs\kara-aqua\system\Boot.php(325): CodeIgniter\CodeIgniter->run()
#10 E:\xampp\htdocs\kara-aqua\system\Boot.php(67): CodeIgniter\Boot::runCodeIgniter(Object(CodeIgniter\CodeIgniter))
#11 E:\xampp\htdocs\kara-aqua\index.php(56): CodeIgniter\Boot::bootWeb(Object(Config\Paths))
#12 {main}

Next CodeIgniter\Database\Exceptions\DatabaseException: No connection could be made because the target machine actively refused it in E:\xampp\htdocs\kara-aqua\system\Database\MySQLi\Connection.php:231
Stack trace:
#0 E:\xampp\htdocs\kara-aqua\system\Database\BaseConnection.php(421): CodeIgniter\Database\MySQLi\Connection->connect(false)
#1 E:\xampp\htdocs\kara-aqua\system\Database\BaseConnection.php(616): CodeIgniter\Database\BaseConnection->initialize()
#2 E:\xampp\htdocs\kara-aqua\system\Database\BaseBuilder.php(1636): CodeIgniter\Database\BaseConnection->query('SELECT *\nFROM `...', Array, false)
#3 E:\xampp\htdocs\kara-aqua\app\Models\Admin\AdminModel.php(17): CodeIgniter\Database\BaseBuilder->get()
#4 E:\xampp\htdocs\kara-aqua\app\Controllers\Admin\Login.php(49): App\Models\Admin\AdminModel->loginValify('admin@gmail.com', 'f19b8dc2029cf70...')
#5 E:\xampp\htdocs\kara-aqua\system\CodeIgniter.php(933): App\Controllers\Admin\Login->adminlogin()
#6 E:\xampp\htdocs\kara-aqua\system\CodeIgniter.php(509): CodeIgniter\CodeIgniter->runController(Object(App\Controllers\Admin\Login))
#7 E:\xampp\htdocs\kara-aqua\system\CodeIgniter.php(355): CodeIgniter\CodeIgniter->handleRequest(NULL, Object(Config\Cache), false)
#8 E:\xampp\htdocs\kara-aqua\system\Boot.php(325): CodeIgniter\CodeIgniter->run()
#9 E:\xampp\htdocs\kara-aqua\system\Boot.php(67): CodeIgniter\Boot::runCodeIgniter(Object(CodeIgniter\CodeIgniter))
#10 E:\xampp\htdocs\kara-aqua\index.php(56): CodeIgniter\Boot::bootWeb(Object(Config\Paths))
#11 {main}
CRITICAL - 2025-06-30 13:08:52 --> CodeIgniter\Database\Exceptions\DatabaseException: Unable to connect to the database.
Main connection [MySQLi]: No connection could be made because the target machine actively refused it
[Method: POST, Route: admin/User/adminlogin]
in SYSTEMPATH\Database\BaseConnection.php on line 467.
 1 SYSTEMPATH\Database\BaseConnection.php(616): CodeIgniter\Database\BaseConnection->initialize()
 2 SYSTEMPATH\Database\BaseBuilder.php(1636): CodeIgniter\Database\BaseConnection->query('SELECT *
FROM `user`
WHERE `email` = :email:
AND `password` = :password:
AND `status` = :status:', [...], false)
 3 APPPATH\Models\Admin\AdminModel.php(17): CodeIgniter\Database\BaseBuilder->get()
 4 APPPATH\Controllers\Admin\Login.php(49): App\Models\Admin\AdminModel->loginValify('admin@gmail.com', 'f19b8dc2029cf707939e886e4b164681')
 5 SYSTEMPATH\CodeIgniter.php(933): App\Controllers\Admin\Login->adminlogin()
 6 SYSTEMPATH\CodeIgniter.php(509): CodeIgniter\CodeIgniter->runController(Object(App\Controllers\Admin\Login))
 7 SYSTEMPATH\CodeIgniter.php(355): CodeIgniter\CodeIgniter->handleRequest(null, Object(Config\Cache), false)
 8 SYSTEMPATH\Boot.php(325): CodeIgniter\CodeIgniter->run()
 9 SYSTEMPATH\Boot.php(67): CodeIgniter\Boot::runCodeIgniter(Object(CodeIgniter\CodeIgniter))
10 FCPATH\index.php(56): CodeIgniter\Boot::bootWeb(Object(Config\Paths))
